

================================================================
== Vitis HLS Report for 'generic_tanh_double_s'
================================================================
* Date:           Thu Jan 15 17:48:35 2026

* Version:        2020.2 (Build 3064766 on Wed Nov 18 09:12:45 MST 2020)
* Project:        PBDHLS
* Solution:       solution1 (Vivado IP Flow Target)
* Product family: virtex7
* Target device:  xc7vx485t-ffg1157-1


================================================================
== Performance Estimates
================================================================
+ Timing: 
    * Summary: 
    +--------+----------+-----------+------------+
    |  Clock |  Target  | Estimated | Uncertainty|
    +--------+----------+-----------+------------+
    |ap_clk  |  20.00 ns|  14.489 ns|     5.40 ns|
    +--------+----------+-----------+------------+

+ Latency: 
    * Summary: 
    +---------+---------+----------+----------+-----+-----+---------+
    |  Latency (cycles) |  Latency (absolute) |  Interval | Pipeline|
    |   min   |   max   |    min   |    max   | min | max |   Type  |
    +---------+---------+----------+----------+-----+-----+---------+
    |       38|       38|  0.760 us|  0.760 us|    1|    1|      yes|
    +---------+---------+----------+----------+-----+-----+---------+

    + Detail: 
        * Instance: 
        N/A

        * Loop: 
        N/A

============================================================
+ Verbose Summary: Synthesis Manager
============================================================
InlineROM: 1
ExposeGlobal: 0
============================================================
+ Verbose Summary: CDFG Model
============================================================
IsTopModel: 0
ResetActiveHigh: 1
IsCombinational: 0
IsDatapathOnly: 0
HasWiredReturn: 1
HasMFsm: 2
HasVarLatency: 0
IsPipeline: 1
IsRtlPipelined: 1
IsInstanceOverlapped: 0
IsDontTouch: 0
HasImplIP: 0
IsGatedGlobalClock: 0

+ Individual pipeline summary: 
  * Pipeline-0: initiation interval (II) = 1, depth = 39


============================================================
+ Verbose Summary: Schedule
============================================================
* Number of FSM states : 39
* Pipeline : 1
  Pipeline-0 : II = 1, D = 39, States = { 1 2 3 4 5 6 7 8 9 10 11 12 13 14 15 16 17 18 19 20 21 22 23 24 25 26 27 28 29 30 31 32 33 34 35 36 37 38 39 }
* Dataflow Pipeline: 0

* FSM state transitions: 
1 --> 2 
2 --> 3 
3 --> 4 
4 --> 5 
5 --> 6 
6 --> 7 
7 --> 8 
8 --> 9 
9 --> 10 
10 --> 11 
11 --> 12 
12 --> 13 
13 --> 14 
14 --> 15 
15 --> 16 
16 --> 17 
17 --> 18 
18 --> 19 
19 --> 20 
20 --> 21 
21 --> 22 
22 --> 23 
23 --> 24 
24 --> 25 
25 --> 26 
26 --> 27 
27 --> 28 
28 --> 29 
29 --> 30 
30 --> 31 
31 --> 32 
32 --> 33 
33 --> 34 
34 --> 35 
35 --> 36 
36 --> 37 
37 --> 38 
38 --> 39 
39 --> 

* FSM state operations: 

State 1 <SV = 0> <Delay = 10.6>
ST_1 : Operation 40 [1/1] (0.00ns)   --->   "%t_in_read = read i64 @_ssdm_op_Read.ap_auto.double, i64 %t_in" [r:/ci/prod/2020.2/rdi_builds/continuous/2020_11_18_3064766/src/shared/hls/clib/hlsmath/include/FloatingPoint\hls_tanh.h:57]   --->   Operation 40 'read' 't_in_read' <Predicate = true> <Delay = 0.00>
ST_1 : Operation 41 [1/1] (0.00ns)   --->   "%data_V = bitcast i64 %t_in_read" [r:/ci/prod/2020.2/rdi_builds/continuous/2020_11_18_3064766/src/shared/hls/clib/src/hls\utils/x_hls_utils.h:483]   --->   Operation 41 'bitcast' 'data_V' <Predicate = true> <Delay = 0.00>
ST_1 : Operation 42 [1/1] (0.00ns)   --->   "%p_Result_s = bitselect i1 @_ssdm_op_BitSelect.i1.i64.i32, i64 %data_V, i32 63"   --->   Operation 42 'bitselect' 'p_Result_s' <Predicate = true> <Delay = 0.00>
ST_1 : Operation 43 [1/1] (0.00ns)   --->   "%tmp_7 = partselect i11 @_ssdm_op_PartSelect.i11.i64.i32.i32, i64 %data_V, i32 52, i32 62"   --->   Operation 43 'partselect' 'tmp_7' <Predicate = true> <Delay = 0.00>
ST_1 : Operation 44 [1/1] (0.00ns)   --->   "%tmp_8 = trunc i64 %data_V"   --->   Operation 44 'trunc' 'tmp_8' <Predicate = true> <Delay = 0.00>
ST_1 : Operation 45 [1/1] (0.00ns)   --->   "%p_Result_1 = trunc i64 %data_V"   --->   Operation 45 'trunc' 'p_Result_1' <Predicate = true> <Delay = 0.00>
ST_1 : Operation 46 [1/1] (0.00ns)   --->   "%zext_ln368 = zext i63 %p_Result_1"   --->   Operation 46 'zext' 'zext_ln368' <Predicate = true> <Delay = 0.00>
ST_1 : Operation 47 [1/1] (0.00ns)   --->   "%abst_in = bitcast i64 %zext_ln368" [r:/ci/prod/2020.2/rdi_builds/continuous/2020_11_18_3064766/src/shared/hls/clib/src/hls\utils/x_hls_utils.h:521]   --->   Operation 47 'bitcast' 'abst_in' <Predicate = true> <Delay = 0.00>
ST_1 : Operation 48 [1/1] (1.23ns)   --->   "%icmp_ln824 = icmp_eq  i11 %tmp_7, i11 2047"   --->   Operation 48 'icmp' 'icmp_ln824' <Predicate = true> <Delay = 1.23> <CoreInst = "Cmp">   --->   Core 9 'Cmp' <Latency = 0> <II = 1> <Delay = 1.73> <FuncUnit> <Opcode : 'icmp'> <InPorts = 2> <OutPorts = 1>
ST_1 : Operation 49 [1/1] (0.00ns)   --->   "%br_ln65 = br i1 %icmp_ln824, void, void" [r:/ci/prod/2020.2/rdi_builds/continuous/2020_11_18_3064766/src/shared/hls/clib/hlsmath/include/FloatingPoint\hls_tanh.h:65]   --->   Operation 49 'br' 'br_ln65' <Predicate = true> <Delay = 0.00>
ST_1 : Operation 50 [1/1] (1.23ns)   --->   "%icmp_ln840 = icmp_ult  i11 %tmp_7, i11 968"   --->   Operation 50 'icmp' 'icmp_ln840' <Predicate = (!icmp_ln824)> <Delay = 1.23> <CoreInst = "Cmp">   --->   Core 9 'Cmp' <Latency = 0> <II = 1> <Delay = 1.73> <FuncUnit> <Opcode : 'icmp'> <InPorts = 2> <OutPorts = 1>
ST_1 : Operation 51 [1/1] (0.00ns)   --->   "%br_ln74 = br i1 %icmp_ln840, void, void %._crit_edge" [r:/ci/prod/2020.2/rdi_builds/continuous/2020_11_18_3064766/src/shared/hls/clib/hlsmath/include/FloatingPoint\hls_tanh.h:74]   --->   Operation 51 'br' 'br_ln74' <Predicate = (!icmp_ln824)> <Delay = 0.00>
ST_1 : Operation 52 [1/1] (1.23ns)   --->   "%icmp_ln824_1 = icmp_eq  i11 %tmp_7, i11 968"   --->   Operation 52 'icmp' 'icmp_ln824_1' <Predicate = (!icmp_ln824 & !icmp_ln840)> <Delay = 1.23> <CoreInst = "Cmp">   --->   Core 9 'Cmp' <Latency = 0> <II = 1> <Delay = 1.73> <FuncUnit> <Opcode : 'icmp'> <InPorts = 2> <OutPorts = 1>
ST_1 : Operation 53 [1/1] (1.73ns)   --->   "%icmp_ln824_2 = icmp_eq  i52 %tmp_8, i52 0"   --->   Operation 53 'icmp' 'icmp_ln824_2' <Predicate = (!icmp_ln824 & !icmp_ln840)> <Delay = 1.73> <CoreInst = "Cmp">   --->   Core 9 'Cmp' <Latency = 0> <II = 1> <Delay = 1.73> <FuncUnit> <Opcode : 'icmp'> <InPorts = 2> <OutPorts = 1>
ST_1 : Operation 54 [1/1] (0.61ns)   --->   "%and_ln75 = and i1 %icmp_ln824_1, i1 %icmp_ln824_2" [r:/ci/prod/2020.2/rdi_builds/continuous/2020_11_18_3064766/src/shared/hls/clib/hlsmath/include/FloatingPoint\hls_tanh.h:75]   --->   Operation 54 'and' 'and_ln75' <Predicate = (!icmp_ln824 & !icmp_ln840)> <Delay = 0.61> <CoreInst = "LogicGate">   --->   Core 74 'LogicGate' <Latency = 0> <II = 1> <Delay = 0.68> <FuncUnit> <Opcode : 'and' 'or' 'xor'> <InPorts = 2> <OutPorts = 1>
ST_1 : Operation 55 [1/1] (0.00ns)   --->   "%br_ln75 = br i1 %and_ln75, void, void %._crit_edge" [r:/ci/prod/2020.2/rdi_builds/continuous/2020_11_18_3064766/src/shared/hls/clib/hlsmath/include/FloatingPoint\hls_tanh.h:75]   --->   Operation 55 'br' 'br_ln75' <Predicate = (!icmp_ln824 & !icmp_ln840)> <Delay = 0.00>
ST_1 : Operation 56 [2/2] (3.70ns)   --->   "%tmp_5 = fcmp_olt  i64 %abst_in, i64 22" [r:/ci/prod/2020.2/rdi_builds/continuous/2020_11_18_3064766/src/shared/hls/clib/hlsmath/include/FloatingPoint\hls_tanh.h:80]   --->   Operation 56 'dcmp' 'tmp_5' <Predicate = (!icmp_ln824 & !icmp_ln840 & !and_ln75)> <Delay = 3.70> <CoreInst = "DCompare">   --->   Core 38 'DCompare' <Latency = 1> <II = 1> <Delay = 3.70> <FuncUnit> <Opcode : 'dcmp'> <InPorts = 2> <OutPorts = 1>
ST_1 : Operation 57 [4/4] (10.6ns)   --->   "%add = dadd i64 %abst_in, i64 1" [r:/ci/prod/2020.2/rdi_builds/continuous/2020_11_18_3064766/src/shared/hls/clib/hlsmath/include/FloatingPoint\hls_tanh.h:78]   --->   Operation 57 'dadd' 'add' <Predicate = (!icmp_ln824 & and_ln75) | (!icmp_ln824 & icmp_ln840)> <Delay = 10.6> <CoreInst = "DAddSub_fulldsp">   --->   Core 37 'DAddSub_fulldsp' <Latency = 3> <II = 1> <Delay = 10.6> <FuncUnit> <Opcode : 'dadd' 'dsub'> <InPorts = 2> <OutPorts = 1>
ST_1 : Operation 58 [1/1] (1.73ns)   --->   "%icmp_ln828 = icmp_ne  i52 %tmp_8, i52 0"   --->   Operation 58 'icmp' 'icmp_ln828' <Predicate = (icmp_ln824)> <Delay = 1.73> <CoreInst = "Cmp">   --->   Core 9 'Cmp' <Latency = 0> <II = 1> <Delay = 1.73> <FuncUnit> <Opcode : 'icmp'> <InPorts = 2> <OutPorts = 1>

State 2 <SV = 1> <Delay = 10.6>
ST_2 : Operation 59 [1/2] (3.70ns)   --->   "%tmp_5 = fcmp_olt  i64 %abst_in, i64 22" [r:/ci/prod/2020.2/rdi_builds/continuous/2020_11_18_3064766/src/shared/hls/clib/hlsmath/include/FloatingPoint\hls_tanh.h:80]   --->   Operation 59 'dcmp' 'tmp_5' <Predicate = (!icmp_ln824 & !icmp_ln840 & !and_ln75)> <Delay = 3.70> <CoreInst = "DCompare">   --->   Core 38 'DCompare' <Latency = 1> <II = 1> <Delay = 3.70> <FuncUnit> <Opcode : 'dcmp'> <InPorts = 2> <OutPorts = 1>
ST_2 : Operation 60 [1/1] (1.09ns)   --->   "%br_ln80 = br i1 %tmp_5, void %._crit_edge3, void" [r:/ci/prod/2020.2/rdi_builds/continuous/2020_11_18_3064766/src/shared/hls/clib/hlsmath/include/FloatingPoint\hls_tanh.h:80]   --->   Operation 60 'br' 'br_ln80' <Predicate = (!icmp_ln824 & !icmp_ln840 & !and_ln75)> <Delay = 1.09>
ST_2 : Operation 61 [1/1] (1.23ns)   --->   "%icmp_ln840_1 = icmp_ult  i11 %tmp_7, i11 1023"   --->   Operation 61 'icmp' 'icmp_ln840_1' <Predicate = (!icmp_ln824 & !icmp_ln840 & !and_ln75 & tmp_5)> <Delay = 1.23> <CoreInst = "Cmp">   --->   Core 9 'Cmp' <Latency = 0> <II = 1> <Delay = 1.73> <FuncUnit> <Opcode : 'icmp'> <InPorts = 2> <OutPorts = 1>
ST_2 : Operation 62 [1/1] (0.00ns)   --->   "%or_ln = bitconcatenate i64 @_ssdm_op_BitConcatenate.i64.i1.i63, i1 1, i63 %p_Result_1" [r:/ci/prod/2020.2/rdi_builds/continuous/2020_11_18_3064766/src/shared/hls/clib/hlsmath/include/FloatingPoint\hls_tanh.h:84]   --->   Operation 62 'bitconcatenate' 'or_ln' <Predicate = (!icmp_ln824 & !icmp_ln840 & !and_ln75 & tmp_5)> <Delay = 0.00>
ST_2 : Operation 63 [1/1] (0.00ns)   --->   "%bitcast_ln84 = bitcast i64 %or_ln" [r:/ci/prod/2020.2/rdi_builds/continuous/2020_11_18_3064766/src/shared/hls/clib/hlsmath/include/FloatingPoint\hls_tanh.h:84]   --->   Operation 63 'bitcast' 'bitcast_ln84' <Predicate = (!icmp_ln824 & !icmp_ln840 & !and_ln75 & tmp_5)> <Delay = 0.00>
ST_2 : Operation 64 [4/4] (10.6ns)   --->   "%x = dsub i64 %bitcast_ln84, i64 %abst_in" [r:/ci/prod/2020.2/rdi_builds/continuous/2020_11_18_3064766/src/shared/hls/clib/hlsmath/include/FloatingPoint\hls_tanh.h:84]   --->   Operation 64 'dsub' 'x' <Predicate = (!icmp_ln824 & !icmp_ln840 & !and_ln75 & tmp_5)> <Delay = 10.6> <CoreInst = "DAddSub_fulldsp">   --->   Core 37 'DAddSub_fulldsp' <Latency = 3> <II = 1> <Delay = 10.6> <FuncUnit> <Opcode : 'dadd' 'dsub'> <InPorts = 2> <OutPorts = 1>
ST_2 : Operation 65 [4/4] (10.6ns)   --->   "%x_1 = dadd i64 %abst_in, i64 %abst_in" [r:/ci/prod/2020.2/rdi_builds/continuous/2020_11_18_3064766/src/shared/hls/clib/hlsmath/include/FloatingPoint\hls_tanh.h:87]   --->   Operation 65 'dadd' 'x_1' <Predicate = (!icmp_ln824 & !icmp_ln840 & !and_ln75 & tmp_5)> <Delay = 10.6> <CoreInst = "DAddSub_fulldsp">   --->   Core 37 'DAddSub_fulldsp' <Latency = 3> <II = 1> <Delay = 10.6> <FuncUnit> <Opcode : 'dadd' 'dsub'> <InPorts = 2> <OutPorts = 1>
ST_2 : Operation 66 [1/1] (0.00ns)   --->   "%br_ln92 = br i1 %icmp_ln840_1, void, void" [r:/ci/prod/2020.2/rdi_builds/continuous/2020_11_18_3064766/src/shared/hls/clib/hlsmath/include/FloatingPoint\hls_tanh.h:92]   --->   Operation 66 'br' 'br_ln92' <Predicate = (!icmp_ln824 & !icmp_ln840 & !and_ln75 & tmp_5)> <Delay = 0.00>
ST_2 : Operation 67 [3/4] (10.6ns)   --->   "%add = dadd i64 %abst_in, i64 1" [r:/ci/prod/2020.2/rdi_builds/continuous/2020_11_18_3064766/src/shared/hls/clib/hlsmath/include/FloatingPoint\hls_tanh.h:78]   --->   Operation 67 'dadd' 'add' <Predicate = (!icmp_ln824 & and_ln75) | (!icmp_ln824 & icmp_ln840)> <Delay = 10.6> <CoreInst = "DAddSub_fulldsp">   --->   Core 37 'DAddSub_fulldsp' <Latency = 3> <II = 1> <Delay = 10.6> <FuncUnit> <Opcode : 'dadd' 'dsub'> <InPorts = 2> <OutPorts = 1>

State 3 <SV = 2> <Delay = 10.6>
ST_3 : Operation 68 [3/4] (10.6ns)   --->   "%x = dsub i64 %bitcast_ln84, i64 %abst_in" [r:/ci/prod/2020.2/rdi_builds/continuous/2020_11_18_3064766/src/shared/hls/clib/hlsmath/include/FloatingPoint\hls_tanh.h:84]   --->   Operation 68 'dsub' 'x' <Predicate = (!icmp_ln824 & !icmp_ln840 & !and_ln75 & tmp_5)> <Delay = 10.6> <CoreInst = "DAddSub_fulldsp">   --->   Core 37 'DAddSub_fulldsp' <Latency = 3> <II = 1> <Delay = 10.6> <FuncUnit> <Opcode : 'dadd' 'dsub'> <InPorts = 2> <OutPorts = 1>
ST_3 : Operation 69 [3/4] (10.6ns)   --->   "%x_1 = dadd i64 %abst_in, i64 %abst_in" [r:/ci/prod/2020.2/rdi_builds/continuous/2020_11_18_3064766/src/shared/hls/clib/hlsmath/include/FloatingPoint\hls_tanh.h:87]   --->   Operation 69 'dadd' 'x_1' <Predicate = (!icmp_ln824 & !icmp_ln840 & !and_ln75 & tmp_5)> <Delay = 10.6> <CoreInst = "DAddSub_fulldsp">   --->   Core 37 'DAddSub_fulldsp' <Latency = 3> <II = 1> <Delay = 10.6> <FuncUnit> <Opcode : 'dadd' 'dsub'> <InPorts = 2> <OutPorts = 1>
ST_3 : Operation 70 [2/4] (10.6ns)   --->   "%add = dadd i64 %abst_in, i64 1" [r:/ci/prod/2020.2/rdi_builds/continuous/2020_11_18_3064766/src/shared/hls/clib/hlsmath/include/FloatingPoint\hls_tanh.h:78]   --->   Operation 70 'dadd' 'add' <Predicate = (!icmp_ln824 & and_ln75) | (!icmp_ln824 & icmp_ln840)> <Delay = 10.6> <CoreInst = "DAddSub_fulldsp">   --->   Core 37 'DAddSub_fulldsp' <Latency = 3> <II = 1> <Delay = 10.6> <FuncUnit> <Opcode : 'dadd' 'dsub'> <InPorts = 2> <OutPorts = 1>

State 4 <SV = 3> <Delay = 10.6>
ST_4 : Operation 71 [2/4] (10.6ns)   --->   "%x = dsub i64 %bitcast_ln84, i64 %abst_in" [r:/ci/prod/2020.2/rdi_builds/continuous/2020_11_18_3064766/src/shared/hls/clib/hlsmath/include/FloatingPoint\hls_tanh.h:84]   --->   Operation 71 'dsub' 'x' <Predicate = (!icmp_ln824 & !icmp_ln840 & !and_ln75 & tmp_5)> <Delay = 10.6> <CoreInst = "DAddSub_fulldsp">   --->   Core 37 'DAddSub_fulldsp' <Latency = 3> <II = 1> <Delay = 10.6> <FuncUnit> <Opcode : 'dadd' 'dsub'> <InPorts = 2> <OutPorts = 1>
ST_4 : Operation 72 [2/4] (10.6ns)   --->   "%x_1 = dadd i64 %abst_in, i64 %abst_in" [r:/ci/prod/2020.2/rdi_builds/continuous/2020_11_18_3064766/src/shared/hls/clib/hlsmath/include/FloatingPoint\hls_tanh.h:87]   --->   Operation 72 'dadd' 'x_1' <Predicate = (!icmp_ln824 & !icmp_ln840 & !and_ln75 & tmp_5)> <Delay = 10.6> <CoreInst = "DAddSub_fulldsp">   --->   Core 37 'DAddSub_fulldsp' <Latency = 3> <II = 1> <Delay = 10.6> <FuncUnit> <Opcode : 'dadd' 'dsub'> <InPorts = 2> <OutPorts = 1>
ST_4 : Operation 73 [1/4] (10.6ns)   --->   "%add = dadd i64 %abst_in, i64 1" [r:/ci/prod/2020.2/rdi_builds/continuous/2020_11_18_3064766/src/shared/hls/clib/hlsmath/include/FloatingPoint\hls_tanh.h:78]   --->   Operation 73 'dadd' 'add' <Predicate = (!icmp_ln824 & and_ln75) | (!icmp_ln824 & icmp_ln840)> <Delay = 10.6> <CoreInst = "DAddSub_fulldsp">   --->   Core 37 'DAddSub_fulldsp' <Latency = 3> <II = 1> <Delay = 10.6> <FuncUnit> <Opcode : 'dadd' 'dsub'> <InPorts = 2> <OutPorts = 1>

State 5 <SV = 4> <Delay = 14.2>
ST_5 : Operation 74 [1/4] (10.6ns)   --->   "%x = dsub i64 %bitcast_ln84, i64 %abst_in" [r:/ci/prod/2020.2/rdi_builds/continuous/2020_11_18_3064766/src/shared/hls/clib/hlsmath/include/FloatingPoint\hls_tanh.h:84]   --->   Operation 74 'dsub' 'x' <Predicate = (!icmp_ln824 & !icmp_ln840 & !and_ln75 & tmp_5)> <Delay = 10.6> <CoreInst = "DAddSub_fulldsp">   --->   Core 37 'DAddSub_fulldsp' <Latency = 3> <II = 1> <Delay = 10.6> <FuncUnit> <Opcode : 'dadd' 'dsub'> <InPorts = 2> <OutPorts = 1>
ST_5 : Operation 75 [1/4] (10.6ns)   --->   "%x_1 = dadd i64 %abst_in, i64 %abst_in" [r:/ci/prod/2020.2/rdi_builds/continuous/2020_11_18_3064766/src/shared/hls/clib/hlsmath/include/FloatingPoint\hls_tanh.h:87]   --->   Operation 75 'dadd' 'x_1' <Predicate = (!icmp_ln824 & !icmp_ln840 & !and_ln75 & tmp_5)> <Delay = 10.6> <CoreInst = "DAddSub_fulldsp">   --->   Core 37 'DAddSub_fulldsp' <Latency = 3> <II = 1> <Delay = 10.6> <FuncUnit> <Opcode : 'dadd' 'dsub'> <InPorts = 2> <OutPorts = 1>
ST_5 : Operation 76 [1/1] (0.76ns)   --->   "%x_3 = select i1 %icmp_ln840_1, i64 %x, i64 %x_1" [r:/ci/prod/2020.2/rdi_builds/continuous/2020_11_18_3064766/src/shared/hls/clib/hlsmath/include/FloatingPoint\hls_tanh.h:83]   --->   Operation 76 'select' 'x_3' <Predicate = (!icmp_ln824 & !icmp_ln840 & !and_ln75 & tmp_5)> <Delay = 0.76> <CoreInst = "Sel">   --->   Core 73 'Sel' <Latency = 0> <II = 1> <Delay = 0.76> <FuncUnit> <Opcode : 'select'> <InPorts = 3> <OutPorts = 1>
ST_5 : Operation 77 [1/1] (0.00ns)   --->   "%data_V_1 = bitcast i64 %x_3" [r:/ci/prod/2020.2/rdi_builds/continuous/2020_11_18_3064766/src/shared/hls/clib/src/hls\utils/x_hls_utils.h:483]   --->   Operation 77 'bitcast' 'data_V_1' <Predicate = (!icmp_ln824 & !icmp_ln840 & !and_ln75 & tmp_5)> <Delay = 0.00>
ST_5 : Operation 78 [1/1] (0.00ns)   --->   "%p_Result_2 = bitselect i1 @_ssdm_op_BitSelect.i1.i64.i32, i64 %data_V_1, i32 63"   --->   Operation 78 'bitselect' 'p_Result_2' <Predicate = (!icmp_ln824 & !icmp_ln840 & !and_ln75 & tmp_5)> <Delay = 0.00>
ST_5 : Operation 79 [1/1] (0.00ns)   --->   "%tmp_9 = partselect i11 @_ssdm_op_PartSelect.i11.i64.i32.i32, i64 %data_V_1, i32 52, i32 62"   --->   Operation 79 'partselect' 'tmp_9' <Predicate = (!icmp_ln824 & !icmp_ln840 & !and_ln75 & tmp_5)> <Delay = 0.00>
ST_5 : Operation 80 [1/1] (0.00ns)   --->   "%br_ln9 = br i1 %p_Result_2, void %.critedge, void" [r:/ci/prod/2020.2/rdi_builds/continuous/2020_11_18_3064766/src/shared/hls/clib/hlsmath/src/common/hls_exp_double.cpp:9]   --->   Operation 80 'br' 'br_ln9' <Predicate = (!icmp_ln824 & !icmp_ln840 & !and_ln75 & tmp_5)> <Delay = 0.00>
ST_5 : Operation 81 [1/1] (1.23ns)   --->   "%icmp_ln844 = icmp_ult  i11 %tmp_9, i11 997"   --->   Operation 81 'icmp' 'icmp_ln844' <Predicate = (!icmp_ln824 & !icmp_ln840 & !and_ln75 & tmp_5 & !p_Result_2)> <Delay = 1.23> <CoreInst = "Cmp">   --->   Core 9 'Cmp' <Latency = 0> <II = 1> <Delay = 1.73> <FuncUnit> <Opcode : 'icmp'> <InPorts = 2> <OutPorts = 1>
ST_5 : Operation 82 [1/1] (1.23ns)   --->   "%icmp_ln828_2 = icmp_eq  i11 %tmp_9, i11 0"   --->   Operation 82 'icmp' 'icmp_ln828_2' <Predicate = (!icmp_ln824 & !icmp_ln840 & !and_ln75 & tmp_5 & !p_Result_2)> <Delay = 1.23> <CoreInst = "Cmp">   --->   Core 9 'Cmp' <Latency = 0> <II = 1> <Delay = 1.73> <FuncUnit> <Opcode : 'icmp'> <InPorts = 2> <OutPorts = 1>
ST_5 : Operation 83 [1/1] (0.61ns)   --->   "%xor_ln10 = xor i1 %icmp_ln828_2, i1 %icmp_ln844" [r:/ci/prod/2020.2/rdi_builds/continuous/2020_11_18_3064766/src/shared/hls/clib/hlsmath/src/common/hls_exp_double.cpp:10]   --->   Operation 83 'xor' 'xor_ln10' <Predicate = (!icmp_ln824 & !icmp_ln840 & !and_ln75 & tmp_5 & !p_Result_2)> <Delay = 0.61> <CoreInst = "LogicGate">   --->   Core 74 'LogicGate' <Latency = 0> <II = 1> <Delay = 0.68> <FuncUnit> <Opcode : 'and' 'or' 'xor'> <InPorts = 2> <OutPorts = 1>
ST_5 : Operation 84 [1/1] (1.03ns)   --->   "%br_ln10 = br i1 %xor_ln10, void %.critedge45.i, void %_ZN11exp_reduce_5expm1Ed.exit" [r:/ci/prod/2020.2/rdi_builds/continuous/2020_11_18_3064766/src/shared/hls/clib/hlsmath/src/common/hls_exp_double.cpp:10]   --->   Operation 84 'br' 'br_ln10' <Predicate = (!icmp_ln824 & !icmp_ln840 & !and_ln75 & tmp_5 & !p_Result_2)> <Delay = 1.03>
ST_5 : Operation 85 [1/1] (1.23ns)   --->   "%icmp_ln832 = icmp_ult  i11 %tmp_9, i11 996"   --->   Operation 85 'icmp' 'icmp_ln832' <Predicate = (!icmp_ln824 & !icmp_ln840 & !and_ln75 & tmp_5 & p_Result_2)> <Delay = 1.23> <CoreInst = "Cmp">   --->   Core 9 'Cmp' <Latency = 0> <II = 1> <Delay = 1.73> <FuncUnit> <Opcode : 'icmp'> <InPorts = 2> <OutPorts = 1>
ST_5 : Operation 86 [1/1] (1.23ns)   --->   "%icmp_ln828_1 = icmp_eq  i11 %tmp_9, i11 0"   --->   Operation 86 'icmp' 'icmp_ln828_1' <Predicate = (!icmp_ln824 & !icmp_ln840 & !and_ln75 & tmp_5 & p_Result_2)> <Delay = 1.23> <CoreInst = "Cmp">   --->   Core 9 'Cmp' <Latency = 0> <II = 1> <Delay = 1.73> <FuncUnit> <Opcode : 'icmp'> <InPorts = 2> <OutPorts = 1>
ST_5 : Operation 87 [1/1] (0.61ns)   --->   "%xor_ln9 = xor i1 %icmp_ln828_1, i1 %icmp_ln832" [r:/ci/prod/2020.2/rdi_builds/continuous/2020_11_18_3064766/src/shared/hls/clib/hlsmath/src/common/hls_exp_double.cpp:9]   --->   Operation 87 'xor' 'xor_ln9' <Predicate = (!icmp_ln824 & !icmp_ln840 & !and_ln75 & tmp_5 & p_Result_2)> <Delay = 0.61> <CoreInst = "LogicGate">   --->   Core 74 'LogicGate' <Latency = 0> <II = 1> <Delay = 0.68> <FuncUnit> <Opcode : 'and' 'or' 'xor'> <InPorts = 2> <OutPorts = 1>
ST_5 : Operation 88 [1/1] (1.03ns)   --->   "%br_ln9 = br i1 %xor_ln9, void %.critedge45.i, void %_ZN11exp_reduce_5expm1Ed.exit" [r:/ci/prod/2020.2/rdi_builds/continuous/2020_11_18_3064766/src/shared/hls/clib/hlsmath/src/common/hls_exp_double.cpp:9]   --->   Operation 88 'br' 'br_ln9' <Predicate = (!icmp_ln824 & !icmp_ln840 & !and_ln75 & tmp_5 & p_Result_2)> <Delay = 1.03>
ST_5 : Operation 89 [4/4] (11.8ns)   --->   "%resultf = dmul i64 %abst_in, i64 %add" [r:/ci/prod/2020.2/rdi_builds/continuous/2020_11_18_3064766/src/shared/hls/clib/hlsmath/include/FloatingPoint\hls_tanh.h:78]   --->   Operation 89 'dmul' 'resultf' <Predicate = (!icmp_ln824 & and_ln75) | (!icmp_ln824 & icmp_ln840)> <Delay = 11.8> <CoreInst = "DMul_maxdsp">   --->   Core 49 'DMul_maxdsp' <Latency = 3> <II = 1> <Delay = 11.8> <FuncUnit> <Opcode : 'dmul'> <InPorts = 2> <OutPorts = 1>

State 6 <SV = 5> <Delay = 11.8>
ST_6 : Operation 90 [10/10] (8.35ns)   --->   "%tmp = call i64 @exp_generic<double>, i64 %x_3, i58 %table_exp_Z1_ap_ufixed_58_1_ap_q_mode_5_ap_o_mode_3_0_array_V, i26 %table_f_Z3_ap_ufixed_59_0_ap_q_mode_5_ap_o_mode_3_0_array_V, i42 %table_f_Z2_ap_ufixed_59_0_ap_q_mode_5_ap_o_mode_3_0_array_V" [r:/ci/prod/2020.2/rdi_builds/continuous/2020_11_18_3064766/src/shared/hls/clib/hlsmath/src/common/hls_exp_double.cpp:11]   --->   Operation 90 'call' 'tmp' <Predicate = (!icmp_ln824 & !icmp_ln840 & !and_ln75 & tmp_5 & p_Result_2 & !xor_ln9) | (!icmp_ln824 & !icmp_ln840 & !and_ln75 & tmp_5 & !p_Result_2 & !xor_ln10)> <Delay = 8.35> <CoreType = "Generic">   --->   Core 0 '' <Latency = 0> <II = 1> <Delay = 1.00> <Generic> <Opcode : >
ST_6 : Operation 91 [3/4] (11.8ns)   --->   "%resultf = dmul i64 %abst_in, i64 %add" [r:/ci/prod/2020.2/rdi_builds/continuous/2020_11_18_3064766/src/shared/hls/clib/hlsmath/include/FloatingPoint\hls_tanh.h:78]   --->   Operation 91 'dmul' 'resultf' <Predicate = (!icmp_ln824 & and_ln75) | (!icmp_ln824 & icmp_ln840)> <Delay = 11.8> <CoreInst = "DMul_maxdsp">   --->   Core 49 'DMul_maxdsp' <Latency = 3> <II = 1> <Delay = 11.8> <FuncUnit> <Opcode : 'dmul'> <InPorts = 2> <OutPorts = 1>

State 7 <SV = 6> <Delay = 14.4>
ST_7 : Operation 92 [9/10] (14.4ns)   --->   "%tmp = call i64 @exp_generic<double>, i64 %x_3, i58 %table_exp_Z1_ap_ufixed_58_1_ap_q_mode_5_ap_o_mode_3_0_array_V, i26 %table_f_Z3_ap_ufixed_59_0_ap_q_mode_5_ap_o_mode_3_0_array_V, i42 %table_f_Z2_ap_ufixed_59_0_ap_q_mode_5_ap_o_mode_3_0_array_V" [r:/ci/prod/2020.2/rdi_builds/continuous/2020_11_18_3064766/src/shared/hls/clib/hlsmath/src/common/hls_exp_double.cpp:11]   --->   Operation 92 'call' 'tmp' <Predicate = (!icmp_ln824 & !icmp_ln840 & !and_ln75 & tmp_5 & p_Result_2 & !xor_ln9) | (!icmp_ln824 & !icmp_ln840 & !and_ln75 & tmp_5 & !p_Result_2 & !xor_ln10)> <Delay = 14.4> <CoreType = "Generic">   --->   Core 0 '' <Latency = 0> <II = 1> <Delay = 1.00> <Generic> <Opcode : >
ST_7 : Operation 93 [2/4] (11.8ns)   --->   "%resultf = dmul i64 %abst_in, i64 %add" [r:/ci/prod/2020.2/rdi_builds/continuous/2020_11_18_3064766/src/shared/hls/clib/hlsmath/include/FloatingPoint\hls_tanh.h:78]   --->   Operation 93 'dmul' 'resultf' <Predicate = (!icmp_ln824 & and_ln75) | (!icmp_ln824 & icmp_ln840)> <Delay = 11.8> <CoreInst = "DMul_maxdsp">   --->   Core 49 'DMul_maxdsp' <Latency = 3> <II = 1> <Delay = 11.8> <FuncUnit> <Opcode : 'dmul'> <InPorts = 2> <OutPorts = 1>

State 8 <SV = 7> <Delay = 14.4>
ST_8 : Operation 94 [8/10] (14.4ns)   --->   "%tmp = call i64 @exp_generic<double>, i64 %x_3, i58 %table_exp_Z1_ap_ufixed_58_1_ap_q_mode_5_ap_o_mode_3_0_array_V, i26 %table_f_Z3_ap_ufixed_59_0_ap_q_mode_5_ap_o_mode_3_0_array_V, i42 %table_f_Z2_ap_ufixed_59_0_ap_q_mode_5_ap_o_mode_3_0_array_V" [r:/ci/prod/2020.2/rdi_builds/continuous/2020_11_18_3064766/src/shared/hls/clib/hlsmath/src/common/hls_exp_double.cpp:11]   --->   Operation 94 'call' 'tmp' <Predicate = (!icmp_ln824 & !icmp_ln840 & !and_ln75 & tmp_5 & p_Result_2 & !xor_ln9) | (!icmp_ln824 & !icmp_ln840 & !and_ln75 & tmp_5 & !p_Result_2 & !xor_ln10)> <Delay = 14.4> <CoreType = "Generic">   --->   Core 0 '' <Latency = 0> <II = 1> <Delay = 1.00> <Generic> <Opcode : >
ST_8 : Operation 95 [1/4] (11.8ns)   --->   "%resultf = dmul i64 %abst_in, i64 %add" [r:/ci/prod/2020.2/rdi_builds/continuous/2020_11_18_3064766/src/shared/hls/clib/hlsmath/include/FloatingPoint\hls_tanh.h:78]   --->   Operation 95 'dmul' 'resultf' <Predicate = (!icmp_ln824 & and_ln75) | (!icmp_ln824 & icmp_ln840)> <Delay = 11.8> <CoreInst = "DMul_maxdsp">   --->   Core 49 'DMul_maxdsp' <Latency = 3> <II = 1> <Delay = 11.8> <FuncUnit> <Opcode : 'dmul'> <InPorts = 2> <OutPorts = 1>
ST_8 : Operation 96 [1/1] (1.09ns)   --->   "%br_ln79 = br void %._crit_edge3" [r:/ci/prod/2020.2/rdi_builds/continuous/2020_11_18_3064766/src/shared/hls/clib/hlsmath/include/FloatingPoint\hls_tanh.h:79]   --->   Operation 96 'br' 'br_ln79' <Predicate = (!icmp_ln824 & and_ln75) | (!icmp_ln824 & icmp_ln840)> <Delay = 1.09>

State 9 <SV = 8> <Delay = 14.4>
ST_9 : Operation 97 [7/10] (14.4ns)   --->   "%tmp = call i64 @exp_generic<double>, i64 %x_3, i58 %table_exp_Z1_ap_ufixed_58_1_ap_q_mode_5_ap_o_mode_3_0_array_V, i26 %table_f_Z3_ap_ufixed_59_0_ap_q_mode_5_ap_o_mode_3_0_array_V, i42 %table_f_Z2_ap_ufixed_59_0_ap_q_mode_5_ap_o_mode_3_0_array_V" [r:/ci/prod/2020.2/rdi_builds/continuous/2020_11_18_3064766/src/shared/hls/clib/hlsmath/src/common/hls_exp_double.cpp:11]   --->   Operation 97 'call' 'tmp' <Predicate = (!icmp_ln824 & !icmp_ln840 & !and_ln75 & tmp_5 & p_Result_2 & !xor_ln9) | (!icmp_ln824 & !icmp_ln840 & !and_ln75 & tmp_5 & !p_Result_2 & !xor_ln10)> <Delay = 14.4> <CoreType = "Generic">   --->   Core 0 '' <Latency = 0> <II = 1> <Delay = 1.00> <Generic> <Opcode : >

State 10 <SV = 9> <Delay = 14.4>
ST_10 : Operation 98 [6/10] (14.4ns)   --->   "%tmp = call i64 @exp_generic<double>, i64 %x_3, i58 %table_exp_Z1_ap_ufixed_58_1_ap_q_mode_5_ap_o_mode_3_0_array_V, i26 %table_f_Z3_ap_ufixed_59_0_ap_q_mode_5_ap_o_mode_3_0_array_V, i42 %table_f_Z2_ap_ufixed_59_0_ap_q_mode_5_ap_o_mode_3_0_array_V" [r:/ci/prod/2020.2/rdi_builds/continuous/2020_11_18_3064766/src/shared/hls/clib/hlsmath/src/common/hls_exp_double.cpp:11]   --->   Operation 98 'call' 'tmp' <Predicate = (!icmp_ln824 & !icmp_ln840 & !and_ln75 & tmp_5 & p_Result_2 & !xor_ln9) | (!icmp_ln824 & !icmp_ln840 & !and_ln75 & tmp_5 & !p_Result_2 & !xor_ln10)> <Delay = 14.4> <CoreType = "Generic">   --->   Core 0 '' <Latency = 0> <II = 1> <Delay = 1.00> <Generic> <Opcode : >

State 11 <SV = 10> <Delay = 14.4>
ST_11 : Operation 99 [5/10] (14.4ns)   --->   "%tmp = call i64 @exp_generic<double>, i64 %x_3, i58 %table_exp_Z1_ap_ufixed_58_1_ap_q_mode_5_ap_o_mode_3_0_array_V, i26 %table_f_Z3_ap_ufixed_59_0_ap_q_mode_5_ap_o_mode_3_0_array_V, i42 %table_f_Z2_ap_ufixed_59_0_ap_q_mode_5_ap_o_mode_3_0_array_V" [r:/ci/prod/2020.2/rdi_builds/continuous/2020_11_18_3064766/src/shared/hls/clib/hlsmath/src/common/hls_exp_double.cpp:11]   --->   Operation 99 'call' 'tmp' <Predicate = (!icmp_ln824 & !icmp_ln840 & !and_ln75 & tmp_5 & p_Result_2 & !xor_ln9) | (!icmp_ln824 & !icmp_ln840 & !and_ln75 & tmp_5 & !p_Result_2 & !xor_ln10)> <Delay = 14.4> <CoreType = "Generic">   --->   Core 0 '' <Latency = 0> <II = 1> <Delay = 1.00> <Generic> <Opcode : >

State 12 <SV = 11> <Delay = 14.4>
ST_12 : Operation 100 [4/10] (14.4ns)   --->   "%tmp = call i64 @exp_generic<double>, i64 %x_3, i58 %table_exp_Z1_ap_ufixed_58_1_ap_q_mode_5_ap_o_mode_3_0_array_V, i26 %table_f_Z3_ap_ufixed_59_0_ap_q_mode_5_ap_o_mode_3_0_array_V, i42 %table_f_Z2_ap_ufixed_59_0_ap_q_mode_5_ap_o_mode_3_0_array_V" [r:/ci/prod/2020.2/rdi_builds/continuous/2020_11_18_3064766/src/shared/hls/clib/hlsmath/src/common/hls_exp_double.cpp:11]   --->   Operation 100 'call' 'tmp' <Predicate = (!icmp_ln824 & !icmp_ln840 & !and_ln75 & tmp_5 & p_Result_2 & !xor_ln9) | (!icmp_ln824 & !icmp_ln840 & !and_ln75 & tmp_5 & !p_Result_2 & !xor_ln10)> <Delay = 14.4> <CoreType = "Generic">   --->   Core 0 '' <Latency = 0> <II = 1> <Delay = 1.00> <Generic> <Opcode : >

State 13 <SV = 12> <Delay = 14.4>
ST_13 : Operation 101 [3/10] (14.4ns)   --->   "%tmp = call i64 @exp_generic<double>, i64 %x_3, i58 %table_exp_Z1_ap_ufixed_58_1_ap_q_mode_5_ap_o_mode_3_0_array_V, i26 %table_f_Z3_ap_ufixed_59_0_ap_q_mode_5_ap_o_mode_3_0_array_V, i42 %table_f_Z2_ap_ufixed_59_0_ap_q_mode_5_ap_o_mode_3_0_array_V" [r:/ci/prod/2020.2/rdi_builds/continuous/2020_11_18_3064766/src/shared/hls/clib/hlsmath/src/common/hls_exp_double.cpp:11]   --->   Operation 101 'call' 'tmp' <Predicate = (!icmp_ln824 & !icmp_ln840 & !and_ln75 & tmp_5 & p_Result_2 & !xor_ln9) | (!icmp_ln824 & !icmp_ln840 & !and_ln75 & tmp_5 & !p_Result_2 & !xor_ln10)> <Delay = 14.4> <CoreType = "Generic">   --->   Core 0 '' <Latency = 0> <II = 1> <Delay = 1.00> <Generic> <Opcode : >

State 14 <SV = 13> <Delay = 14.4>
ST_14 : Operation 102 [2/10] (14.4ns)   --->   "%tmp = call i64 @exp_generic<double>, i64 %x_3, i58 %table_exp_Z1_ap_ufixed_58_1_ap_q_mode_5_ap_o_mode_3_0_array_V, i26 %table_f_Z3_ap_ufixed_59_0_ap_q_mode_5_ap_o_mode_3_0_array_V, i42 %table_f_Z2_ap_ufixed_59_0_ap_q_mode_5_ap_o_mode_3_0_array_V" [r:/ci/prod/2020.2/rdi_builds/continuous/2020_11_18_3064766/src/shared/hls/clib/hlsmath/src/common/hls_exp_double.cpp:11]   --->   Operation 102 'call' 'tmp' <Predicate = (!icmp_ln824 & !icmp_ln840 & !and_ln75 & tmp_5 & p_Result_2 & !xor_ln9) | (!icmp_ln824 & !icmp_ln840 & !and_ln75 & tmp_5 & !p_Result_2 & !xor_ln10)> <Delay = 14.4> <CoreType = "Generic">   --->   Core 0 '' <Latency = 0> <II = 1> <Delay = 1.00> <Generic> <Opcode : >

State 15 <SV = 14> <Delay = 12.1>
ST_15 : Operation 103 [1/10] (1.52ns)   --->   "%tmp = call i64 @exp_generic<double>, i64 %x_3, i58 %table_exp_Z1_ap_ufixed_58_1_ap_q_mode_5_ap_o_mode_3_0_array_V, i26 %table_f_Z3_ap_ufixed_59_0_ap_q_mode_5_ap_o_mode_3_0_array_V, i42 %table_f_Z2_ap_ufixed_59_0_ap_q_mode_5_ap_o_mode_3_0_array_V" [r:/ci/prod/2020.2/rdi_builds/continuous/2020_11_18_3064766/src/shared/hls/clib/hlsmath/src/common/hls_exp_double.cpp:11]   --->   Operation 103 'call' 'tmp' <Predicate = (!icmp_ln824 & !icmp_ln840 & !and_ln75 & tmp_5 & p_Result_2 & !xor_ln9) | (!icmp_ln824 & !icmp_ln840 & !and_ln75 & tmp_5 & !p_Result_2 & !xor_ln10)> <Delay = 1.52> <CoreType = "Generic">   --->   Core 0 '' <Latency = 0> <II = 1> <Delay = 1.00> <Generic> <Opcode : >
ST_15 : Operation 104 [4/4] (10.6ns)   --->   "%sub_i = dadd i64 %tmp, i64 -1" [r:/ci/prod/2020.2/rdi_builds/continuous/2020_11_18_3064766/src/shared/hls/clib/hlsmath/src/common/hls_exp_double.cpp:11]   --->   Operation 104 'dadd' 'sub_i' <Predicate = (!icmp_ln824 & !icmp_ln840 & !and_ln75 & tmp_5 & p_Result_2 & !xor_ln9) | (!icmp_ln824 & !icmp_ln840 & !and_ln75 & tmp_5 & !p_Result_2 & !xor_ln10)> <Delay = 10.6> <CoreInst = "DAddSub_fulldsp">   --->   Core 37 'DAddSub_fulldsp' <Latency = 3> <II = 1> <Delay = 10.6> <FuncUnit> <Opcode : 'dadd' 'dsub'> <InPorts = 2> <OutPorts = 1>

State 16 <SV = 15> <Delay = 10.6>
ST_16 : Operation 105 [3/4] (10.6ns)   --->   "%sub_i = dadd i64 %tmp, i64 -1" [r:/ci/prod/2020.2/rdi_builds/continuous/2020_11_18_3064766/src/shared/hls/clib/hlsmath/src/common/hls_exp_double.cpp:11]   --->   Operation 105 'dadd' 'sub_i' <Predicate = (!icmp_ln824 & !icmp_ln840 & !and_ln75 & tmp_5 & p_Result_2 & !xor_ln9) | (!icmp_ln824 & !icmp_ln840 & !and_ln75 & tmp_5 & !p_Result_2 & !xor_ln10)> <Delay = 10.6> <CoreInst = "DAddSub_fulldsp">   --->   Core 37 'DAddSub_fulldsp' <Latency = 3> <II = 1> <Delay = 10.6> <FuncUnit> <Opcode : 'dadd' 'dsub'> <InPorts = 2> <OutPorts = 1>

State 17 <SV = 16> <Delay = 10.6>
ST_17 : Operation 106 [2/4] (10.6ns)   --->   "%sub_i = dadd i64 %tmp, i64 -1" [r:/ci/prod/2020.2/rdi_builds/continuous/2020_11_18_3064766/src/shared/hls/clib/hlsmath/src/common/hls_exp_double.cpp:11]   --->   Operation 106 'dadd' 'sub_i' <Predicate = (!icmp_ln824 & !icmp_ln840 & !and_ln75 & tmp_5 & p_Result_2 & !xor_ln9) | (!icmp_ln824 & !icmp_ln840 & !and_ln75 & tmp_5 & !p_Result_2 & !xor_ln10)> <Delay = 10.6> <CoreInst = "DAddSub_fulldsp">   --->   Core 37 'DAddSub_fulldsp' <Latency = 3> <II = 1> <Delay = 10.6> <FuncUnit> <Opcode : 'dadd' 'dsub'> <InPorts = 2> <OutPorts = 1>

State 18 <SV = 17> <Delay = 10.6>
ST_18 : Operation 107 [1/4] (10.6ns)   --->   "%sub_i = dadd i64 %tmp, i64 -1" [r:/ci/prod/2020.2/rdi_builds/continuous/2020_11_18_3064766/src/shared/hls/clib/hlsmath/src/common/hls_exp_double.cpp:11]   --->   Operation 107 'dadd' 'sub_i' <Predicate = (!icmp_ln824 & !icmp_ln840 & !and_ln75 & tmp_5 & p_Result_2 & !xor_ln9) | (!icmp_ln824 & !icmp_ln840 & !and_ln75 & tmp_5 & !p_Result_2 & !xor_ln10)> <Delay = 10.6> <CoreInst = "DAddSub_fulldsp">   --->   Core 37 'DAddSub_fulldsp' <Latency = 3> <II = 1> <Delay = 10.6> <FuncUnit> <Opcode : 'dadd' 'dsub'> <InPorts = 2> <OutPorts = 1>
ST_18 : Operation 108 [1/1] (1.03ns)   --->   "%br_ln11 = br void %_ZN11exp_reduce_5expm1Ed.exit" [r:/ci/prod/2020.2/rdi_builds/continuous/2020_11_18_3064766/src/shared/hls/clib/hlsmath/src/common/hls_exp_double.cpp:11]   --->   Operation 108 'br' 'br_ln11' <Predicate = (!icmp_ln824 & !icmp_ln840 & !and_ln75 & tmp_5 & p_Result_2 & !xor_ln9) | (!icmp_ln824 & !icmp_ln840 & !and_ln75 & tmp_5 & !p_Result_2 & !xor_ln10)> <Delay = 1.03>

State 19 <SV = 18> <Delay = 10.6>
ST_19 : Operation 109 [1/1] (0.00ns)   --->   "%expx = phi i64 %sub_i, void %.critedge45.i, i64 %x_3, void, i64 %x_3, void %.critedge"   --->   Operation 109 'phi' 'expx' <Predicate = (!icmp_ln824 & !icmp_ln840 & !and_ln75 & tmp_5)> <Delay = 0.00>
ST_19 : Operation 110 [4/4] (10.6ns)   --->   "%add2 = dadd i64 %expx, i64 2" [r:/ci/prod/2020.2/rdi_builds/continuous/2020_11_18_3064766/src/shared/hls/clib/hlsmath/include/FloatingPoint\hls_tanh.h:100]   --->   Operation 110 'dadd' 'add2' <Predicate = (!icmp_ln824 & !icmp_ln840 & !and_ln75 & tmp_5)> <Delay = 10.6> <CoreInst = "DAddSub_fulldsp">   --->   Core 37 'DAddSub_fulldsp' <Latency = 3> <II = 1> <Delay = 10.6> <FuncUnit> <Opcode : 'dadd' 'dsub'> <InPorts = 2> <OutPorts = 1>

State 20 <SV = 19> <Delay = 10.6>
ST_20 : Operation 111 [3/4] (10.6ns)   --->   "%add2 = dadd i64 %expx, i64 2" [r:/ci/prod/2020.2/rdi_builds/continuous/2020_11_18_3064766/src/shared/hls/clib/hlsmath/include/FloatingPoint\hls_tanh.h:100]   --->   Operation 111 'dadd' 'add2' <Predicate = (!icmp_ln824 & !icmp_ln840 & !and_ln75 & tmp_5)> <Delay = 10.6> <CoreInst = "DAddSub_fulldsp">   --->   Core 37 'DAddSub_fulldsp' <Latency = 3> <II = 1> <Delay = 10.6> <FuncUnit> <Opcode : 'dadd' 'dsub'> <InPorts = 2> <OutPorts = 1>

State 21 <SV = 20> <Delay = 10.6>
ST_21 : Operation 112 [2/4] (10.6ns)   --->   "%add2 = dadd i64 %expx, i64 2" [r:/ci/prod/2020.2/rdi_builds/continuous/2020_11_18_3064766/src/shared/hls/clib/hlsmath/include/FloatingPoint\hls_tanh.h:100]   --->   Operation 112 'dadd' 'add2' <Predicate = (!icmp_ln824 & !icmp_ln840 & !and_ln75 & tmp_5)> <Delay = 10.6> <CoreInst = "DAddSub_fulldsp">   --->   Core 37 'DAddSub_fulldsp' <Latency = 3> <II = 1> <Delay = 10.6> <FuncUnit> <Opcode : 'dadd' 'dsub'> <InPorts = 2> <OutPorts = 1>

State 22 <SV = 21> <Delay = 10.6>
ST_22 : Operation 113 [1/4] (10.6ns)   --->   "%add2 = dadd i64 %expx, i64 2" [r:/ci/prod/2020.2/rdi_builds/continuous/2020_11_18_3064766/src/shared/hls/clib/hlsmath/include/FloatingPoint\hls_tanh.h:100]   --->   Operation 113 'dadd' 'add2' <Predicate = (!icmp_ln824 & !icmp_ln840 & !and_ln75 & tmp_5)> <Delay = 10.6> <CoreInst = "DAddSub_fulldsp">   --->   Core 37 'DAddSub_fulldsp' <Latency = 3> <II = 1> <Delay = 10.6> <FuncUnit> <Opcode : 'dadd' 'dsub'> <InPorts = 2> <OutPorts = 1>
ST_22 : Operation 114 [1/1] (0.00ns)   --->   "%bitcast_ln95 = bitcast i64 %expx" [r:/ci/prod/2020.2/rdi_builds/continuous/2020_11_18_3064766/src/shared/hls/clib/hlsmath/include/FloatingPoint\hls_tanh.h:95]   --->   Operation 114 'bitcast' 'bitcast_ln95' <Predicate = (!icmp_ln824 & !icmp_ln840 & !and_ln75 & tmp_5 & icmp_ln840_1)> <Delay = 0.00>
ST_22 : Operation 115 [1/1] (0.68ns)   --->   "%xor_ln95 = xor i64 %bitcast_ln95, i64 9223372036854775808" [r:/ci/prod/2020.2/rdi_builds/continuous/2020_11_18_3064766/src/shared/hls/clib/hlsmath/include/FloatingPoint\hls_tanh.h:95]   --->   Operation 115 'xor' 'xor_ln95' <Predicate = (!icmp_ln824 & !icmp_ln840 & !and_ln75 & tmp_5 & icmp_ln840_1)> <Delay = 0.68> <CoreInst = "LogicGate">   --->   Core 74 'LogicGate' <Latency = 0> <II = 1> <Delay = 0.68> <FuncUnit> <Opcode : 'and' 'or' 'xor'> <InPorts = 2> <OutPorts = 1>

State 23 <SV = 22> <Delay = 14.1>
ST_23 : Operation 116 [13/13] (14.1ns)   --->   "%div = ddiv i64 2, i64 %add2" [r:/ci/prod/2020.2/rdi_builds/continuous/2020_11_18_3064766/src/shared/hls/clib/hlsmath/include/FloatingPoint\hls_tanh.h:100]   --->   Operation 116 'ddiv' 'div' <Predicate = (!icmp_ln824 & !icmp_ln840 & !and_ln75 & tmp_5 & !icmp_ln840_1)> <Delay = 14.1> <CoreInst = "DDiv">   --->   Core 39 'DDiv' <Latency = 12> <II = 1> <Delay = 14.1> <FuncUnit> <Opcode : 'ddiv' 'drem'> <InPorts = 2> <OutPorts = 1>
ST_23 : Operation 117 [1/1] (0.00ns)   --->   "%bitcast_ln95_1 = bitcast i64 %xor_ln95" [r:/ci/prod/2020.2/rdi_builds/continuous/2020_11_18_3064766/src/shared/hls/clib/hlsmath/include/FloatingPoint\hls_tanh.h:95]   --->   Operation 117 'bitcast' 'bitcast_ln95_1' <Predicate = (!icmp_ln824 & !icmp_ln840 & !and_ln75 & tmp_5 & icmp_ln840_1)> <Delay = 0.00>
ST_23 : Operation 118 [13/13] (14.1ns)   --->   "%resultf_1 = ddiv i64 %bitcast_ln95_1, i64 %add2" [r:/ci/prod/2020.2/rdi_builds/continuous/2020_11_18_3064766/src/shared/hls/clib/hlsmath/include/FloatingPoint\hls_tanh.h:95]   --->   Operation 118 'ddiv' 'resultf_1' <Predicate = (!icmp_ln824 & !icmp_ln840 & !and_ln75 & tmp_5 & icmp_ln840_1)> <Delay = 14.1> <CoreInst = "DDiv">   --->   Core 39 'DDiv' <Latency = 12> <II = 1> <Delay = 14.1> <FuncUnit> <Opcode : 'ddiv' 'drem'> <InPorts = 2> <OutPorts = 1>

State 24 <SV = 23> <Delay = 14.1>
ST_24 : Operation 119 [12/13] (14.1ns)   --->   "%div = ddiv i64 2, i64 %add2" [r:/ci/prod/2020.2/rdi_builds/continuous/2020_11_18_3064766/src/shared/hls/clib/hlsmath/include/FloatingPoint\hls_tanh.h:100]   --->   Operation 119 'ddiv' 'div' <Predicate = (!icmp_ln824 & !icmp_ln840 & !and_ln75 & tmp_5 & !icmp_ln840_1)> <Delay = 14.1> <CoreInst = "DDiv">   --->   Core 39 'DDiv' <Latency = 12> <II = 1> <Delay = 14.1> <FuncUnit> <Opcode : 'ddiv' 'drem'> <InPorts = 2> <OutPorts = 1>
ST_24 : Operation 120 [12/13] (14.1ns)   --->   "%resultf_1 = ddiv i64 %bitcast_ln95_1, i64 %add2" [r:/ci/prod/2020.2/rdi_builds/continuous/2020_11_18_3064766/src/shared/hls/clib/hlsmath/include/FloatingPoint\hls_tanh.h:95]   --->   Operation 120 'ddiv' 'resultf_1' <Predicate = (!icmp_ln824 & !icmp_ln840 & !and_ln75 & tmp_5 & icmp_ln840_1)> <Delay = 14.1> <CoreInst = "DDiv">   --->   Core 39 'DDiv' <Latency = 12> <II = 1> <Delay = 14.1> <FuncUnit> <Opcode : 'ddiv' 'drem'> <InPorts = 2> <OutPorts = 1>

State 25 <SV = 24> <Delay = 14.1>
ST_25 : Operation 121 [11/13] (14.1ns)   --->   "%div = ddiv i64 2, i64 %add2" [r:/ci/prod/2020.2/rdi_builds/continuous/2020_11_18_3064766/src/shared/hls/clib/hlsmath/include/FloatingPoint\hls_tanh.h:100]   --->   Operation 121 'ddiv' 'div' <Predicate = (!icmp_ln824 & !icmp_ln840 & !and_ln75 & tmp_5 & !icmp_ln840_1)> <Delay = 14.1> <CoreInst = "DDiv">   --->   Core 39 'DDiv' <Latency = 12> <II = 1> <Delay = 14.1> <FuncUnit> <Opcode : 'ddiv' 'drem'> <InPorts = 2> <OutPorts = 1>
ST_25 : Operation 122 [11/13] (14.1ns)   --->   "%resultf_1 = ddiv i64 %bitcast_ln95_1, i64 %add2" [r:/ci/prod/2020.2/rdi_builds/continuous/2020_11_18_3064766/src/shared/hls/clib/hlsmath/include/FloatingPoint\hls_tanh.h:95]   --->   Operation 122 'ddiv' 'resultf_1' <Predicate = (!icmp_ln824 & !icmp_ln840 & !and_ln75 & tmp_5 & icmp_ln840_1)> <Delay = 14.1> <CoreInst = "DDiv">   --->   Core 39 'DDiv' <Latency = 12> <II = 1> <Delay = 14.1> <FuncUnit> <Opcode : 'ddiv' 'drem'> <InPorts = 2> <OutPorts = 1>

State 26 <SV = 25> <Delay = 14.1>
ST_26 : Operation 123 [10/13] (14.1ns)   --->   "%div = ddiv i64 2, i64 %add2" [r:/ci/prod/2020.2/rdi_builds/continuous/2020_11_18_3064766/src/shared/hls/clib/hlsmath/include/FloatingPoint\hls_tanh.h:100]   --->   Operation 123 'ddiv' 'div' <Predicate = (!icmp_ln824 & !icmp_ln840 & !and_ln75 & tmp_5 & !icmp_ln840_1)> <Delay = 14.1> <CoreInst = "DDiv">   --->   Core 39 'DDiv' <Latency = 12> <II = 1> <Delay = 14.1> <FuncUnit> <Opcode : 'ddiv' 'drem'> <InPorts = 2> <OutPorts = 1>
ST_26 : Operation 124 [10/13] (14.1ns)   --->   "%resultf_1 = ddiv i64 %bitcast_ln95_1, i64 %add2" [r:/ci/prod/2020.2/rdi_builds/continuous/2020_11_18_3064766/src/shared/hls/clib/hlsmath/include/FloatingPoint\hls_tanh.h:95]   --->   Operation 124 'ddiv' 'resultf_1' <Predicate = (!icmp_ln824 & !icmp_ln840 & !and_ln75 & tmp_5 & icmp_ln840_1)> <Delay = 14.1> <CoreInst = "DDiv">   --->   Core 39 'DDiv' <Latency = 12> <II = 1> <Delay = 14.1> <FuncUnit> <Opcode : 'ddiv' 'drem'> <InPorts = 2> <OutPorts = 1>

State 27 <SV = 26> <Delay = 14.1>
ST_27 : Operation 125 [9/13] (14.1ns)   --->   "%div = ddiv i64 2, i64 %add2" [r:/ci/prod/2020.2/rdi_builds/continuous/2020_11_18_3064766/src/shared/hls/clib/hlsmath/include/FloatingPoint\hls_tanh.h:100]   --->   Operation 125 'ddiv' 'div' <Predicate = (!icmp_ln824 & !icmp_ln840 & !and_ln75 & tmp_5 & !icmp_ln840_1)> <Delay = 14.1> <CoreInst = "DDiv">   --->   Core 39 'DDiv' <Latency = 12> <II = 1> <Delay = 14.1> <FuncUnit> <Opcode : 'ddiv' 'drem'> <InPorts = 2> <OutPorts = 1>
ST_27 : Operation 126 [9/13] (14.1ns)   --->   "%resultf_1 = ddiv i64 %bitcast_ln95_1, i64 %add2" [r:/ci/prod/2020.2/rdi_builds/continuous/2020_11_18_3064766/src/shared/hls/clib/hlsmath/include/FloatingPoint\hls_tanh.h:95]   --->   Operation 126 'ddiv' 'resultf_1' <Predicate = (!icmp_ln824 & !icmp_ln840 & !and_ln75 & tmp_5 & icmp_ln840_1)> <Delay = 14.1> <CoreInst = "DDiv">   --->   Core 39 'DDiv' <Latency = 12> <II = 1> <Delay = 14.1> <FuncUnit> <Opcode : 'ddiv' 'drem'> <InPorts = 2> <OutPorts = 1>

State 28 <SV = 27> <Delay = 14.1>
ST_28 : Operation 127 [8/13] (14.1ns)   --->   "%div = ddiv i64 2, i64 %add2" [r:/ci/prod/2020.2/rdi_builds/continuous/2020_11_18_3064766/src/shared/hls/clib/hlsmath/include/FloatingPoint\hls_tanh.h:100]   --->   Operation 127 'ddiv' 'div' <Predicate = (!icmp_ln824 & !icmp_ln840 & !and_ln75 & tmp_5 & !icmp_ln840_1)> <Delay = 14.1> <CoreInst = "DDiv">   --->   Core 39 'DDiv' <Latency = 12> <II = 1> <Delay = 14.1> <FuncUnit> <Opcode : 'ddiv' 'drem'> <InPorts = 2> <OutPorts = 1>
ST_28 : Operation 128 [8/13] (14.1ns)   --->   "%resultf_1 = ddiv i64 %bitcast_ln95_1, i64 %add2" [r:/ci/prod/2020.2/rdi_builds/continuous/2020_11_18_3064766/src/shared/hls/clib/hlsmath/include/FloatingPoint\hls_tanh.h:95]   --->   Operation 128 'ddiv' 'resultf_1' <Predicate = (!icmp_ln824 & !icmp_ln840 & !and_ln75 & tmp_5 & icmp_ln840_1)> <Delay = 14.1> <CoreInst = "DDiv">   --->   Core 39 'DDiv' <Latency = 12> <II = 1> <Delay = 14.1> <FuncUnit> <Opcode : 'ddiv' 'drem'> <InPorts = 2> <OutPorts = 1>

State 29 <SV = 28> <Delay = 14.1>
ST_29 : Operation 129 [7/13] (14.1ns)   --->   "%div = ddiv i64 2, i64 %add2" [r:/ci/prod/2020.2/rdi_builds/continuous/2020_11_18_3064766/src/shared/hls/clib/hlsmath/include/FloatingPoint\hls_tanh.h:100]   --->   Operation 129 'ddiv' 'div' <Predicate = (!icmp_ln824 & !icmp_ln840 & !and_ln75 & tmp_5 & !icmp_ln840_1)> <Delay = 14.1> <CoreInst = "DDiv">   --->   Core 39 'DDiv' <Latency = 12> <II = 1> <Delay = 14.1> <FuncUnit> <Opcode : 'ddiv' 'drem'> <InPorts = 2> <OutPorts = 1>
ST_29 : Operation 130 [7/13] (14.1ns)   --->   "%resultf_1 = ddiv i64 %bitcast_ln95_1, i64 %add2" [r:/ci/prod/2020.2/rdi_builds/continuous/2020_11_18_3064766/src/shared/hls/clib/hlsmath/include/FloatingPoint\hls_tanh.h:95]   --->   Operation 130 'ddiv' 'resultf_1' <Predicate = (!icmp_ln824 & !icmp_ln840 & !and_ln75 & tmp_5 & icmp_ln840_1)> <Delay = 14.1> <CoreInst = "DDiv">   --->   Core 39 'DDiv' <Latency = 12> <II = 1> <Delay = 14.1> <FuncUnit> <Opcode : 'ddiv' 'drem'> <InPorts = 2> <OutPorts = 1>

State 30 <SV = 29> <Delay = 14.1>
ST_30 : Operation 131 [6/13] (14.1ns)   --->   "%div = ddiv i64 2, i64 %add2" [r:/ci/prod/2020.2/rdi_builds/continuous/2020_11_18_3064766/src/shared/hls/clib/hlsmath/include/FloatingPoint\hls_tanh.h:100]   --->   Operation 131 'ddiv' 'div' <Predicate = (!icmp_ln824 & !icmp_ln840 & !and_ln75 & tmp_5 & !icmp_ln840_1)> <Delay = 14.1> <CoreInst = "DDiv">   --->   Core 39 'DDiv' <Latency = 12> <II = 1> <Delay = 14.1> <FuncUnit> <Opcode : 'ddiv' 'drem'> <InPorts = 2> <OutPorts = 1>
ST_30 : Operation 132 [6/13] (14.1ns)   --->   "%resultf_1 = ddiv i64 %bitcast_ln95_1, i64 %add2" [r:/ci/prod/2020.2/rdi_builds/continuous/2020_11_18_3064766/src/shared/hls/clib/hlsmath/include/FloatingPoint\hls_tanh.h:95]   --->   Operation 132 'ddiv' 'resultf_1' <Predicate = (!icmp_ln824 & !icmp_ln840 & !and_ln75 & tmp_5 & icmp_ln840_1)> <Delay = 14.1> <CoreInst = "DDiv">   --->   Core 39 'DDiv' <Latency = 12> <II = 1> <Delay = 14.1> <FuncUnit> <Opcode : 'ddiv' 'drem'> <InPorts = 2> <OutPorts = 1>

State 31 <SV = 30> <Delay = 14.1>
ST_31 : Operation 133 [5/13] (14.1ns)   --->   "%div = ddiv i64 2, i64 %add2" [r:/ci/prod/2020.2/rdi_builds/continuous/2020_11_18_3064766/src/shared/hls/clib/hlsmath/include/FloatingPoint\hls_tanh.h:100]   --->   Operation 133 'ddiv' 'div' <Predicate = (!icmp_ln824 & !icmp_ln840 & !and_ln75 & tmp_5 & !icmp_ln840_1)> <Delay = 14.1> <CoreInst = "DDiv">   --->   Core 39 'DDiv' <Latency = 12> <II = 1> <Delay = 14.1> <FuncUnit> <Opcode : 'ddiv' 'drem'> <InPorts = 2> <OutPorts = 1>
ST_31 : Operation 134 [5/13] (14.1ns)   --->   "%resultf_1 = ddiv i64 %bitcast_ln95_1, i64 %add2" [r:/ci/prod/2020.2/rdi_builds/continuous/2020_11_18_3064766/src/shared/hls/clib/hlsmath/include/FloatingPoint\hls_tanh.h:95]   --->   Operation 134 'ddiv' 'resultf_1' <Predicate = (!icmp_ln824 & !icmp_ln840 & !and_ln75 & tmp_5 & icmp_ln840_1)> <Delay = 14.1> <CoreInst = "DDiv">   --->   Core 39 'DDiv' <Latency = 12> <II = 1> <Delay = 14.1> <FuncUnit> <Opcode : 'ddiv' 'drem'> <InPorts = 2> <OutPorts = 1>

State 32 <SV = 31> <Delay = 14.1>
ST_32 : Operation 135 [4/13] (14.1ns)   --->   "%div = ddiv i64 2, i64 %add2" [r:/ci/prod/2020.2/rdi_builds/continuous/2020_11_18_3064766/src/shared/hls/clib/hlsmath/include/FloatingPoint\hls_tanh.h:100]   --->   Operation 135 'ddiv' 'div' <Predicate = (!icmp_ln824 & !icmp_ln840 & !and_ln75 & tmp_5 & !icmp_ln840_1)> <Delay = 14.1> <CoreInst = "DDiv">   --->   Core 39 'DDiv' <Latency = 12> <II = 1> <Delay = 14.1> <FuncUnit> <Opcode : 'ddiv' 'drem'> <InPorts = 2> <OutPorts = 1>
ST_32 : Operation 136 [4/13] (14.1ns)   --->   "%resultf_1 = ddiv i64 %bitcast_ln95_1, i64 %add2" [r:/ci/prod/2020.2/rdi_builds/continuous/2020_11_18_3064766/src/shared/hls/clib/hlsmath/include/FloatingPoint\hls_tanh.h:95]   --->   Operation 136 'ddiv' 'resultf_1' <Predicate = (!icmp_ln824 & !icmp_ln840 & !and_ln75 & tmp_5 & icmp_ln840_1)> <Delay = 14.1> <CoreInst = "DDiv">   --->   Core 39 'DDiv' <Latency = 12> <II = 1> <Delay = 14.1> <FuncUnit> <Opcode : 'ddiv' 'drem'> <InPorts = 2> <OutPorts = 1>

State 33 <SV = 32> <Delay = 14.1>
ST_33 : Operation 137 [3/13] (14.1ns)   --->   "%div = ddiv i64 2, i64 %add2" [r:/ci/prod/2020.2/rdi_builds/continuous/2020_11_18_3064766/src/shared/hls/clib/hlsmath/include/FloatingPoint\hls_tanh.h:100]   --->   Operation 137 'ddiv' 'div' <Predicate = (!icmp_ln824 & !icmp_ln840 & !and_ln75 & tmp_5 & !icmp_ln840_1)> <Delay = 14.1> <CoreInst = "DDiv">   --->   Core 39 'DDiv' <Latency = 12> <II = 1> <Delay = 14.1> <FuncUnit> <Opcode : 'ddiv' 'drem'> <InPorts = 2> <OutPorts = 1>
ST_33 : Operation 138 [3/13] (14.1ns)   --->   "%resultf_1 = ddiv i64 %bitcast_ln95_1, i64 %add2" [r:/ci/prod/2020.2/rdi_builds/continuous/2020_11_18_3064766/src/shared/hls/clib/hlsmath/include/FloatingPoint\hls_tanh.h:95]   --->   Operation 138 'ddiv' 'resultf_1' <Predicate = (!icmp_ln824 & !icmp_ln840 & !and_ln75 & tmp_5 & icmp_ln840_1)> <Delay = 14.1> <CoreInst = "DDiv">   --->   Core 39 'DDiv' <Latency = 12> <II = 1> <Delay = 14.1> <FuncUnit> <Opcode : 'ddiv' 'drem'> <InPorts = 2> <OutPorts = 1>

State 34 <SV = 33> <Delay = 14.1>
ST_34 : Operation 139 [2/13] (14.1ns)   --->   "%div = ddiv i64 2, i64 %add2" [r:/ci/prod/2020.2/rdi_builds/continuous/2020_11_18_3064766/src/shared/hls/clib/hlsmath/include/FloatingPoint\hls_tanh.h:100]   --->   Operation 139 'ddiv' 'div' <Predicate = (!icmp_ln824 & !icmp_ln840 & !and_ln75 & tmp_5 & !icmp_ln840_1)> <Delay = 14.1> <CoreInst = "DDiv">   --->   Core 39 'DDiv' <Latency = 12> <II = 1> <Delay = 14.1> <FuncUnit> <Opcode : 'ddiv' 'drem'> <InPorts = 2> <OutPorts = 1>
ST_34 : Operation 140 [2/13] (14.1ns)   --->   "%resultf_1 = ddiv i64 %bitcast_ln95_1, i64 %add2" [r:/ci/prod/2020.2/rdi_builds/continuous/2020_11_18_3064766/src/shared/hls/clib/hlsmath/include/FloatingPoint\hls_tanh.h:95]   --->   Operation 140 'ddiv' 'resultf_1' <Predicate = (!icmp_ln824 & !icmp_ln840 & !and_ln75 & tmp_5 & icmp_ln840_1)> <Delay = 14.1> <CoreInst = "DDiv">   --->   Core 39 'DDiv' <Latency = 12> <II = 1> <Delay = 14.1> <FuncUnit> <Opcode : 'ddiv' 'drem'> <InPorts = 2> <OutPorts = 1>

State 35 <SV = 34> <Delay = 14.1>
ST_35 : Operation 141 [1/13] (14.1ns)   --->   "%div = ddiv i64 2, i64 %add2" [r:/ci/prod/2020.2/rdi_builds/continuous/2020_11_18_3064766/src/shared/hls/clib/hlsmath/include/FloatingPoint\hls_tanh.h:100]   --->   Operation 141 'ddiv' 'div' <Predicate = (!icmp_ln824 & !icmp_ln840 & !and_ln75 & tmp_5 & !icmp_ln840_1)> <Delay = 14.1> <CoreInst = "DDiv">   --->   Core 39 'DDiv' <Latency = 12> <II = 1> <Delay = 14.1> <FuncUnit> <Opcode : 'ddiv' 'drem'> <InPorts = 2> <OutPorts = 1>
ST_35 : Operation 142 [1/13] (14.1ns)   --->   "%resultf_1 = ddiv i64 %bitcast_ln95_1, i64 %add2" [r:/ci/prod/2020.2/rdi_builds/continuous/2020_11_18_3064766/src/shared/hls/clib/hlsmath/include/FloatingPoint\hls_tanh.h:95]   --->   Operation 142 'ddiv' 'resultf_1' <Predicate = (!icmp_ln824 & !icmp_ln840 & !and_ln75 & tmp_5 & icmp_ln840_1)> <Delay = 14.1> <CoreInst = "DDiv">   --->   Core 39 'DDiv' <Latency = 12> <II = 1> <Delay = 14.1> <FuncUnit> <Opcode : 'ddiv' 'drem'> <InPorts = 2> <OutPorts = 1>

State 36 <SV = 35> <Delay = 10.6>
ST_36 : Operation 143 [4/4] (10.6ns)   --->   "%resultf_2 = dsub i64 1, i64 %div" [r:/ci/prod/2020.2/rdi_builds/continuous/2020_11_18_3064766/src/shared/hls/clib/hlsmath/include/FloatingPoint\hls_tanh.h:100]   --->   Operation 143 'dsub' 'resultf_2' <Predicate = (!icmp_ln824 & !icmp_ln840 & !and_ln75 & tmp_5 & !icmp_ln840_1)> <Delay = 10.6> <CoreInst = "DAddSub_fulldsp">   --->   Core 37 'DAddSub_fulldsp' <Latency = 3> <II = 1> <Delay = 10.6> <FuncUnit> <Opcode : 'dadd' 'dsub'> <InPorts = 2> <OutPorts = 1>
ST_36 : Operation 144 [1/1] (1.09ns)   --->   "%br_ln96 = br void %._crit_edge3" [r:/ci/prod/2020.2/rdi_builds/continuous/2020_11_18_3064766/src/shared/hls/clib/hlsmath/include/FloatingPoint\hls_tanh.h:96]   --->   Operation 144 'br' 'br_ln96' <Predicate = (!icmp_ln824 & !icmp_ln840 & !and_ln75 & tmp_5 & icmp_ln840_1)> <Delay = 1.09>

State 37 <SV = 36> <Delay = 10.6>
ST_37 : Operation 145 [3/4] (10.6ns)   --->   "%resultf_2 = dsub i64 1, i64 %div" [r:/ci/prod/2020.2/rdi_builds/continuous/2020_11_18_3064766/src/shared/hls/clib/hlsmath/include/FloatingPoint\hls_tanh.h:100]   --->   Operation 145 'dsub' 'resultf_2' <Predicate = (!icmp_ln824 & !icmp_ln840 & !and_ln75 & tmp_5 & !icmp_ln840_1)> <Delay = 10.6> <CoreInst = "DAddSub_fulldsp">   --->   Core 37 'DAddSub_fulldsp' <Latency = 3> <II = 1> <Delay = 10.6> <FuncUnit> <Opcode : 'dadd' 'dsub'> <InPorts = 2> <OutPorts = 1>

State 38 <SV = 37> <Delay = 10.6>
ST_38 : Operation 146 [2/4] (10.6ns)   --->   "%resultf_2 = dsub i64 1, i64 %div" [r:/ci/prod/2020.2/rdi_builds/continuous/2020_11_18_3064766/src/shared/hls/clib/hlsmath/include/FloatingPoint\hls_tanh.h:100]   --->   Operation 146 'dsub' 'resultf_2' <Predicate = (!icmp_ln824 & !icmp_ln840 & !and_ln75 & tmp_5 & !icmp_ln840_1)> <Delay = 10.6> <CoreInst = "DAddSub_fulldsp">   --->   Core 37 'DAddSub_fulldsp' <Latency = 3> <II = 1> <Delay = 10.6> <FuncUnit> <Opcode : 'dadd' 'dsub'> <InPorts = 2> <OutPorts = 1>
ST_38 : Operation 147 [1/1] (0.76ns)   --->   "%select_ln67 = select i1 %icmp_ln828, i64 nan, i64 1" [r:/ci/prod/2020.2/rdi_builds/continuous/2020_11_18_3064766/src/shared/hls/clib/hlsmath/include/FloatingPoint\hls_tanh.h:67]   --->   Operation 147 'select' 'select_ln67' <Predicate = (icmp_ln824)> <Delay = 0.76> <CoreInst = "Sel">   --->   Core 73 'Sel' <Latency = 0> <II = 1> <Delay = 0.76> <FuncUnit> <Opcode : 'select'> <InPorts = 3> <OutPorts = 1>
ST_38 : Operation 148 [1/1] (1.09ns)   --->   "%br_ln67 = br void %._crit_edge3" [r:/ci/prod/2020.2/rdi_builds/continuous/2020_11_18_3064766/src/shared/hls/clib/hlsmath/include/FloatingPoint\hls_tanh.h:67]   --->   Operation 148 'br' 'br_ln67' <Predicate = (icmp_ln824)> <Delay = 1.09>

State 39 <SV = 38> <Delay = 12.4>
ST_39 : Operation 149 [1/4] (10.6ns)   --->   "%resultf_2 = dsub i64 1, i64 %div" [r:/ci/prod/2020.2/rdi_builds/continuous/2020_11_18_3064766/src/shared/hls/clib/hlsmath/include/FloatingPoint\hls_tanh.h:100]   --->   Operation 149 'dsub' 'resultf_2' <Predicate = (!icmp_ln824 & !icmp_ln840 & !and_ln75 & tmp_5 & !icmp_ln840_1)> <Delay = 10.6> <CoreInst = "DAddSub_fulldsp">   --->   Core 37 'DAddSub_fulldsp' <Latency = 3> <II = 1> <Delay = 10.6> <FuncUnit> <Opcode : 'dadd' 'dsub'> <InPorts = 2> <OutPorts = 1>
ST_39 : Operation 150 [1/1] (1.09ns)   --->   "%br_ln0 = br void %._crit_edge3"   --->   Operation 150 'br' 'br_ln0' <Predicate = (!icmp_ln824 & !icmp_ln840 & !and_ln75 & tmp_5 & !icmp_ln840_1)> <Delay = 1.09>
ST_39 : Operation 151 [1/1] (0.00ns)   --->   "%resultf_3 = phi i64 %resultf, void %._crit_edge, i64 %resultf_1, void, i64 %resultf_2, void, i64 %select_ln67, void, i64 1, void"   --->   Operation 151 'phi' 'resultf_3' <Predicate = true> <Delay = 0.00>
ST_39 : Operation 152 [1/1] (0.00ns) (grouped into LUT with out node select_ln108)   --->   "%bitcast_ln112 = bitcast i64 %resultf_3" [r:/ci/prod/2020.2/rdi_builds/continuous/2020_11_18_3064766/src/shared/hls/clib/hlsmath/include/FloatingPoint\hls_tanh.h:112]   --->   Operation 152 'bitcast' 'bitcast_ln112' <Predicate = (p_Result_s)> <Delay = 0.00>
ST_39 : Operation 153 [1/1] (0.00ns) (grouped into LUT with out node select_ln108)   --->   "%xor_ln112 = xor i64 %bitcast_ln112, i64 9223372036854775808" [r:/ci/prod/2020.2/rdi_builds/continuous/2020_11_18_3064766/src/shared/hls/clib/hlsmath/include/FloatingPoint\hls_tanh.h:112]   --->   Operation 153 'xor' 'xor_ln112' <Predicate = (p_Result_s)> <Delay = 0.00> <CoreInst = "LogicGate">   --->   Core 74 'LogicGate' <Latency = 0> <II = 1> <Delay = 0.68> <FuncUnit> <Opcode : 'and' 'or' 'xor'> <InPorts = 2> <OutPorts = 1>
ST_39 : Operation 154 [1/1] (0.00ns) (grouped into LUT with out node select_ln108)   --->   "%bitcast_ln112_1 = bitcast i64 %xor_ln112" [r:/ci/prod/2020.2/rdi_builds/continuous/2020_11_18_3064766/src/shared/hls/clib/hlsmath/include/FloatingPoint\hls_tanh.h:112]   --->   Operation 154 'bitcast' 'bitcast_ln112_1' <Predicate = (p_Result_s)> <Delay = 0.00>
ST_39 : Operation 155 [1/1] (0.76ns) (out node of the LUT)   --->   "%select_ln108 = select i1 %p_Result_s, i64 %bitcast_ln112_1, i64 %resultf_3" [r:/ci/prod/2020.2/rdi_builds/continuous/2020_11_18_3064766/src/shared/hls/clib/hlsmath/include/FloatingPoint\hls_tanh.h:108]   --->   Operation 155 'select' 'select_ln108' <Predicate = true> <Delay = 0.76> <CoreInst = "Sel">   --->   Core 73 'Sel' <Latency = 0> <II = 1> <Delay = 0.76> <FuncUnit> <Opcode : 'select'> <InPorts = 3> <OutPorts = 1>
ST_39 : Operation 156 [1/1] (0.00ns)   --->   "%ret_ln114 = ret i64 %select_ln108" [r:/ci/prod/2020.2/rdi_builds/continuous/2020_11_18_3064766/src/shared/hls/clib/hlsmath/include/FloatingPoint\hls_tanh.h:114]   --->   Operation 156 'ret' 'ret_ln114' <Predicate = true> <Delay = 0.00>


============================================================
+ Verbose Summary: Timing violations
============================================================
Target clock period: 20ns, clock uncertainty: 5.4ns.

 <State 1>: 10.6ns
The critical path consists of the following:
	wire read on port 't_in' (r:/ci/prod/2020.2/rdi_builds/continuous/2020_11_18_3064766/src/shared/hls/clib/hlsmath/include/FloatingPoint\hls_tanh.h:57) [8]  (0 ns)
	'dadd' operation ('add', r:/ci/prod/2020.2/rdi_builds/continuous/2020_11_18_3064766/src/shared/hls/clib/hlsmath/include/FloatingPoint\hls_tanh.h:78) [69]  (10.6 ns)

 <State 2>: 10.6ns
The critical path consists of the following:
	'dadd' operation ('add', r:/ci/prod/2020.2/rdi_builds/continuous/2020_11_18_3064766/src/shared/hls/clib/hlsmath/include/FloatingPoint\hls_tanh.h:78) [69]  (10.6 ns)

 <State 3>: 10.6ns
The critical path consists of the following:
	'dadd' operation ('add', r:/ci/prod/2020.2/rdi_builds/continuous/2020_11_18_3064766/src/shared/hls/clib/hlsmath/include/FloatingPoint\hls_tanh.h:78) [69]  (10.6 ns)

 <State 4>: 10.6ns
The critical path consists of the following:
	'dadd' operation ('add', r:/ci/prod/2020.2/rdi_builds/continuous/2020_11_18_3064766/src/shared/hls/clib/hlsmath/include/FloatingPoint\hls_tanh.h:78) [69]  (10.6 ns)

 <State 5>: 14.3ns
The critical path consists of the following:
	'dsub' operation ('x', r:/ci/prod/2020.2/rdi_builds/continuous/2020_11_18_3064766/src/shared/hls/clib/hlsmath/include/FloatingPoint\hls_tanh.h:84) [33]  (10.6 ns)
	'select' operation ('x', r:/ci/prod/2020.2/rdi_builds/continuous/2020_11_18_3064766/src/shared/hls/clib/hlsmath/include/FloatingPoint\hls_tanh.h:83) [35]  (0.763 ns)
	'icmp' operation ('icmp_ln828_2') [42]  (1.23 ns)
	'xor' operation ('xor_ln10', r:/ci/prod/2020.2/rdi_builds/continuous/2020_11_18_3064766/src/shared/hls/clib/hlsmath/src/common/hls_exp_double.cpp:10) [43]  (0.616 ns)
	multiplexor before 'phi' operation ('dc') with incoming values : ('x', r:/ci/prod/2020.2/rdi_builds/continuous/2020_11_18_3064766/src/shared/hls/clib/hlsmath/include/FloatingPoint\hls_tanh.h:83) ('sub_i', r:/ci/prod/2020.2/rdi_builds/continuous/2020_11_18_3064766/src/shared/hls/clib/hlsmath/src/common/hls_exp_double.cpp:11) [55]  (1.04 ns)

 <State 6>: 11.8ns
The critical path consists of the following:
	'dmul' operation ('resultf', r:/ci/prod/2020.2/rdi_builds/continuous/2020_11_18_3064766/src/shared/hls/clib/hlsmath/include/FloatingPoint\hls_tanh.h:78) [70]  (11.8 ns)

 <State 7>: 14.5ns
The critical path consists of the following:
	'call' operation ('tmp', r:/ci/prod/2020.2/rdi_builds/continuous/2020_11_18_3064766/src/shared/hls/clib/hlsmath/src/common/hls_exp_double.cpp:11) to 'exp_generic<double>' [51]  (14.5 ns)

 <State 8>: 14.5ns
The critical path consists of the following:
	'call' operation ('tmp', r:/ci/prod/2020.2/rdi_builds/continuous/2020_11_18_3064766/src/shared/hls/clib/hlsmath/src/common/hls_exp_double.cpp:11) to 'exp_generic<double>' [51]  (14.5 ns)

 <State 9>: 14.5ns
The critical path consists of the following:
	'call' operation ('tmp', r:/ci/prod/2020.2/rdi_builds/continuous/2020_11_18_3064766/src/shared/hls/clib/hlsmath/src/common/hls_exp_double.cpp:11) to 'exp_generic<double>' [51]  (14.5 ns)

 <State 10>: 14.5ns
The critical path consists of the following:
	'call' operation ('tmp', r:/ci/prod/2020.2/rdi_builds/continuous/2020_11_18_3064766/src/shared/hls/clib/hlsmath/src/common/hls_exp_double.cpp:11) to 'exp_generic<double>' [51]  (14.5 ns)

 <State 11>: 14.5ns
The critical path consists of the following:
	'call' operation ('tmp', r:/ci/prod/2020.2/rdi_builds/continuous/2020_11_18_3064766/src/shared/hls/clib/hlsmath/src/common/hls_exp_double.cpp:11) to 'exp_generic<double>' [51]  (14.5 ns)

 <State 12>: 14.5ns
The critical path consists of the following:
	'call' operation ('tmp', r:/ci/prod/2020.2/rdi_builds/continuous/2020_11_18_3064766/src/shared/hls/clib/hlsmath/src/common/hls_exp_double.cpp:11) to 'exp_generic<double>' [51]  (14.5 ns)

 <State 13>: 14.5ns
The critical path consists of the following:
	'call' operation ('tmp', r:/ci/prod/2020.2/rdi_builds/continuous/2020_11_18_3064766/src/shared/hls/clib/hlsmath/src/common/hls_exp_double.cpp:11) to 'exp_generic<double>' [51]  (14.5 ns)

 <State 14>: 14.5ns
The critical path consists of the following:
	'call' operation ('tmp', r:/ci/prod/2020.2/rdi_builds/continuous/2020_11_18_3064766/src/shared/hls/clib/hlsmath/src/common/hls_exp_double.cpp:11) to 'exp_generic<double>' [51]  (14.5 ns)

 <State 15>: 12.2ns
The critical path consists of the following:
	'call' operation ('tmp', r:/ci/prod/2020.2/rdi_builds/continuous/2020_11_18_3064766/src/shared/hls/clib/hlsmath/src/common/hls_exp_double.cpp:11) to 'exp_generic<double>' [51]  (1.53 ns)
	'dadd' operation ('sub_i', r:/ci/prod/2020.2/rdi_builds/continuous/2020_11_18_3064766/src/shared/hls/clib/hlsmath/src/common/hls_exp_double.cpp:11) [52]  (10.6 ns)

 <State 16>: 10.6ns
The critical path consists of the following:
	'dadd' operation ('sub_i', r:/ci/prod/2020.2/rdi_builds/continuous/2020_11_18_3064766/src/shared/hls/clib/hlsmath/src/common/hls_exp_double.cpp:11) [52]  (10.6 ns)

 <State 17>: 10.6ns
The critical path consists of the following:
	'dadd' operation ('sub_i', r:/ci/prod/2020.2/rdi_builds/continuous/2020_11_18_3064766/src/shared/hls/clib/hlsmath/src/common/hls_exp_double.cpp:11) [52]  (10.6 ns)

 <State 18>: 10.6ns
The critical path consists of the following:
	'dadd' operation ('sub_i', r:/ci/prod/2020.2/rdi_builds/continuous/2020_11_18_3064766/src/shared/hls/clib/hlsmath/src/common/hls_exp_double.cpp:11) [52]  (10.6 ns)

 <State 19>: 10.6ns
The critical path consists of the following:
	'phi' operation ('dc') with incoming values : ('x', r:/ci/prod/2020.2/rdi_builds/continuous/2020_11_18_3064766/src/shared/hls/clib/hlsmath/include/FloatingPoint\hls_tanh.h:83) ('sub_i', r:/ci/prod/2020.2/rdi_builds/continuous/2020_11_18_3064766/src/shared/hls/clib/hlsmath/src/common/hls_exp_double.cpp:11) [55]  (0 ns)
	'dadd' operation ('add2', r:/ci/prod/2020.2/rdi_builds/continuous/2020_11_18_3064766/src/shared/hls/clib/hlsmath/include/FloatingPoint\hls_tanh.h:100) [56]  (10.6 ns)

 <State 20>: 10.6ns
The critical path consists of the following:
	'dadd' operation ('add2', r:/ci/prod/2020.2/rdi_builds/continuous/2020_11_18_3064766/src/shared/hls/clib/hlsmath/include/FloatingPoint\hls_tanh.h:100) [56]  (10.6 ns)

 <State 21>: 10.6ns
The critical path consists of the following:
	'dadd' operation ('add2', r:/ci/prod/2020.2/rdi_builds/continuous/2020_11_18_3064766/src/shared/hls/clib/hlsmath/include/FloatingPoint\hls_tanh.h:100) [56]  (10.6 ns)

 <State 22>: 10.6ns
The critical path consists of the following:
	'dadd' operation ('add2', r:/ci/prod/2020.2/rdi_builds/continuous/2020_11_18_3064766/src/shared/hls/clib/hlsmath/include/FloatingPoint\hls_tanh.h:100) [56]  (10.6 ns)

 <State 23>: 14.2ns
The critical path consists of the following:
	'ddiv' operation ('div', r:/ci/prod/2020.2/rdi_builds/continuous/2020_11_18_3064766/src/shared/hls/clib/hlsmath/include/FloatingPoint\hls_tanh.h:100) [59]  (14.2 ns)

 <State 24>: 14.2ns
The critical path consists of the following:
	'ddiv' operation ('div', r:/ci/prod/2020.2/rdi_builds/continuous/2020_11_18_3064766/src/shared/hls/clib/hlsmath/include/FloatingPoint\hls_tanh.h:100) [59]  (14.2 ns)

 <State 25>: 14.2ns
The critical path consists of the following:
	'ddiv' operation ('div', r:/ci/prod/2020.2/rdi_builds/continuous/2020_11_18_3064766/src/shared/hls/clib/hlsmath/include/FloatingPoint\hls_tanh.h:100) [59]  (14.2 ns)

 <State 26>: 14.2ns
The critical path consists of the following:
	'ddiv' operation ('div', r:/ci/prod/2020.2/rdi_builds/continuous/2020_11_18_3064766/src/shared/hls/clib/hlsmath/include/FloatingPoint\hls_tanh.h:100) [59]  (14.2 ns)

 <State 27>: 14.2ns
The critical path consists of the following:
	'ddiv' operation ('div', r:/ci/prod/2020.2/rdi_builds/continuous/2020_11_18_3064766/src/shared/hls/clib/hlsmath/include/FloatingPoint\hls_tanh.h:100) [59]  (14.2 ns)

 <State 28>: 14.2ns
The critical path consists of the following:
	'ddiv' operation ('div', r:/ci/prod/2020.2/rdi_builds/continuous/2020_11_18_3064766/src/shared/hls/clib/hlsmath/include/FloatingPoint\hls_tanh.h:100) [59]  (14.2 ns)

 <State 29>: 14.2ns
The critical path consists of the following:
	'ddiv' operation ('div', r:/ci/prod/2020.2/rdi_builds/continuous/2020_11_18_3064766/src/shared/hls/clib/hlsmath/include/FloatingPoint\hls_tanh.h:100) [59]  (14.2 ns)

 <State 30>: 14.2ns
The critical path consists of the following:
	'ddiv' operation ('div', r:/ci/prod/2020.2/rdi_builds/continuous/2020_11_18_3064766/src/shared/hls/clib/hlsmath/include/FloatingPoint\hls_tanh.h:100) [59]  (14.2 ns)

 <State 31>: 14.2ns
The critical path consists of the following:
	'ddiv' operation ('div', r:/ci/prod/2020.2/rdi_builds/continuous/2020_11_18_3064766/src/shared/hls/clib/hlsmath/include/FloatingPoint\hls_tanh.h:100) [59]  (14.2 ns)

 <State 32>: 14.2ns
The critical path consists of the following:
	'ddiv' operation ('div', r:/ci/prod/2020.2/rdi_builds/continuous/2020_11_18_3064766/src/shared/hls/clib/hlsmath/include/FloatingPoint\hls_tanh.h:100) [59]  (14.2 ns)

 <State 33>: 14.2ns
The critical path consists of the following:
	'ddiv' operation ('div', r:/ci/prod/2020.2/rdi_builds/continuous/2020_11_18_3064766/src/shared/hls/clib/hlsmath/include/FloatingPoint\hls_tanh.h:100) [59]  (14.2 ns)

 <State 34>: 14.2ns
The critical path consists of the following:
	'ddiv' operation ('div', r:/ci/prod/2020.2/rdi_builds/continuous/2020_11_18_3064766/src/shared/hls/clib/hlsmath/include/FloatingPoint\hls_tanh.h:100) [59]  (14.2 ns)

 <State 35>: 14.2ns
The critical path consists of the following:
	'ddiv' operation ('div', r:/ci/prod/2020.2/rdi_builds/continuous/2020_11_18_3064766/src/shared/hls/clib/hlsmath/include/FloatingPoint\hls_tanh.h:100) [59]  (14.2 ns)

 <State 36>: 10.6ns
The critical path consists of the following:
	'dsub' operation ('resultf', r:/ci/prod/2020.2/rdi_builds/continuous/2020_11_18_3064766/src/shared/hls/clib/hlsmath/include/FloatingPoint\hls_tanh.h:100) [60]  (10.6 ns)

 <State 37>: 10.6ns
The critical path consists of the following:
	'dsub' operation ('resultf', r:/ci/prod/2020.2/rdi_builds/continuous/2020_11_18_3064766/src/shared/hls/clib/hlsmath/include/FloatingPoint\hls_tanh.h:100) [60]  (10.6 ns)

 <State 38>: 10.6ns
The critical path consists of the following:
	'dsub' operation ('resultf', r:/ci/prod/2020.2/rdi_builds/continuous/2020_11_18_3064766/src/shared/hls/clib/hlsmath/include/FloatingPoint\hls_tanh.h:100) [60]  (10.6 ns)

 <State 39>: 12.5ns
The critical path consists of the following:
	'dsub' operation ('resultf', r:/ci/prod/2020.2/rdi_builds/continuous/2020_11_18_3064766/src/shared/hls/clib/hlsmath/include/FloatingPoint\hls_tanh.h:100) [60]  (10.6 ns)
	multiplexor before 'phi' operation ('resultf') with incoming values : ('resultf', r:/ci/prod/2020.2/rdi_builds/continuous/2020_11_18_3064766/src/shared/hls/clib/hlsmath/include/FloatingPoint\hls_tanh.h:100) ('resultf', r:/ci/prod/2020.2/rdi_builds/continuous/2020_11_18_3064766/src/shared/hls/clib/hlsmath/include/FloatingPoint\hls_tanh.h:95) ('resultf', r:/ci/prod/2020.2/rdi_builds/continuous/2020_11_18_3064766/src/shared/hls/clib/hlsmath/include/FloatingPoint\hls_tanh.h:78) ('select_ln67', r:/ci/prod/2020.2/rdi_builds/continuous/2020_11_18_3064766/src/shared/hls/clib/hlsmath/include/FloatingPoint\hls_tanh.h:67) [77]  (1.09 ns)
	'phi' operation ('resultf') with incoming values : ('resultf', r:/ci/prod/2020.2/rdi_builds/continuous/2020_11_18_3064766/src/shared/hls/clib/hlsmath/include/FloatingPoint\hls_tanh.h:100) ('resultf', r:/ci/prod/2020.2/rdi_builds/continuous/2020_11_18_3064766/src/shared/hls/clib/hlsmath/include/FloatingPoint\hls_tanh.h:95) ('resultf', r:/ci/prod/2020.2/rdi_builds/continuous/2020_11_18_3064766/src/shared/hls/clib/hlsmath/include/FloatingPoint\hls_tanh.h:78) ('select_ln67', r:/ci/prod/2020.2/rdi_builds/continuous/2020_11_18_3064766/src/shared/hls/clib/hlsmath/include/FloatingPoint\hls_tanh.h:67) [77]  (0 ns)
	'select' operation ('select_ln108', r:/ci/prod/2020.2/rdi_builds/continuous/2020_11_18_3064766/src/shared/hls/clib/hlsmath/include/FloatingPoint\hls_tanh.h:108) [81]  (0.763 ns)


============================================================
+ Verbose Summary: Binding
============================================================
N/A
* FSMD analyzer results:
  - Output states:
 - Input state : 
  - Chain level:
	State 1
	State 2
	State 3
	State 4
	State 5
	State 6
	State 7
	State 8
	State 9
	State 10
	State 11
	State 12
	State 13
	State 14
	State 15
	State 16
	State 17
	State 18
	State 19
	State 20
	State 21
	State 22
	State 23
	State 24
	State 25
	State 26
	State 27
	State 28
	State 29
	State 30
	State 31
	State 32
	State 33
	State 34
	State 35
	State 36
	State 37
	State 38
	State 39


============================================================
+ Verbose Summary: Datapath Resource usage 
============================================================
N/A
