

================================================================
== Vitis HLS Report for 'generic_tanh_double_s'
================================================================
* Date:           Sun Feb  8 22:48:13 2026

* Version:        2020.2 (Build 3064766 on Wed Nov 18 09:12:45 MST 2020)
* Project:        PBDVitisHLS2
* Solution:       solution1 (Vivado IP Flow Target)
* Product family: zynq
* Target device:  xc7z020-clg400-1


================================================================
== Performance Estimates
================================================================
+ Timing: 
    * Summary: 
    +--------+----------+-----------+------------+
    |  Clock |  Target  | Estimated | Uncertainty|
    +--------+----------+-----------+------------+
    |ap_clk  |  20.00 ns|  14.159 ns|     5.40 ns|
    +--------+----------+-----------+------------+

+ Latency: 
    * Summary: 
    +---------+---------+-----------+----------+-----+-----+---------+
    |  Latency (cycles) |  Latency (absolute)  |  Interval | Pipeline|
    |   min   |   max   |    min    |    max   | min | max |   Type  |
    +---------+---------+-----------+----------+-----+-----+---------+
    |        2|       55|  40.000 ns|  1.100 us|    2|   55|     none|
    +---------+---------+-----------+----------+-----+-----+---------+

    + Detail: 
        * Instance: 
        +--------------------------------+----------------------+---------+---------+----------+----------+-----+-----+---------+
        |                                |                      |  Latency (cycles) |  Latency (absolute) |  Interval | Pipeline|
        |            Instance            |        Module        |   min   |   max   |    min   |    max   | min | max |   Type  |
        +--------------------------------+----------------------+---------+---------+----------+----------+-----+-----+---------+
        |grp_exp_generic_double_s_fu_87  |exp_generic_double_s  |       11|       11|  0.220 us|  0.220 us|    1|    1|      yes|
        +--------------------------------+----------------------+---------+---------+----------+----------+-----+-----+---------+

        * Loop: 
        N/A



================================================================
== Utilization Estimates
================================================================
* Summary: 
+-----------------+---------+-----+--------+-------+-----+
|       Name      | BRAM_18K| DSP |   FF   |  LUT  | URAM|
+-----------------+---------+-----+--------+-------+-----+
|DSP              |        -|    -|       -|      -|    -|
|Expression       |        -|    -|       0|    452|    -|
|FIFO             |        -|    -|       -|      -|    -|
|Instance         |        5|    9|    1928|   4079|    -|
|Memory           |        -|    -|       -|      -|    -|
|Multiplexer      |        -|    -|       -|    907|    -|
|Register         |        -|    -|     798|      -|    -|
+-----------------+---------+-----+--------+-------+-----+
|Total            |        5|    9|    2726|   5438|    0|
+-----------------+---------+-----+--------+-------+-----+
|Available        |      280|  220|  106400|  53200|    0|
+-----------------+---------+-----+--------+-------+-----+
|Utilization (%)  |        1|    4|       2|     10|    0|
+-----------------+---------+-----+--------+-------+-----+

+ Detail: 
    * Instance: 
    +----------------------------------------+------------------------------------+---------+----+------+------+-----+
    |                Instance                |               Module               | BRAM_18K| DSP|  FF  |  LUT | URAM|
    +----------------------------------------+------------------------------------+---------+----+------+------+-----+
    |dadddsub_64ns_64ns_64_5_full_dsp_1_U15  |dadddsub_64ns_64ns_64_5_full_dsp_1  |        0|   3|   445|  1149|    0|
    |dcmp_64ns_64ns_1_2_no_dsp_1_U18         |dcmp_64ns_64ns_1_2_no_dsp_1         |        0|   0|     0|     0|    0|
    |ddiv_64ns_64ns_64_22_no_dsp_1_U17       |ddiv_64ns_64ns_64_22_no_dsp_1       |        0|   0|     0|     0|    0|
    |grp_exp_generic_double_s_fu_87          |exp_generic_double_s                |        5|   6|  1483|  2930|    0|
    +----------------------------------------+------------------------------------+---------+----+------+------+-----+
    |Total                                   |                                    |        5|   9|  1928|  4079|    0|
    +----------------------------------------+------------------------------------+---------+----+------+------+-----+

    * DSP: 
    N/A

    * Memory: 
    N/A

    * FIFO: 
    N/A

    * Expression: 
    +------------------------+----------+----+---+----+------------+------------+
    |      Variable Name     | Operation| DSP| FF| LUT| Bitwidth P0| Bitwidth P1|
    +------------------------+----------+----+---+----+------------+------------+
    |and_ln75_fu_198_p2      |       and|   0|  0|   2|           1|           1|
    |grp_fu_122_p2           |      icmp|   0|  0|  11|          11|           1|
    |icmp_ln824_1_fu_186_p2  |      icmp|   0|  0|  11|          11|          10|
    |icmp_ln824_2_fu_192_p2  |      icmp|   0|  0|  24|          52|           1|
    |icmp_ln824_fu_174_p2    |      icmp|   0|  0|  11|          11|           2|
    |icmp_ln828_fu_204_p2    |      icmp|   0|  0|  24|          52|           1|
    |icmp_ln832_fu_269_p2    |      icmp|   0|  0|  11|          11|          10|
    |icmp_ln840_1_fu_210_p2  |      icmp|   0|  0|  11|          11|          10|
    |icmp_ln840_fu_180_p2    |      icmp|   0|  0|  11|          11|          10|
    |icmp_ln844_fu_257_p2    |      icmp|   0|  0|  11|          11|          10|
    |select_ln108_fu_295_p3  |    select|   0|  0|  64|           1|          64|
    |select_ln67_fu_317_p3   |    select|   0|  0|  63|           1|          63|
    |x_3_fu_227_p3           |    select|   0|  0|  64|           1|          64|
    |xor_ln10_fu_263_p2      |       xor|   0|  0|   2|           1|           1|
    |xor_ln112_fu_285_p2     |       xor|   0|  0|  65|          64|          65|
    |xor_ln95_fu_306_p2      |       xor|   0|  0|  65|          64|          65|
    |xor_ln9_fu_275_p2       |       xor|   0|  0|   2|           1|           1|
    +------------------------+----------+----+---+----+------------+------------+
    |Total                   |          |   0|  0| 452|         315|         379|
    +------------------------+----------+----+---+----+------------+------------+

    * Multiplexer: 
    +------------------------------------+-----+-----------+-----+-----------+
    |                Name                | LUT | Input Size| Bits| Total Bits|
    +------------------------------------+-----+-----------+-----+-----------+
    |ap_NS_fsm                           |  759|        142|    1|        142|
    |ap_phi_mux_resultf_3_phi_fu_74_p10  |    9|          2|   64|        128|
    |ap_return                           |    9|          2|   64|        128|
    |expx_reg_58                         |    9|          2|   64|        128|
    |grp_fu_112_p0                       |   14|          3|   64|        192|
    |grp_fu_98_opcode                    |   14|          3|    2|          6|
    |grp_fu_98_p0                        |   37|          7|   64|        448|
    |grp_fu_98_p1                        |   31|          6|   64|        384|
    |resultf_3_reg_70                    |   25|          5|   64|        320|
    +------------------------------------+-----+-----------+-----+-----------+
    |Total                               |  907|        172|  451|       1876|
    +------------------------------------+-----+-----------+-----+-----------+

    * Register: 
    +---------------------------------------------+-----+----+-----+-----------+
    |                     Name                    |  FF | LUT| Bits| Const Bits|
    +---------------------------------------------+-----+----+-----+-----------+
    |abst_in_reg_339                              |   63|   0|   64|          1|
    |and_ln75_reg_355                             |    1|   0|    1|          0|
    |ap_CS_fsm                                    |  141|   0|  141|          0|
    |ap_return_preg                               |   64|   0|   64|          0|
    |div_reg_399                                  |   64|   0|   64|          0|
    |expx_reg_58                                  |   64|   0|   64|          0|
    |grp_exp_generic_double_s_fu_87_ap_start_reg  |    1|   0|    1|          0|
    |icmp_ln824_reg_347                           |    1|   0|    1|          0|
    |icmp_ln828_reg_359                           |    1|   0|    1|          0|
    |icmp_ln840_1_reg_368                         |    1|   0|    1|          0|
    |icmp_ln840_reg_351                           |    1|   0|    1|          0|
    |p_Result_1_reg_334                           |   63|   0|   63|          0|
    |p_Result_s_reg_324                           |    1|   0|    1|          0|
    |reg_127                                      |   64|   0|   64|          0|
    |resultf_3_reg_70                             |   64|   0|   64|          0|
    |resultf_reg_414                              |   64|   0|   64|          0|
    |tmp_5_reg_364                                |    1|   0|    1|          0|
    |tmp_7_reg_329                                |   11|   0|   11|          0|
    |tmp_reg_394                                  |   64|   0|   64|          0|
    |x_3_reg_378                                  |   64|   0|   64|          0|
    +---------------------------------------------+-----+----+-----+-----------+
    |Total                                        |  798|   0|  799|          1|
    +---------------------------------------------+-----+----+-----+-----------+



================================================================
== Interface
================================================================
* Summary: 
+--------------------+-----+-----+------------+----------------------+--------------+
|      RTL Ports     | Dir | Bits|  Protocol  |     Source Object    |    C Type    |
+--------------------+-----+-----+------------+----------------------+--------------+
|ap_clk              |   in|    1|  ap_ctrl_hs|  generic_tanh<double>|  return value|
|ap_rst              |   in|    1|  ap_ctrl_hs|  generic_tanh<double>|  return value|
|ap_start            |   in|    1|  ap_ctrl_hs|  generic_tanh<double>|  return value|
|ap_done             |  out|    1|  ap_ctrl_hs|  generic_tanh<double>|  return value|
|ap_idle             |  out|    1|  ap_ctrl_hs|  generic_tanh<double>|  return value|
|ap_ready            |  out|    1|  ap_ctrl_hs|  generic_tanh<double>|  return value|
|ap_return           |  out|   64|  ap_ctrl_hs|  generic_tanh<double>|  return value|
|grp_fu_722_p_din0   |  out|   64|  ap_ctrl_hs|  generic_tanh<double>|  return value|
|grp_fu_722_p_din1   |  out|   64|  ap_ctrl_hs|  generic_tanh<double>|  return value|
|grp_fu_722_p_dout0  |   in|   64|  ap_ctrl_hs|  generic_tanh<double>|  return value|
|grp_fu_722_p_ce     |  out|    1|  ap_ctrl_hs|  generic_tanh<double>|  return value|
|t_in                |   in|   64|     ap_none|                  t_in|        scalar|
+--------------------+-----+-----+------------+----------------------+--------------+

