

================================================================
== Vitis HLS Report for 'calculateLayer34'
================================================================
* Date:           Thu Jan 15 17:49:30 2026

* Version:        2020.2 (Build 3064766 on Wed Nov 18 09:12:45 MST 2020)
* Project:        PBDHLS
* Solution:       solution1 (Vivado IP Flow Target)
* Product family: virtex7
* Target device:  xc7vx485t-ffg1157-1


================================================================
== Performance Estimates
================================================================
+ Timing: 
    * Summary: 
    +--------+----------+-----------+------------+
    |  Clock |  Target  | Estimated | Uncertainty|
    +--------+----------+-----------+------------+
    |ap_clk  |  20.00 ns|  15.042 ns|     5.40 ns|
    +--------+----------+-----------+------------+

+ Latency: 
    * Summary: 
    +---------+---------+----------+----------+--------+--------+---------+
    |  Latency (cycles) |  Latency (absolute) |     Interval    | Pipeline|
    |   min   |   max   |    min   |    max   |   min  |   max  |   Type  |
    +---------+---------+----------+----------+--------+--------+---------+
    |   187817|   187817|  3.756 ms|  3.756 ms|  187818|  187818|     none|
    +---------+---------+----------+----------+--------+--------+---------+

    + Detail: 
        * Instance: 
        +-------------------------------------+---------------------------+---------+---------+----------+----------+--------+--------+---------+
        |                                     |                           |  Latency (cycles) |  Latency (absolute) |     Interval    | Pipeline|
        |               Instance              |           Module          |   min   |   max   |    min   |    max   |   min  |   max  |   Type  |
        +-------------------------------------+---------------------------+---------+---------+----------+----------+--------+--------+---------+
        |grp_calculateLayer3_301_302_1_fu_86  |calculateLayer3_301_302_1  |   187644|   187644|  3.753 ms|  3.753 ms|  187644|  187644|     none|
        |grp_calculateLayer4_1_fu_112         |calculateLayer4_1          |      170|      170|  3.400 us|  3.400 us|     170|     170|     none|
        +-------------------------------------+---------------------------+---------+---------+----------+----------+--------+--------+---------+

        * Loop: 
        N/A



================================================================
== Utilization Estimates
================================================================
* Summary: 
+-----------------+---------+------+--------+--------+-----+
|       Name      | BRAM_18K|  DSP |   FF   |   LUT  | URAM|
+-----------------+---------+------+--------+--------+-----+
|DSP              |        -|     -|       -|       -|    -|
|Expression       |        -|     -|       -|       -|    -|
|FIFO             |        -|     -|       -|       -|    -|
|Instance         |     1049|    80|   32049|   35141|    -|
|Memory           |        -|     -|       -|       -|    -|
|Multiplexer      |        -|     -|       -|     288|    -|
|Register         |        -|     -|     294|       -|    -|
+-----------------+---------+------+--------+--------+-----+
|Total            |     1049|    80|   32343|   35429|    0|
+-----------------+---------+------+--------+--------+-----+
|Available        |     2060|  2800|  607200|  303600|    0|
+-----------------+---------+------+--------+--------+-----+
|Utilization (%)  |       50|     2|       5|      11|    0|
+-----------------+---------+------+--------+--------+-----+

+ Detail: 
    * Instance: 
    +-------------------------------------+--------------------------------+---------+----+-------+-------+-----+
    |               Instance              |             Module             | BRAM_18K| DSP|   FF  |  LUT  | URAM|
    +-------------------------------------+--------------------------------+---------+----+-------+-------+-----+
    |grp_calculateLayer3_301_302_1_fu_86  |calculateLayer3_301_302_1       |       16|   0|  19044|  22813|    0|
    |grp_calculateLayer4_1_fu_112         |calculateLayer4_1               |     1024|   0|    982|    409|    0|
    |control_s_axi_U                      |control_s_axi                   |        0|   0|    176|    296|    0|
    |dmul_64ns_64ns_64_4_max_dsp_1_U82    |dmul_64ns_64ns_64_4_max_dsp_1   |        0|  11|    275|    182|    0|
    |dmul_64ns_64ns_64_4_max_dsp_1_U90    |dmul_64ns_64ns_64_4_max_dsp_1   |        0|  11|    275|    182|    0|
    |fadd_32ns_32ns_32_3_full_dsp_1_U79   |fadd_32ns_32ns_32_3_full_dsp_1  |        0|   2|    177|    198|    0|
    |fadd_32ns_32ns_32_3_full_dsp_1_U83   |fadd_32ns_32ns_32_3_full_dsp_1  |        0|   2|    177|    198|    0|
    |fadd_32ns_32ns_32_3_full_dsp_1_U84   |fadd_32ns_32ns_32_3_full_dsp_1  |        0|   2|    177|    198|    0|
    |fadd_32ns_32ns_32_3_full_dsp_1_U85   |fadd_32ns_32ns_32_3_full_dsp_1  |        0|   2|    177|    198|    0|
    |fmul_32ns_32ns_32_2_max_dsp_1_U80    |fmul_32ns_32ns_32_2_max_dsp_1   |        0|   3|    128|    138|    0|
    |fmul_32ns_32ns_32_2_max_dsp_1_U86    |fmul_32ns_32ns_32_2_max_dsp_1   |        0|   3|    128|    138|    0|
    |fmul_32ns_32ns_32_2_max_dsp_1_U87    |fmul_32ns_32ns_32_2_max_dsp_1   |        0|   3|    128|    138|    0|
    |fmul_32ns_32ns_32_2_max_dsp_1_U88    |fmul_32ns_32ns_32_2_max_dsp_1   |        0|   3|    128|    138|    0|
    |fmul_32ns_32ns_32_2_max_dsp_1_U89    |fmul_32ns_32ns_32_2_max_dsp_1   |        0|   3|    128|    138|    0|
    |fptrunc_64ns_32_2_no_dsp_1_U81       |fptrunc_64ns_32_2_no_dsp_1      |        0|   0|      0|      0|    0|
    |grp_generic_tanh_double_s_fu_147     |generic_tanh_double_s           |        5|  35|   8925|   8617|    0|
    |gmem0_m_axi_U                        |gmem0_m_axi                     |        2|   0|    512|    580|    0|
    |gmem1_m_axi_U                        |gmem1_m_axi                     |        2|   0|    512|    580|    0|
    +-------------------------------------+--------------------------------+---------+----+-------+-------+-----+
    |Total                                |                                |     1049|  80|  32049|  35141|    0|
    +-------------------------------------+--------------------------------+---------+----+-------+-------+-----+

    * DSP: 
    N/A

    * Memory: 
    N/A

    * FIFO: 
    N/A

    * Expression: 
    N/A

    * Multiplexer: 
    +-------------------------------------------+----+-----------+-----+-----------+
    |                    Name                   | LUT| Input Size| Bits| Total Bits|
    +-------------------------------------------+----+-----------+-----+-----------+
    |ap_NS_fsm                                  |  21|          5|    1|          5|
    |gmem0_ARVALID                              |   9|          2|    1|          2|
    |gmem0_RREADY                               |   9|          2|    1|          2|
    |gmem1_AWVALID                              |   9|          2|    1|          2|
    |gmem1_BREADY                               |   9|          2|    1|          2|
    |gmem1_WVALID                               |   9|          2|    1|          2|
    |grp_fu_154_ce                              |  13|          3|    1|          3|
    |grp_fu_154_p0                              |   9|          2|   32|         64|
    |grp_fu_154_p1                              |   9|          2|   32|         64|
    |grp_fu_158_ce                              |  13|          3|    1|          3|
    |grp_fu_158_p0                              |   9|          2|   32|         64|
    |grp_fu_158_p1                              |   9|          2|   32|         64|
    |grp_fu_162_ce                              |  13|          3|    1|          3|
    |grp_fu_162_p0                              |   9|          2|   64|        128|
    |grp_fu_165_ce                              |  13|          3|    1|          3|
    |grp_fu_165_p0                              |   9|          2|   64|        128|
    |grp_fu_165_p1                              |   9|          2|   64|        128|
    |grp_fu_169_ce                              |   9|          2|    1|          2|
    |grp_fu_173_ce                              |   9|          2|    1|          2|
    |grp_fu_177_ce                              |   9|          2|    1|          2|
    |grp_fu_181_ce                              |   9|          2|    1|          2|
    |grp_fu_185_ce                              |   9|          2|    1|          2|
    |grp_fu_189_ce                              |   9|          2|    1|          2|
    |grp_fu_193_ce                              |   9|          2|    1|          2|
    |grp_fu_197_ce                              |   9|          2|    1|          2|
    |grp_generic_tanh_double_s_fu_147_ap_ce     |  13|          3|    1|          3|
    |grp_generic_tanh_double_s_fu_147_ap_start  |  13|          3|    1|          3|
    |grp_generic_tanh_double_s_fu_147_t_in      |   9|          2|   64|        128|
    +-------------------------------------------+----+-----------+-----+-----------+
    |Total                                      | 288|         65|  404|        817|
    +-------------------------------------------+----+-----------+-----+-----------+

    * Register: 
    +--------------------------------------------------+----+----+-----+-----------+
    |                       Name                       | FF | LUT| Bits| Const Bits|
    +--------------------------------------------------+----+----+-----+-----------+
    |Layer2_Neurons_CPU_read_reg_142                   |  64|   0|   64|          0|
    |Layer3_Neurons_CPU_622_1                          |  32|   0|   32|          0|
    |Layer3_Neurons_CPU_623_0                          |  32|   0|   32|          0|
    |Layer3_Neurons_CPU_623_1                          |  32|   0|   32|          0|
    |Layer3_Neurons_CPU_624_0                          |  32|   0|   32|          0|
    |Layer3_Neurons_CPU_624_1                          |  32|   0|   32|          0|
    |Layer4_Neurons_CPU_read_reg_137                   |  64|   0|   64|          0|
    |ap_CS_fsm                                         |   4|   0|    4|          0|
    |grp_calculateLayer3_301_302_1_fu_86_ap_start_reg  |   1|   0|    1|          0|
    |grp_calculateLayer4_1_fu_112_ap_start_reg         |   1|   0|    1|          0|
    +--------------------------------------------------+----+----+-----+-----------+
    |Total                                             | 294|   0|  294|          0|
    +--------------------------------------------------+----+----+-----+-----------+



================================================================
== Interface
================================================================
* Summary: 
+-----------------------+-----+-----+------------+------------------+--------------+
|       RTL Ports       | Dir | Bits|  Protocol  |   Source Object  |    C Type    |
+-----------------------+-----+-----+------------+------------------+--------------+
|s_axi_control_AWVALID  |   in|    1|       s_axi|           control|        scalar|
|s_axi_control_AWREADY  |  out|    1|       s_axi|           control|        scalar|
|s_axi_control_AWADDR   |   in|    6|       s_axi|           control|        scalar|
|s_axi_control_WVALID   |   in|    1|       s_axi|           control|        scalar|
|s_axi_control_WREADY   |  out|    1|       s_axi|           control|        scalar|
|s_axi_control_WDATA    |   in|   32|       s_axi|           control|        scalar|
|s_axi_control_WSTRB    |   in|    4|       s_axi|           control|        scalar|
|s_axi_control_ARVALID  |   in|    1|       s_axi|           control|        scalar|
|s_axi_control_ARREADY  |  out|    1|       s_axi|           control|        scalar|
|s_axi_control_ARADDR   |   in|    6|       s_axi|           control|        scalar|
|s_axi_control_RVALID   |  out|    1|       s_axi|           control|        scalar|
|s_axi_control_RREADY   |   in|    1|       s_axi|           control|        scalar|
|s_axi_control_RDATA    |  out|   32|       s_axi|           control|        scalar|
|s_axi_control_RRESP    |  out|    2|       s_axi|           control|        scalar|
|s_axi_control_BVALID   |  out|    1|       s_axi|           control|        scalar|
|s_axi_control_BREADY   |   in|    1|       s_axi|           control|        scalar|
|s_axi_control_BRESP    |  out|    2|       s_axi|           control|        scalar|
|ap_clk                 |   in|    1|  ap_ctrl_hs|  calculateLayer34|  return value|
|ap_rst_n               |   in|    1|  ap_ctrl_hs|  calculateLayer34|  return value|
|interrupt              |  out|    1|  ap_ctrl_hs|  calculateLayer34|  return value|
|m_axi_gmem0_AWVALID    |  out|    1|       m_axi|             gmem0|       pointer|
|m_axi_gmem0_AWREADY    |   in|    1|       m_axi|             gmem0|       pointer|
|m_axi_gmem0_AWADDR     |  out|   64|       m_axi|             gmem0|       pointer|
|m_axi_gmem0_AWID       |  out|    1|       m_axi|             gmem0|       pointer|
|m_axi_gmem0_AWLEN      |  out|    8|       m_axi|             gmem0|       pointer|
|m_axi_gmem0_AWSIZE     |  out|    3|       m_axi|             gmem0|       pointer|
|m_axi_gmem0_AWBURST    |  out|    2|       m_axi|             gmem0|       pointer|
|m_axi_gmem0_AWLOCK     |  out|    2|       m_axi|             gmem0|       pointer|
|m_axi_gmem0_AWCACHE    |  out|    4|       m_axi|             gmem0|       pointer|
|m_axi_gmem0_AWPROT     |  out|    3|       m_axi|             gmem0|       pointer|
|m_axi_gmem0_AWQOS      |  out|    4|       m_axi|             gmem0|       pointer|
|m_axi_gmem0_AWREGION   |  out|    4|       m_axi|             gmem0|       pointer|
|m_axi_gmem0_AWUSER     |  out|    1|       m_axi|             gmem0|       pointer|
|m_axi_gmem0_WVALID     |  out|    1|       m_axi|             gmem0|       pointer|
|m_axi_gmem0_WREADY     |   in|    1|       m_axi|             gmem0|       pointer|
|m_axi_gmem0_WDATA      |  out|   32|       m_axi|             gmem0|       pointer|
|m_axi_gmem0_WSTRB      |  out|    4|       m_axi|             gmem0|       pointer|
|m_axi_gmem0_WLAST      |  out|    1|       m_axi|             gmem0|       pointer|
|m_axi_gmem0_WID        |  out|    1|       m_axi|             gmem0|       pointer|
|m_axi_gmem0_WUSER      |  out|    1|       m_axi|             gmem0|       pointer|
|m_axi_gmem0_ARVALID    |  out|    1|       m_axi|             gmem0|       pointer|
|m_axi_gmem0_ARREADY    |   in|    1|       m_axi|             gmem0|       pointer|
|m_axi_gmem0_ARADDR     |  out|   64|       m_axi|             gmem0|       pointer|
|m_axi_gmem0_ARID       |  out|    1|       m_axi|             gmem0|       pointer|
|m_axi_gmem0_ARLEN      |  out|    8|       m_axi|             gmem0|       pointer|
|m_axi_gmem0_ARSIZE     |  out|    3|       m_axi|             gmem0|       pointer|
|m_axi_gmem0_ARBURST    |  out|    2|       m_axi|             gmem0|       pointer|
|m_axi_gmem0_ARLOCK     |  out|    2|       m_axi|             gmem0|       pointer|
|m_axi_gmem0_ARCACHE    |  out|    4|       m_axi|             gmem0|       pointer|
|m_axi_gmem0_ARPROT     |  out|    3|       m_axi|             gmem0|       pointer|
|m_axi_gmem0_ARQOS      |  out|    4|       m_axi|             gmem0|       pointer|
|m_axi_gmem0_ARREGION   |  out|    4|       m_axi|             gmem0|       pointer|
|m_axi_gmem0_ARUSER     |  out|    1|       m_axi|             gmem0|       pointer|
|m_axi_gmem0_RVALID     |   in|    1|       m_axi|             gmem0|       pointer|
|m_axi_gmem0_RREADY     |  out|    1|       m_axi|             gmem0|       pointer|
|m_axi_gmem0_RDATA      |   in|   32|       m_axi|             gmem0|       pointer|
|m_axi_gmem0_RLAST      |   in|    1|       m_axi|             gmem0|       pointer|
|m_axi_gmem0_RID        |   in|    1|       m_axi|             gmem0|       pointer|
|m_axi_gmem0_RUSER      |   in|    1|       m_axi|             gmem0|       pointer|
|m_axi_gmem0_RRESP      |   in|    2|       m_axi|             gmem0|       pointer|
|m_axi_gmem0_BVALID     |   in|    1|       m_axi|             gmem0|       pointer|
|m_axi_gmem0_BREADY     |  out|    1|       m_axi|             gmem0|       pointer|
|m_axi_gmem0_BRESP      |   in|    2|       m_axi|             gmem0|       pointer|
|m_axi_gmem0_BID        |   in|    1|       m_axi|             gmem0|       pointer|
|m_axi_gmem0_BUSER      |   in|    1|       m_axi|             gmem0|       pointer|
|m_axi_gmem1_AWVALID    |  out|    1|       m_axi|             gmem1|       pointer|
|m_axi_gmem1_AWREADY    |   in|    1|       m_axi|             gmem1|       pointer|
|m_axi_gmem1_AWADDR     |  out|   64|       m_axi|             gmem1|       pointer|
|m_axi_gmem1_AWID       |  out|    1|       m_axi|             gmem1|       pointer|
|m_axi_gmem1_AWLEN      |  out|    8|       m_axi|             gmem1|       pointer|
|m_axi_gmem1_AWSIZE     |  out|    3|       m_axi|             gmem1|       pointer|
|m_axi_gmem1_AWBURST    |  out|    2|       m_axi|             gmem1|       pointer|
|m_axi_gmem1_AWLOCK     |  out|    2|       m_axi|             gmem1|       pointer|
|m_axi_gmem1_AWCACHE    |  out|    4|       m_axi|             gmem1|       pointer|
|m_axi_gmem1_AWPROT     |  out|    3|       m_axi|             gmem1|       pointer|
|m_axi_gmem1_AWQOS      |  out|    4|       m_axi|             gmem1|       pointer|
|m_axi_gmem1_AWREGION   |  out|    4|       m_axi|             gmem1|       pointer|
|m_axi_gmem1_AWUSER     |  out|    1|       m_axi|             gmem1|       pointer|
|m_axi_gmem1_WVALID     |  out|    1|       m_axi|             gmem1|       pointer|
|m_axi_gmem1_WREADY     |   in|    1|       m_axi|             gmem1|       pointer|
|m_axi_gmem1_WDATA      |  out|   32|       m_axi|             gmem1|       pointer|
|m_axi_gmem1_WSTRB      |  out|    4|       m_axi|             gmem1|       pointer|
|m_axi_gmem1_WLAST      |  out|    1|       m_axi|             gmem1|       pointer|
|m_axi_gmem1_WID        |  out|    1|       m_axi|             gmem1|       pointer|
|m_axi_gmem1_WUSER      |  out|    1|       m_axi|             gmem1|       pointer|
|m_axi_gmem1_ARVALID    |  out|    1|       m_axi|             gmem1|       pointer|
|m_axi_gmem1_ARREADY    |   in|    1|       m_axi|             gmem1|       pointer|
|m_axi_gmem1_ARADDR     |  out|   64|       m_axi|             gmem1|       pointer|
|m_axi_gmem1_ARID       |  out|    1|       m_axi|             gmem1|       pointer|
|m_axi_gmem1_ARLEN      |  out|    8|       m_axi|             gmem1|       pointer|
|m_axi_gmem1_ARSIZE     |  out|    3|       m_axi|             gmem1|       pointer|
|m_axi_gmem1_ARBURST    |  out|    2|       m_axi|             gmem1|       pointer|
|m_axi_gmem1_ARLOCK     |  out|    2|       m_axi|             gmem1|       pointer|
|m_axi_gmem1_ARCACHE    |  out|    4|       m_axi|             gmem1|       pointer|
|m_axi_gmem1_ARPROT     |  out|    3|       m_axi|             gmem1|       pointer|
|m_axi_gmem1_ARQOS      |  out|    4|       m_axi|             gmem1|       pointer|
|m_axi_gmem1_ARREGION   |  out|    4|       m_axi|             gmem1|       pointer|
|m_axi_gmem1_ARUSER     |  out|    1|       m_axi|             gmem1|       pointer|
|m_axi_gmem1_RVALID     |   in|    1|       m_axi|             gmem1|       pointer|
|m_axi_gmem1_RREADY     |  out|    1|       m_axi|             gmem1|       pointer|
|m_axi_gmem1_RDATA      |   in|   32|       m_axi|             gmem1|       pointer|
|m_axi_gmem1_RLAST      |   in|    1|       m_axi|             gmem1|       pointer|
|m_axi_gmem1_RID        |   in|    1|       m_axi|             gmem1|       pointer|
|m_axi_gmem1_RUSER      |   in|    1|       m_axi|             gmem1|       pointer|
|m_axi_gmem1_RRESP      |   in|    2|       m_axi|             gmem1|       pointer|
|m_axi_gmem1_BVALID     |   in|    1|       m_axi|             gmem1|       pointer|
|m_axi_gmem1_BREADY     |  out|    1|       m_axi|             gmem1|       pointer|
|m_axi_gmem1_BRESP      |   in|    2|       m_axi|             gmem1|       pointer|
|m_axi_gmem1_BID        |   in|    1|       m_axi|             gmem1|       pointer|
|m_axi_gmem1_BUSER      |   in|    1|       m_axi|             gmem1|       pointer|
+-----------------------+-----+-----+------------+------------------+--------------+

