

================================================================
== Vitis HLS Report for 'generic_tanh_double_s'
================================================================
* Date:           Sun Feb  8 22:48:10 2026

* Version:        2020.2 (Build 3064766 on Wed Nov 18 09:12:45 MST 2020)
* Project:        PBDVitisHLS2
* Solution:       solution1 (Vivado IP Flow Target)
* Product family: zynq
* Target device:  xc7z020-clg400-1


================================================================
== Performance Estimates
================================================================
+ Timing: 
    * Summary: 
    +--------+----------+-----------+------------+
    |  Clock |  Target  | Estimated | Uncertainty|
    +--------+----------+-----------+------------+
    |ap_clk  |  20.00 ns|  14.159 ns|     5.40 ns|
    +--------+----------+-----------+------------+

+ Latency: 
    * Summary: 
    +---------+---------+-----------+----------+-----+-----+---------+
    |  Latency (cycles) |  Latency (absolute)  |  Interval | Pipeline|
    |   min   |   max   |    min    |    max   | min | max |   Type  |
    +---------+---------+-----------+----------+-----+-----+---------+
    |        2|       55|  40.000 ns|  1.100 us|    2|   55|     none|
    +---------+---------+-----------+----------+-----+-----+---------+

    + Detail: 
        * Instance: 
        N/A

        * Loop: 
        N/A

============================================================
+ Verbose Summary: Synthesis Manager
============================================================
InlineROM: 1
ExposeGlobal: 0
============================================================
+ Verbose Summary: CDFG Model
============================================================
IsTopModel: 0
ResetActiveHigh: 1
IsCombinational: 0
IsDatapathOnly: 0
HasWiredReturn: 1
HasMFsm: 0
HasVarLatency: 1
IsPipeline: 0
IsRtlPipelined: 0
IsInstanceOverlapped: 0
IsDontTouch: 0
HasImplIP: 0
IsGatedGlobalClock: 0


============================================================
+ Verbose Summary: Schedule
============================================================
* Number of FSM states : 141
* Pipeline : 0
* Dataflow Pipeline: 0

* FSM state transitions: 
1 --> 88 79 2 
2 --> 3 56 
3 --> 4 
4 --> 5 
5 --> 6 
6 --> 7 
7 --> 8 25 
8 --> 9 
9 --> 10 
10 --> 11 
11 --> 12 
12 --> 13 
13 --> 14 
14 --> 15 
15 --> 16 
16 --> 17 
17 --> 18 
18 --> 19 
19 --> 20 
20 --> 21 
21 --> 22 
22 --> 23 
23 --> 24 
24 --> 25 
25 --> 26 
26 --> 27 
27 --> 28 
28 --> 29 
29 --> 30 57 
30 --> 31 
31 --> 32 
32 --> 33 
33 --> 34 
34 --> 35 
35 --> 36 
36 --> 37 
37 --> 38 
38 --> 39 
39 --> 40 
40 --> 41 
41 --> 42 
42 --> 43 
43 --> 44 
44 --> 45 
45 --> 46 
46 --> 47 
47 --> 48 
48 --> 49 
49 --> 50 
50 --> 51 
51 --> 52 
52 --> 53 
53 --> 54 
54 --> 55 
55 --> 56 
56 --> 
57 --> 58 
58 --> 59 
59 --> 60 
60 --> 61 
61 --> 62 
62 --> 63 
63 --> 64 
64 --> 65 
65 --> 66 
66 --> 67 
67 --> 68 
68 --> 69 
69 --> 70 
70 --> 71 
71 --> 72 
72 --> 73 
73 --> 74 
74 --> 75 
75 --> 76 
76 --> 77 
77 --> 78 
78 --> 56 
79 --> 80 
80 --> 81 
81 --> 82 
82 --> 83 
83 --> 84 
84 --> 85 
85 --> 86 
86 --> 87 
87 --> 56 
88 --> 89 
89 --> 90 
90 --> 91 
91 --> 92 
92 --> 93 
93 --> 94 
94 --> 95 
95 --> 96 
96 --> 97 
97 --> 98 
98 --> 99 
99 --> 100 
100 --> 101 
101 --> 102 
102 --> 103 
103 --> 104 
104 --> 105 
105 --> 106 
106 --> 107 
107 --> 108 
108 --> 109 
109 --> 110 
110 --> 111 
111 --> 112 
112 --> 113 
113 --> 114 
114 --> 115 
115 --> 116 
116 --> 117 
117 --> 118 
118 --> 119 
119 --> 120 
120 --> 121 
121 --> 122 
122 --> 123 
123 --> 124 
124 --> 125 
125 --> 126 
126 --> 127 
127 --> 128 
128 --> 129 
129 --> 130 
130 --> 131 
131 --> 132 
132 --> 133 
133 --> 134 
134 --> 135 
135 --> 136 
136 --> 137 
137 --> 138 
138 --> 139 
139 --> 140 
140 --> 141 
141 --> 56 

* FSM state operations: 

State 1 <SV = 0> <Delay = 8.23>
ST_1 : Operation 142 [1/1] (0.00ns)   --->   "%t_in_read = read i64 @_ssdm_op_Read.ap_auto.double, i64 %t_in" [r:/ci/prod/2020.2/rdi_builds/continuous/2020_11_18_3064766/src/shared/hls/clib/hlsmath/include/FloatingPoint\hls_tanh.h:57]   --->   Operation 142 'read' 't_in_read' <Predicate = true> <Delay = 0.00>
ST_1 : Operation 143 [1/1] (0.00ns)   --->   "%data_V = bitcast i64 %t_in_read" [r:/ci/prod/2020.2/rdi_builds/continuous/2020_11_18_3064766/src/shared/hls/clib/src/hls\utils/x_hls_utils.h:483]   --->   Operation 143 'bitcast' 'data_V' <Predicate = true> <Delay = 0.00>
ST_1 : Operation 144 [1/1] (0.00ns)   --->   "%p_Result_s = bitselect i1 @_ssdm_op_BitSelect.i1.i64.i32, i64 %data_V, i32 63"   --->   Operation 144 'bitselect' 'p_Result_s' <Predicate = true> <Delay = 0.00>
ST_1 : Operation 145 [1/1] (0.00ns)   --->   "%tmp_7 = partselect i11 @_ssdm_op_PartSelect.i11.i64.i32.i32, i64 %data_V, i32 52, i32 62"   --->   Operation 145 'partselect' 'tmp_7' <Predicate = true> <Delay = 0.00>
ST_1 : Operation 146 [1/1] (0.00ns)   --->   "%tmp_8 = trunc i64 %data_V"   --->   Operation 146 'trunc' 'tmp_8' <Predicate = true> <Delay = 0.00>
ST_1 : Operation 147 [1/1] (0.00ns)   --->   "%p_Result_1 = trunc i64 %data_V"   --->   Operation 147 'trunc' 'p_Result_1' <Predicate = true> <Delay = 0.00>
ST_1 : Operation 148 [1/1] (0.00ns)   --->   "%zext_ln368 = zext i63 %p_Result_1"   --->   Operation 148 'zext' 'zext_ln368' <Predicate = true> <Delay = 0.00>
ST_1 : Operation 149 [1/1] (0.00ns)   --->   "%abst_in = bitcast i64 %zext_ln368" [r:/ci/prod/2020.2/rdi_builds/continuous/2020_11_18_3064766/src/shared/hls/clib/src/hls\utils/x_hls_utils.h:521]   --->   Operation 149 'bitcast' 'abst_in' <Predicate = true> <Delay = 0.00>
ST_1 : Operation 150 [1/1] (1.88ns)   --->   "%icmp_ln824 = icmp_eq  i11 %tmp_7, i11 2047"   --->   Operation 150 'icmp' 'icmp_ln824' <Predicate = true> <Delay = 1.88> <CoreInst = "Cmp">   --->   Core 9 'Cmp' <Latency = 0> <II = 1> <Delay = 2.89> <FuncUnit> <Opcode : 'icmp'> <InPorts = 2> <OutPorts = 1>
ST_1 : Operation 151 [1/1] (0.00ns)   --->   "%br_ln65 = br i1 %icmp_ln824, void, void" [r:/ci/prod/2020.2/rdi_builds/continuous/2020_11_18_3064766/src/shared/hls/clib/hlsmath/include/FloatingPoint\hls_tanh.h:65]   --->   Operation 151 'br' 'br_ln65' <Predicate = true> <Delay = 0.00>
ST_1 : Operation 152 [1/1] (1.88ns)   --->   "%icmp_ln840 = icmp_ult  i11 %tmp_7, i11 968"   --->   Operation 152 'icmp' 'icmp_ln840' <Predicate = (!icmp_ln824)> <Delay = 1.88> <CoreInst = "Cmp">   --->   Core 9 'Cmp' <Latency = 0> <II = 1> <Delay = 2.89> <FuncUnit> <Opcode : 'icmp'> <InPorts = 2> <OutPorts = 1>
ST_1 : Operation 153 [1/1] (0.00ns)   --->   "%br_ln74 = br i1 %icmp_ln840, void, void %._crit_edge" [r:/ci/prod/2020.2/rdi_builds/continuous/2020_11_18_3064766/src/shared/hls/clib/hlsmath/include/FloatingPoint\hls_tanh.h:74]   --->   Operation 153 'br' 'br_ln74' <Predicate = (!icmp_ln824)> <Delay = 0.00>
ST_1 : Operation 154 [1/1] (1.88ns)   --->   "%icmp_ln824_1 = icmp_eq  i11 %tmp_7, i11 968"   --->   Operation 154 'icmp' 'icmp_ln824_1' <Predicate = (!icmp_ln824 & !icmp_ln840)> <Delay = 1.88> <CoreInst = "Cmp">   --->   Core 9 'Cmp' <Latency = 0> <II = 1> <Delay = 2.89> <FuncUnit> <Opcode : 'icmp'> <InPorts = 2> <OutPorts = 1>
ST_1 : Operation 155 [1/1] (2.89ns)   --->   "%icmp_ln824_2 = icmp_eq  i52 %tmp_8, i52 0"   --->   Operation 155 'icmp' 'icmp_ln824_2' <Predicate = (!icmp_ln824 & !icmp_ln840)> <Delay = 2.89> <CoreInst = "Cmp">   --->   Core 9 'Cmp' <Latency = 0> <II = 1> <Delay = 2.89> <FuncUnit> <Opcode : 'icmp'> <InPorts = 2> <OutPorts = 1>
ST_1 : Operation 156 [1/1] (0.97ns)   --->   "%and_ln75 = and i1 %icmp_ln824_1, i1 %icmp_ln824_2" [r:/ci/prod/2020.2/rdi_builds/continuous/2020_11_18_3064766/src/shared/hls/clib/hlsmath/include/FloatingPoint\hls_tanh.h:75]   --->   Operation 156 'and' 'and_ln75' <Predicate = (!icmp_ln824 & !icmp_ln840)> <Delay = 0.97> <CoreInst = "LogicGate">   --->   Core 74 'LogicGate' <Latency = 0> <II = 1> <Delay = 0.99> <FuncUnit> <Opcode : 'and' 'or' 'xor'> <InPorts = 2> <OutPorts = 1>
ST_1 : Operation 157 [1/1] (0.00ns)   --->   "%br_ln75 = br i1 %and_ln75, void, void %._crit_edge" [r:/ci/prod/2020.2/rdi_builds/continuous/2020_11_18_3064766/src/shared/hls/clib/hlsmath/include/FloatingPoint\hls_tanh.h:75]   --->   Operation 157 'br' 'br_ln75' <Predicate = (!icmp_ln824 & !icmp_ln840)> <Delay = 0.00>
ST_1 : Operation 158 [2/2] (5.46ns)   --->   "%tmp_5 = fcmp_olt  i64 %abst_in, i64 22" [r:/ci/prod/2020.2/rdi_builds/continuous/2020_11_18_3064766/src/shared/hls/clib/hlsmath/include/FloatingPoint\hls_tanh.h:80]   --->   Operation 158 'dcmp' 'tmp_5' <Predicate = (!icmp_ln824 & !icmp_ln840 & !and_ln75)> <Delay = 5.46> <CoreInst = "DCompare">   --->   Core 38 'DCompare' <Latency = 1> <II = 1> <Delay = 5.46> <FuncUnit> <Opcode : 'dcmp'> <InPorts = 2> <OutPorts = 1>
ST_1 : Operation 159 [5/5] (8.23ns)   --->   "%add = dadd i64 %abst_in, i64 1" [r:/ci/prod/2020.2/rdi_builds/continuous/2020_11_18_3064766/src/shared/hls/clib/hlsmath/include/FloatingPoint\hls_tanh.h:78]   --->   Operation 159 'dadd' 'add' <Predicate = (!icmp_ln824 & and_ln75) | (!icmp_ln824 & icmp_ln840)> <Delay = 8.23> <CoreInst = "DAddSub_fulldsp">   --->   Core 37 'DAddSub_fulldsp' <Latency = 4> <II = 1> <Delay = 8.23> <FuncUnit> <Opcode : 'dadd' 'dsub'> <InPorts = 2> <OutPorts = 1>
ST_1 : Operation 160 [1/1] (2.89ns)   --->   "%icmp_ln828 = icmp_ne  i52 %tmp_8, i52 0"   --->   Operation 160 'icmp' 'icmp_ln828' <Predicate = (icmp_ln824)> <Delay = 2.89> <CoreInst = "Cmp">   --->   Core 9 'Cmp' <Latency = 0> <II = 1> <Delay = 2.89> <FuncUnit> <Opcode : 'icmp'> <InPorts = 2> <OutPorts = 1>

State 2 <SV = 1> <Delay = 7.40>
ST_2 : Operation 161 [1/2] (5.46ns)   --->   "%tmp_5 = fcmp_olt  i64 %abst_in, i64 22" [r:/ci/prod/2020.2/rdi_builds/continuous/2020_11_18_3064766/src/shared/hls/clib/hlsmath/include/FloatingPoint\hls_tanh.h:80]   --->   Operation 161 'dcmp' 'tmp_5' <Predicate = true> <Delay = 5.46> <CoreInst = "DCompare">   --->   Core 38 'DCompare' <Latency = 1> <II = 1> <Delay = 5.46> <FuncUnit> <Opcode : 'dcmp'> <InPorts = 2> <OutPorts = 1>
ST_2 : Operation 162 [1/1] (1.94ns)   --->   "%br_ln80 = br i1 %tmp_5, void %._crit_edge3, void" [r:/ci/prod/2020.2/rdi_builds/continuous/2020_11_18_3064766/src/shared/hls/clib/hlsmath/include/FloatingPoint\hls_tanh.h:80]   --->   Operation 162 'br' 'br_ln80' <Predicate = true> <Delay = 1.94>
ST_2 : Operation 163 [1/1] (1.88ns)   --->   "%icmp_ln840_1 = icmp_ult  i11 %tmp_7, i11 1023"   --->   Operation 163 'icmp' 'icmp_ln840_1' <Predicate = (tmp_5)> <Delay = 1.88> <CoreInst = "Cmp">   --->   Core 9 'Cmp' <Latency = 0> <II = 1> <Delay = 2.89> <FuncUnit> <Opcode : 'icmp'> <InPorts = 2> <OutPorts = 1>

State 3 <SV = 2> <Delay = 8.23>
ST_3 : Operation 164 [1/1] (0.00ns)   --->   "%or_ln = bitconcatenate i64 @_ssdm_op_BitConcatenate.i64.i1.i63, i1 1, i63 %p_Result_1" [r:/ci/prod/2020.2/rdi_builds/continuous/2020_11_18_3064766/src/shared/hls/clib/hlsmath/include/FloatingPoint\hls_tanh.h:84]   --->   Operation 164 'bitconcatenate' 'or_ln' <Predicate = (icmp_ln840_1)> <Delay = 0.00>
ST_3 : Operation 165 [1/1] (0.00ns)   --->   "%bitcast_ln84 = bitcast i64 %or_ln" [r:/ci/prod/2020.2/rdi_builds/continuous/2020_11_18_3064766/src/shared/hls/clib/hlsmath/include/FloatingPoint\hls_tanh.h:84]   --->   Operation 165 'bitcast' 'bitcast_ln84' <Predicate = (icmp_ln840_1)> <Delay = 0.00>
ST_3 : Operation 166 [5/5] (8.23ns)   --->   "%x = dsub i64 %bitcast_ln84, i64 %abst_in" [r:/ci/prod/2020.2/rdi_builds/continuous/2020_11_18_3064766/src/shared/hls/clib/hlsmath/include/FloatingPoint\hls_tanh.h:84]   --->   Operation 166 'dsub' 'x' <Predicate = (icmp_ln840_1)> <Delay = 8.23> <CoreInst = "DAddSub_fulldsp">   --->   Core 37 'DAddSub_fulldsp' <Latency = 4> <II = 1> <Delay = 8.23> <FuncUnit> <Opcode : 'dadd' 'dsub'> <InPorts = 2> <OutPorts = 1>
ST_3 : Operation 167 [5/5] (8.23ns)   --->   "%x_1 = dadd i64 %abst_in, i64 %abst_in" [r:/ci/prod/2020.2/rdi_builds/continuous/2020_11_18_3064766/src/shared/hls/clib/hlsmath/include/FloatingPoint\hls_tanh.h:87]   --->   Operation 167 'dadd' 'x_1' <Predicate = (!icmp_ln840_1)> <Delay = 8.23> <CoreInst = "DAddSub_fulldsp">   --->   Core 37 'DAddSub_fulldsp' <Latency = 4> <II = 1> <Delay = 8.23> <FuncUnit> <Opcode : 'dadd' 'dsub'> <InPorts = 2> <OutPorts = 1>

State 4 <SV = 3> <Delay = 8.23>
ST_4 : Operation 168 [4/5] (8.23ns)   --->   "%x = dsub i64 %bitcast_ln84, i64 %abst_in" [r:/ci/prod/2020.2/rdi_builds/continuous/2020_11_18_3064766/src/shared/hls/clib/hlsmath/include/FloatingPoint\hls_tanh.h:84]   --->   Operation 168 'dsub' 'x' <Predicate = (icmp_ln840_1)> <Delay = 8.23> <CoreInst = "DAddSub_fulldsp">   --->   Core 37 'DAddSub_fulldsp' <Latency = 4> <II = 1> <Delay = 8.23> <FuncUnit> <Opcode : 'dadd' 'dsub'> <InPorts = 2> <OutPorts = 1>
ST_4 : Operation 169 [4/5] (8.23ns)   --->   "%x_1 = dadd i64 %abst_in, i64 %abst_in" [r:/ci/prod/2020.2/rdi_builds/continuous/2020_11_18_3064766/src/shared/hls/clib/hlsmath/include/FloatingPoint\hls_tanh.h:87]   --->   Operation 169 'dadd' 'x_1' <Predicate = (!icmp_ln840_1)> <Delay = 8.23> <CoreInst = "DAddSub_fulldsp">   --->   Core 37 'DAddSub_fulldsp' <Latency = 4> <II = 1> <Delay = 8.23> <FuncUnit> <Opcode : 'dadd' 'dsub'> <InPorts = 2> <OutPorts = 1>

State 5 <SV = 4> <Delay = 8.23>
ST_5 : Operation 170 [3/5] (8.23ns)   --->   "%x = dsub i64 %bitcast_ln84, i64 %abst_in" [r:/ci/prod/2020.2/rdi_builds/continuous/2020_11_18_3064766/src/shared/hls/clib/hlsmath/include/FloatingPoint\hls_tanh.h:84]   --->   Operation 170 'dsub' 'x' <Predicate = (icmp_ln840_1)> <Delay = 8.23> <CoreInst = "DAddSub_fulldsp">   --->   Core 37 'DAddSub_fulldsp' <Latency = 4> <II = 1> <Delay = 8.23> <FuncUnit> <Opcode : 'dadd' 'dsub'> <InPorts = 2> <OutPorts = 1>
ST_5 : Operation 171 [3/5] (8.23ns)   --->   "%x_1 = dadd i64 %abst_in, i64 %abst_in" [r:/ci/prod/2020.2/rdi_builds/continuous/2020_11_18_3064766/src/shared/hls/clib/hlsmath/include/FloatingPoint\hls_tanh.h:87]   --->   Operation 171 'dadd' 'x_1' <Predicate = (!icmp_ln840_1)> <Delay = 8.23> <CoreInst = "DAddSub_fulldsp">   --->   Core 37 'DAddSub_fulldsp' <Latency = 4> <II = 1> <Delay = 8.23> <FuncUnit> <Opcode : 'dadd' 'dsub'> <InPorts = 2> <OutPorts = 1>

State 6 <SV = 5> <Delay = 8.23>
ST_6 : Operation 172 [2/5] (8.23ns)   --->   "%x = dsub i64 %bitcast_ln84, i64 %abst_in" [r:/ci/prod/2020.2/rdi_builds/continuous/2020_11_18_3064766/src/shared/hls/clib/hlsmath/include/FloatingPoint\hls_tanh.h:84]   --->   Operation 172 'dsub' 'x' <Predicate = (icmp_ln840_1)> <Delay = 8.23> <CoreInst = "DAddSub_fulldsp">   --->   Core 37 'DAddSub_fulldsp' <Latency = 4> <II = 1> <Delay = 8.23> <FuncUnit> <Opcode : 'dadd' 'dsub'> <InPorts = 2> <OutPorts = 1>
ST_6 : Operation 173 [2/5] (8.23ns)   --->   "%x_1 = dadd i64 %abst_in, i64 %abst_in" [r:/ci/prod/2020.2/rdi_builds/continuous/2020_11_18_3064766/src/shared/hls/clib/hlsmath/include/FloatingPoint\hls_tanh.h:87]   --->   Operation 173 'dadd' 'x_1' <Predicate = (!icmp_ln840_1)> <Delay = 8.23> <CoreInst = "DAddSub_fulldsp">   --->   Core 37 'DAddSub_fulldsp' <Latency = 4> <II = 1> <Delay = 8.23> <FuncUnit> <Opcode : 'dadd' 'dsub'> <InPorts = 2> <OutPorts = 1>

State 7 <SV = 6> <Delay = 14.1>
ST_7 : Operation 174 [1/5] (8.23ns)   --->   "%x = dsub i64 %bitcast_ln84, i64 %abst_in" [r:/ci/prod/2020.2/rdi_builds/continuous/2020_11_18_3064766/src/shared/hls/clib/hlsmath/include/FloatingPoint\hls_tanh.h:84]   --->   Operation 174 'dsub' 'x' <Predicate = (icmp_ln840_1)> <Delay = 8.23> <CoreInst = "DAddSub_fulldsp">   --->   Core 37 'DAddSub_fulldsp' <Latency = 4> <II = 1> <Delay = 8.23> <FuncUnit> <Opcode : 'dadd' 'dsub'> <InPorts = 2> <OutPorts = 1>
ST_7 : Operation 175 [1/5] (8.23ns)   --->   "%x_1 = dadd i64 %abst_in, i64 %abst_in" [r:/ci/prod/2020.2/rdi_builds/continuous/2020_11_18_3064766/src/shared/hls/clib/hlsmath/include/FloatingPoint\hls_tanh.h:87]   --->   Operation 175 'dadd' 'x_1' <Predicate = (!icmp_ln840_1)> <Delay = 8.23> <CoreInst = "DAddSub_fulldsp">   --->   Core 37 'DAddSub_fulldsp' <Latency = 4> <II = 1> <Delay = 8.23> <FuncUnit> <Opcode : 'dadd' 'dsub'> <InPorts = 2> <OutPorts = 1>
ST_7 : Operation 176 [1/1] (1.48ns)   --->   "%x_3 = select i1 %icmp_ln840_1, i64 %x, i64 %x_1" [r:/ci/prod/2020.2/rdi_builds/continuous/2020_11_18_3064766/src/shared/hls/clib/hlsmath/include/FloatingPoint\hls_tanh.h:83]   --->   Operation 176 'select' 'x_3' <Predicate = true> <Delay = 1.48> <CoreInst = "Sel">   --->   Core 73 'Sel' <Latency = 0> <II = 1> <Delay = 1.48> <FuncUnit> <Opcode : 'select'> <InPorts = 3> <OutPorts = 1>
ST_7 : Operation 177 [1/1] (0.00ns)   --->   "%data_V_1 = bitcast i64 %x_3" [r:/ci/prod/2020.2/rdi_builds/continuous/2020_11_18_3064766/src/shared/hls/clib/src/hls\utils/x_hls_utils.h:483]   --->   Operation 177 'bitcast' 'data_V_1' <Predicate = true> <Delay = 0.00>
ST_7 : Operation 178 [1/1] (0.00ns)   --->   "%p_Result_2 = bitselect i1 @_ssdm_op_BitSelect.i1.i64.i32, i64 %data_V_1, i32 63"   --->   Operation 178 'bitselect' 'p_Result_2' <Predicate = true> <Delay = 0.00>
ST_7 : Operation 179 [1/1] (0.00ns)   --->   "%tmp_9 = partselect i11 @_ssdm_op_PartSelect.i11.i64.i32.i32, i64 %data_V_1, i32 52, i32 62"   --->   Operation 179 'partselect' 'tmp_9' <Predicate = true> <Delay = 0.00>
ST_7 : Operation 180 [1/1] (0.00ns)   --->   "%br_ln9 = br i1 %p_Result_2, void %.critedge, void" [r:/ci/prod/2020.2/rdi_builds/continuous/2020_11_18_3064766/src/shared/hls/clib/hlsmath/src/common/hls_exp_double.cpp:9]   --->   Operation 180 'br' 'br_ln9' <Predicate = true> <Delay = 0.00>
ST_7 : Operation 181 [1/1] (1.88ns)   --->   "%icmp_ln844 = icmp_ult  i11 %tmp_9, i11 997"   --->   Operation 181 'icmp' 'icmp_ln844' <Predicate = (!p_Result_2)> <Delay = 1.88> <CoreInst = "Cmp">   --->   Core 9 'Cmp' <Latency = 0> <II = 1> <Delay = 2.89> <FuncUnit> <Opcode : 'icmp'> <InPorts = 2> <OutPorts = 1>
ST_7 : Operation 182 [1/1] (1.88ns)   --->   "%icmp_ln828_2 = icmp_eq  i11 %tmp_9, i11 0"   --->   Operation 182 'icmp' 'icmp_ln828_2' <Predicate = (!p_Result_2)> <Delay = 1.88> <CoreInst = "Cmp">   --->   Core 9 'Cmp' <Latency = 0> <II = 1> <Delay = 2.89> <FuncUnit> <Opcode : 'icmp'> <InPorts = 2> <OutPorts = 1>
ST_7 : Operation 183 [1/1] (0.97ns)   --->   "%xor_ln10 = xor i1 %icmp_ln828_2, i1 %icmp_ln844" [r:/ci/prod/2020.2/rdi_builds/continuous/2020_11_18_3064766/src/shared/hls/clib/hlsmath/src/common/hls_exp_double.cpp:10]   --->   Operation 183 'xor' 'xor_ln10' <Predicate = (!p_Result_2)> <Delay = 0.97> <CoreInst = "LogicGate">   --->   Core 74 'LogicGate' <Latency = 0> <II = 1> <Delay = 0.99> <FuncUnit> <Opcode : 'and' 'or' 'xor'> <InPorts = 2> <OutPorts = 1>
ST_7 : Operation 184 [1/1] (1.58ns)   --->   "%br_ln10 = br i1 %xor_ln10, void %.critedge45.i, void %_ZN11exp_reduce_5expm1Ed.exit" [r:/ci/prod/2020.2/rdi_builds/continuous/2020_11_18_3064766/src/shared/hls/clib/hlsmath/src/common/hls_exp_double.cpp:10]   --->   Operation 184 'br' 'br_ln10' <Predicate = (!p_Result_2)> <Delay = 1.58>
ST_7 : Operation 185 [1/1] (1.88ns)   --->   "%icmp_ln832 = icmp_ult  i11 %tmp_9, i11 996"   --->   Operation 185 'icmp' 'icmp_ln832' <Predicate = (p_Result_2)> <Delay = 1.88> <CoreInst = "Cmp">   --->   Core 9 'Cmp' <Latency = 0> <II = 1> <Delay = 2.89> <FuncUnit> <Opcode : 'icmp'> <InPorts = 2> <OutPorts = 1>
ST_7 : Operation 186 [1/1] (1.88ns)   --->   "%icmp_ln828_1 = icmp_eq  i11 %tmp_9, i11 0"   --->   Operation 186 'icmp' 'icmp_ln828_1' <Predicate = (p_Result_2)> <Delay = 1.88> <CoreInst = "Cmp">   --->   Core 9 'Cmp' <Latency = 0> <II = 1> <Delay = 2.89> <FuncUnit> <Opcode : 'icmp'> <InPorts = 2> <OutPorts = 1>
ST_7 : Operation 187 [1/1] (0.97ns)   --->   "%xor_ln9 = xor i1 %icmp_ln828_1, i1 %icmp_ln832" [r:/ci/prod/2020.2/rdi_builds/continuous/2020_11_18_3064766/src/shared/hls/clib/hlsmath/src/common/hls_exp_double.cpp:9]   --->   Operation 187 'xor' 'xor_ln9' <Predicate = (p_Result_2)> <Delay = 0.97> <CoreInst = "LogicGate">   --->   Core 74 'LogicGate' <Latency = 0> <II = 1> <Delay = 0.99> <FuncUnit> <Opcode : 'and' 'or' 'xor'> <InPorts = 2> <OutPorts = 1>
ST_7 : Operation 188 [1/1] (1.58ns)   --->   "%br_ln9 = br i1 %xor_ln9, void %.critedge45.i, void %_ZN11exp_reduce_5expm1Ed.exit" [r:/ci/prod/2020.2/rdi_builds/continuous/2020_11_18_3064766/src/shared/hls/clib/hlsmath/src/common/hls_exp_double.cpp:9]   --->   Operation 188 'br' 'br_ln9' <Predicate = (p_Result_2)> <Delay = 1.58>

State 8 <SV = 7> <Delay = 13.4>
ST_8 : Operation 189 [12/12] (13.4ns)   --->   "%tmp = call i64 @exp_generic<double>, i64 %x_3, i58 %table_exp_Z1_ap_ufixed_58_1_ap_q_mode_5_ap_o_mode_3_0_array_V, i26 %table_f_Z3_ap_ufixed_59_0_ap_q_mode_5_ap_o_mode_3_0_array_V, i42 %table_f_Z2_ap_ufixed_59_0_ap_q_mode_5_ap_o_mode_3_0_array_V" [r:/ci/prod/2020.2/rdi_builds/continuous/2020_11_18_3064766/src/shared/hls/clib/hlsmath/src/common/hls_exp_double.cpp:11]   --->   Operation 189 'call' 'tmp' <Predicate = true> <Delay = 13.4> <CoreType = "Generic">   --->   Core 0 '' <Latency = 0> <II = 1> <Delay = 1.00> <Generic> <Opcode : >

State 9 <SV = 8> <Delay = 13.6>
ST_9 : Operation 190 [11/12] (13.6ns)   --->   "%tmp = call i64 @exp_generic<double>, i64 %x_3, i58 %table_exp_Z1_ap_ufixed_58_1_ap_q_mode_5_ap_o_mode_3_0_array_V, i26 %table_f_Z3_ap_ufixed_59_0_ap_q_mode_5_ap_o_mode_3_0_array_V, i42 %table_f_Z2_ap_ufixed_59_0_ap_q_mode_5_ap_o_mode_3_0_array_V" [r:/ci/prod/2020.2/rdi_builds/continuous/2020_11_18_3064766/src/shared/hls/clib/hlsmath/src/common/hls_exp_double.cpp:11]   --->   Operation 190 'call' 'tmp' <Predicate = true> <Delay = 13.6> <CoreType = "Generic">   --->   Core 0 '' <Latency = 0> <II = 1> <Delay = 1.00> <Generic> <Opcode : >

State 10 <SV = 9> <Delay = 13.6>
ST_10 : Operation 191 [10/12] (13.6ns)   --->   "%tmp = call i64 @exp_generic<double>, i64 %x_3, i58 %table_exp_Z1_ap_ufixed_58_1_ap_q_mode_5_ap_o_mode_3_0_array_V, i26 %table_f_Z3_ap_ufixed_59_0_ap_q_mode_5_ap_o_mode_3_0_array_V, i42 %table_f_Z2_ap_ufixed_59_0_ap_q_mode_5_ap_o_mode_3_0_array_V" [r:/ci/prod/2020.2/rdi_builds/continuous/2020_11_18_3064766/src/shared/hls/clib/hlsmath/src/common/hls_exp_double.cpp:11]   --->   Operation 191 'call' 'tmp' <Predicate = true> <Delay = 13.6> <CoreType = "Generic">   --->   Core 0 '' <Latency = 0> <II = 1> <Delay = 1.00> <Generic> <Opcode : >

State 11 <SV = 10> <Delay = 13.6>
ST_11 : Operation 192 [9/12] (13.6ns)   --->   "%tmp = call i64 @exp_generic<double>, i64 %x_3, i58 %table_exp_Z1_ap_ufixed_58_1_ap_q_mode_5_ap_o_mode_3_0_array_V, i26 %table_f_Z3_ap_ufixed_59_0_ap_q_mode_5_ap_o_mode_3_0_array_V, i42 %table_f_Z2_ap_ufixed_59_0_ap_q_mode_5_ap_o_mode_3_0_array_V" [r:/ci/prod/2020.2/rdi_builds/continuous/2020_11_18_3064766/src/shared/hls/clib/hlsmath/src/common/hls_exp_double.cpp:11]   --->   Operation 192 'call' 'tmp' <Predicate = true> <Delay = 13.6> <CoreType = "Generic">   --->   Core 0 '' <Latency = 0> <II = 1> <Delay = 1.00> <Generic> <Opcode : >

State 12 <SV = 11> <Delay = 13.6>
ST_12 : Operation 193 [8/12] (13.6ns)   --->   "%tmp = call i64 @exp_generic<double>, i64 %x_3, i58 %table_exp_Z1_ap_ufixed_58_1_ap_q_mode_5_ap_o_mode_3_0_array_V, i26 %table_f_Z3_ap_ufixed_59_0_ap_q_mode_5_ap_o_mode_3_0_array_V, i42 %table_f_Z2_ap_ufixed_59_0_ap_q_mode_5_ap_o_mode_3_0_array_V" [r:/ci/prod/2020.2/rdi_builds/continuous/2020_11_18_3064766/src/shared/hls/clib/hlsmath/src/common/hls_exp_double.cpp:11]   --->   Operation 193 'call' 'tmp' <Predicate = true> <Delay = 13.6> <CoreType = "Generic">   --->   Core 0 '' <Latency = 0> <II = 1> <Delay = 1.00> <Generic> <Opcode : >

State 13 <SV = 12> <Delay = 13.6>
ST_13 : Operation 194 [7/12] (13.6ns)   --->   "%tmp = call i64 @exp_generic<double>, i64 %x_3, i58 %table_exp_Z1_ap_ufixed_58_1_ap_q_mode_5_ap_o_mode_3_0_array_V, i26 %table_f_Z3_ap_ufixed_59_0_ap_q_mode_5_ap_o_mode_3_0_array_V, i42 %table_f_Z2_ap_ufixed_59_0_ap_q_mode_5_ap_o_mode_3_0_array_V" [r:/ci/prod/2020.2/rdi_builds/continuous/2020_11_18_3064766/src/shared/hls/clib/hlsmath/src/common/hls_exp_double.cpp:11]   --->   Operation 194 'call' 'tmp' <Predicate = true> <Delay = 13.6> <CoreType = "Generic">   --->   Core 0 '' <Latency = 0> <II = 1> <Delay = 1.00> <Generic> <Opcode : >

State 14 <SV = 13> <Delay = 13.6>
ST_14 : Operation 195 [6/12] (13.6ns)   --->   "%tmp = call i64 @exp_generic<double>, i64 %x_3, i58 %table_exp_Z1_ap_ufixed_58_1_ap_q_mode_5_ap_o_mode_3_0_array_V, i26 %table_f_Z3_ap_ufixed_59_0_ap_q_mode_5_ap_o_mode_3_0_array_V, i42 %table_f_Z2_ap_ufixed_59_0_ap_q_mode_5_ap_o_mode_3_0_array_V" [r:/ci/prod/2020.2/rdi_builds/continuous/2020_11_18_3064766/src/shared/hls/clib/hlsmath/src/common/hls_exp_double.cpp:11]   --->   Operation 195 'call' 'tmp' <Predicate = true> <Delay = 13.6> <CoreType = "Generic">   --->   Core 0 '' <Latency = 0> <II = 1> <Delay = 1.00> <Generic> <Opcode : >

State 15 <SV = 14> <Delay = 13.6>
ST_15 : Operation 196 [5/12] (13.6ns)   --->   "%tmp = call i64 @exp_generic<double>, i64 %x_3, i58 %table_exp_Z1_ap_ufixed_58_1_ap_q_mode_5_ap_o_mode_3_0_array_V, i26 %table_f_Z3_ap_ufixed_59_0_ap_q_mode_5_ap_o_mode_3_0_array_V, i42 %table_f_Z2_ap_ufixed_59_0_ap_q_mode_5_ap_o_mode_3_0_array_V" [r:/ci/prod/2020.2/rdi_builds/continuous/2020_11_18_3064766/src/shared/hls/clib/hlsmath/src/common/hls_exp_double.cpp:11]   --->   Operation 196 'call' 'tmp' <Predicate = true> <Delay = 13.6> <CoreType = "Generic">   --->   Core 0 '' <Latency = 0> <II = 1> <Delay = 1.00> <Generic> <Opcode : >

State 16 <SV = 15> <Delay = 13.6>
ST_16 : Operation 197 [4/12] (13.6ns)   --->   "%tmp = call i64 @exp_generic<double>, i64 %x_3, i58 %table_exp_Z1_ap_ufixed_58_1_ap_q_mode_5_ap_o_mode_3_0_array_V, i26 %table_f_Z3_ap_ufixed_59_0_ap_q_mode_5_ap_o_mode_3_0_array_V, i42 %table_f_Z2_ap_ufixed_59_0_ap_q_mode_5_ap_o_mode_3_0_array_V" [r:/ci/prod/2020.2/rdi_builds/continuous/2020_11_18_3064766/src/shared/hls/clib/hlsmath/src/common/hls_exp_double.cpp:11]   --->   Operation 197 'call' 'tmp' <Predicate = true> <Delay = 13.6> <CoreType = "Generic">   --->   Core 0 '' <Latency = 0> <II = 1> <Delay = 1.00> <Generic> <Opcode : >

State 17 <SV = 16> <Delay = 13.6>
ST_17 : Operation 198 [3/12] (13.6ns)   --->   "%tmp = call i64 @exp_generic<double>, i64 %x_3, i58 %table_exp_Z1_ap_ufixed_58_1_ap_q_mode_5_ap_o_mode_3_0_array_V, i26 %table_f_Z3_ap_ufixed_59_0_ap_q_mode_5_ap_o_mode_3_0_array_V, i42 %table_f_Z2_ap_ufixed_59_0_ap_q_mode_5_ap_o_mode_3_0_array_V" [r:/ci/prod/2020.2/rdi_builds/continuous/2020_11_18_3064766/src/shared/hls/clib/hlsmath/src/common/hls_exp_double.cpp:11]   --->   Operation 198 'call' 'tmp' <Predicate = true> <Delay = 13.6> <CoreType = "Generic">   --->   Core 0 '' <Latency = 0> <II = 1> <Delay = 1.00> <Generic> <Opcode : >

State 18 <SV = 17> <Delay = 13.6>
ST_18 : Operation 199 [2/12] (13.6ns)   --->   "%tmp = call i64 @exp_generic<double>, i64 %x_3, i58 %table_exp_Z1_ap_ufixed_58_1_ap_q_mode_5_ap_o_mode_3_0_array_V, i26 %table_f_Z3_ap_ufixed_59_0_ap_q_mode_5_ap_o_mode_3_0_array_V, i42 %table_f_Z2_ap_ufixed_59_0_ap_q_mode_5_ap_o_mode_3_0_array_V" [r:/ci/prod/2020.2/rdi_builds/continuous/2020_11_18_3064766/src/shared/hls/clib/hlsmath/src/common/hls_exp_double.cpp:11]   --->   Operation 199 'call' 'tmp' <Predicate = true> <Delay = 13.6> <CoreType = "Generic">   --->   Core 0 '' <Latency = 0> <II = 1> <Delay = 1.00> <Generic> <Opcode : >

State 19 <SV = 18> <Delay = 11.4>
ST_19 : Operation 200 [1/12] (11.4ns)   --->   "%tmp = call i64 @exp_generic<double>, i64 %x_3, i58 %table_exp_Z1_ap_ufixed_58_1_ap_q_mode_5_ap_o_mode_3_0_array_V, i26 %table_f_Z3_ap_ufixed_59_0_ap_q_mode_5_ap_o_mode_3_0_array_V, i42 %table_f_Z2_ap_ufixed_59_0_ap_q_mode_5_ap_o_mode_3_0_array_V" [r:/ci/prod/2020.2/rdi_builds/continuous/2020_11_18_3064766/src/shared/hls/clib/hlsmath/src/common/hls_exp_double.cpp:11]   --->   Operation 200 'call' 'tmp' <Predicate = true> <Delay = 11.4> <CoreType = "Generic">   --->   Core 0 '' <Latency = 0> <II = 1> <Delay = 1.00> <Generic> <Opcode : >

State 20 <SV = 19> <Delay = 8.23>
ST_20 : Operation 201 [5/5] (8.23ns)   --->   "%sub_i = dadd i64 %tmp, i64 -1" [r:/ci/prod/2020.2/rdi_builds/continuous/2020_11_18_3064766/src/shared/hls/clib/hlsmath/src/common/hls_exp_double.cpp:11]   --->   Operation 201 'dadd' 'sub_i' <Predicate = true> <Delay = 8.23> <CoreInst = "DAddSub_fulldsp">   --->   Core 37 'DAddSub_fulldsp' <Latency = 4> <II = 1> <Delay = 8.23> <FuncUnit> <Opcode : 'dadd' 'dsub'> <InPorts = 2> <OutPorts = 1>

State 21 <SV = 20> <Delay = 8.23>
ST_21 : Operation 202 [4/5] (8.23ns)   --->   "%sub_i = dadd i64 %tmp, i64 -1" [r:/ci/prod/2020.2/rdi_builds/continuous/2020_11_18_3064766/src/shared/hls/clib/hlsmath/src/common/hls_exp_double.cpp:11]   --->   Operation 202 'dadd' 'sub_i' <Predicate = true> <Delay = 8.23> <CoreInst = "DAddSub_fulldsp">   --->   Core 37 'DAddSub_fulldsp' <Latency = 4> <II = 1> <Delay = 8.23> <FuncUnit> <Opcode : 'dadd' 'dsub'> <InPorts = 2> <OutPorts = 1>

State 22 <SV = 21> <Delay = 8.23>
ST_22 : Operation 203 [3/5] (8.23ns)   --->   "%sub_i = dadd i64 %tmp, i64 -1" [r:/ci/prod/2020.2/rdi_builds/continuous/2020_11_18_3064766/src/shared/hls/clib/hlsmath/src/common/hls_exp_double.cpp:11]   --->   Operation 203 'dadd' 'sub_i' <Predicate = true> <Delay = 8.23> <CoreInst = "DAddSub_fulldsp">   --->   Core 37 'DAddSub_fulldsp' <Latency = 4> <II = 1> <Delay = 8.23> <FuncUnit> <Opcode : 'dadd' 'dsub'> <InPorts = 2> <OutPorts = 1>

State 23 <SV = 22> <Delay = 8.23>
ST_23 : Operation 204 [2/5] (8.23ns)   --->   "%sub_i = dadd i64 %tmp, i64 -1" [r:/ci/prod/2020.2/rdi_builds/continuous/2020_11_18_3064766/src/shared/hls/clib/hlsmath/src/common/hls_exp_double.cpp:11]   --->   Operation 204 'dadd' 'sub_i' <Predicate = true> <Delay = 8.23> <CoreInst = "DAddSub_fulldsp">   --->   Core 37 'DAddSub_fulldsp' <Latency = 4> <II = 1> <Delay = 8.23> <FuncUnit> <Opcode : 'dadd' 'dsub'> <InPorts = 2> <OutPorts = 1>

State 24 <SV = 23> <Delay = 8.23>
ST_24 : Operation 205 [1/5] (8.23ns)   --->   "%sub_i = dadd i64 %tmp, i64 -1" [r:/ci/prod/2020.2/rdi_builds/continuous/2020_11_18_3064766/src/shared/hls/clib/hlsmath/src/common/hls_exp_double.cpp:11]   --->   Operation 205 'dadd' 'sub_i' <Predicate = true> <Delay = 8.23> <CoreInst = "DAddSub_fulldsp">   --->   Core 37 'DAddSub_fulldsp' <Latency = 4> <II = 1> <Delay = 8.23> <FuncUnit> <Opcode : 'dadd' 'dsub'> <InPorts = 2> <OutPorts = 1>
ST_24 : Operation 206 [1/1] (1.58ns)   --->   "%br_ln11 = br void %_ZN11exp_reduce_5expm1Ed.exit" [r:/ci/prod/2020.2/rdi_builds/continuous/2020_11_18_3064766/src/shared/hls/clib/hlsmath/src/common/hls_exp_double.cpp:11]   --->   Operation 206 'br' 'br_ln11' <Predicate = true> <Delay = 1.58>

State 25 <SV = 24> <Delay = 8.23>
ST_25 : Operation 207 [1/1] (0.00ns)   --->   "%expx = phi i64 %sub_i, void %.critedge45.i, i64 %x_3, void, i64 %x_3, void %.critedge"   --->   Operation 207 'phi' 'expx' <Predicate = true> <Delay = 0.00>
ST_25 : Operation 208 [5/5] (8.23ns)   --->   "%add2 = dadd i64 %expx, i64 2" [r:/ci/prod/2020.2/rdi_builds/continuous/2020_11_18_3064766/src/shared/hls/clib/hlsmath/include/FloatingPoint\hls_tanh.h:100]   --->   Operation 208 'dadd' 'add2' <Predicate = true> <Delay = 8.23> <CoreInst = "DAddSub_fulldsp">   --->   Core 37 'DAddSub_fulldsp' <Latency = 4> <II = 1> <Delay = 8.23> <FuncUnit> <Opcode : 'dadd' 'dsub'> <InPorts = 2> <OutPorts = 1>

State 26 <SV = 25> <Delay = 8.23>
ST_26 : Operation 209 [4/5] (8.23ns)   --->   "%add2 = dadd i64 %expx, i64 2" [r:/ci/prod/2020.2/rdi_builds/continuous/2020_11_18_3064766/src/shared/hls/clib/hlsmath/include/FloatingPoint\hls_tanh.h:100]   --->   Operation 209 'dadd' 'add2' <Predicate = true> <Delay = 8.23> <CoreInst = "DAddSub_fulldsp">   --->   Core 37 'DAddSub_fulldsp' <Latency = 4> <II = 1> <Delay = 8.23> <FuncUnit> <Opcode : 'dadd' 'dsub'> <InPorts = 2> <OutPorts = 1>

State 27 <SV = 26> <Delay = 8.23>
ST_27 : Operation 210 [3/5] (8.23ns)   --->   "%add2 = dadd i64 %expx, i64 2" [r:/ci/prod/2020.2/rdi_builds/continuous/2020_11_18_3064766/src/shared/hls/clib/hlsmath/include/FloatingPoint\hls_tanh.h:100]   --->   Operation 210 'dadd' 'add2' <Predicate = true> <Delay = 8.23> <CoreInst = "DAddSub_fulldsp">   --->   Core 37 'DAddSub_fulldsp' <Latency = 4> <II = 1> <Delay = 8.23> <FuncUnit> <Opcode : 'dadd' 'dsub'> <InPorts = 2> <OutPorts = 1>

State 28 <SV = 27> <Delay = 8.23>
ST_28 : Operation 211 [2/5] (8.23ns)   --->   "%add2 = dadd i64 %expx, i64 2" [r:/ci/prod/2020.2/rdi_builds/continuous/2020_11_18_3064766/src/shared/hls/clib/hlsmath/include/FloatingPoint\hls_tanh.h:100]   --->   Operation 211 'dadd' 'add2' <Predicate = true> <Delay = 8.23> <CoreInst = "DAddSub_fulldsp">   --->   Core 37 'DAddSub_fulldsp' <Latency = 4> <II = 1> <Delay = 8.23> <FuncUnit> <Opcode : 'dadd' 'dsub'> <InPorts = 2> <OutPorts = 1>

State 29 <SV = 28> <Delay = 8.23>
ST_29 : Operation 212 [1/5] (8.23ns)   --->   "%add2 = dadd i64 %expx, i64 2" [r:/ci/prod/2020.2/rdi_builds/continuous/2020_11_18_3064766/src/shared/hls/clib/hlsmath/include/FloatingPoint\hls_tanh.h:100]   --->   Operation 212 'dadd' 'add2' <Predicate = true> <Delay = 8.23> <CoreInst = "DAddSub_fulldsp">   --->   Core 37 'DAddSub_fulldsp' <Latency = 4> <II = 1> <Delay = 8.23> <FuncUnit> <Opcode : 'dadd' 'dsub'> <InPorts = 2> <OutPorts = 1>
ST_29 : Operation 213 [1/1] (0.00ns)   --->   "%br_ln92 = br i1 %icmp_ln840_1, void, void" [r:/ci/prod/2020.2/rdi_builds/continuous/2020_11_18_3064766/src/shared/hls/clib/hlsmath/include/FloatingPoint\hls_tanh.h:92]   --->   Operation 213 'br' 'br_ln92' <Predicate = true> <Delay = 0.00>

State 30 <SV = 29> <Delay = 12.0>
ST_30 : Operation 214 [22/22] (12.0ns)   --->   "%div = ddiv i64 2, i64 %add2" [r:/ci/prod/2020.2/rdi_builds/continuous/2020_11_18_3064766/src/shared/hls/clib/hlsmath/include/FloatingPoint\hls_tanh.h:100]   --->   Operation 214 'ddiv' 'div' <Predicate = true> <Delay = 12.0> <CoreInst = "DDiv">   --->   Core 39 'DDiv' <Latency = 21> <II = 1> <Delay = 12.0> <FuncUnit> <Opcode : 'ddiv' 'drem'> <InPorts = 2> <OutPorts = 1>

State 31 <SV = 30> <Delay = 12.0>
ST_31 : Operation 215 [21/22] (12.0ns)   --->   "%div = ddiv i64 2, i64 %add2" [r:/ci/prod/2020.2/rdi_builds/continuous/2020_11_18_3064766/src/shared/hls/clib/hlsmath/include/FloatingPoint\hls_tanh.h:100]   --->   Operation 215 'ddiv' 'div' <Predicate = true> <Delay = 12.0> <CoreInst = "DDiv">   --->   Core 39 'DDiv' <Latency = 21> <II = 1> <Delay = 12.0> <FuncUnit> <Opcode : 'ddiv' 'drem'> <InPorts = 2> <OutPorts = 1>

State 32 <SV = 31> <Delay = 12.0>
ST_32 : Operation 216 [20/22] (12.0ns)   --->   "%div = ddiv i64 2, i64 %add2" [r:/ci/prod/2020.2/rdi_builds/continuous/2020_11_18_3064766/src/shared/hls/clib/hlsmath/include/FloatingPoint\hls_tanh.h:100]   --->   Operation 216 'ddiv' 'div' <Predicate = true> <Delay = 12.0> <CoreInst = "DDiv">   --->   Core 39 'DDiv' <Latency = 21> <II = 1> <Delay = 12.0> <FuncUnit> <Opcode : 'ddiv' 'drem'> <InPorts = 2> <OutPorts = 1>

State 33 <SV = 32> <Delay = 12.0>
ST_33 : Operation 217 [19/22] (12.0ns)   --->   "%div = ddiv i64 2, i64 %add2" [r:/ci/prod/2020.2/rdi_builds/continuous/2020_11_18_3064766/src/shared/hls/clib/hlsmath/include/FloatingPoint\hls_tanh.h:100]   --->   Operation 217 'ddiv' 'div' <Predicate = true> <Delay = 12.0> <CoreInst = "DDiv">   --->   Core 39 'DDiv' <Latency = 21> <II = 1> <Delay = 12.0> <FuncUnit> <Opcode : 'ddiv' 'drem'> <InPorts = 2> <OutPorts = 1>

State 34 <SV = 33> <Delay = 12.0>
ST_34 : Operation 218 [18/22] (12.0ns)   --->   "%div = ddiv i64 2, i64 %add2" [r:/ci/prod/2020.2/rdi_builds/continuous/2020_11_18_3064766/src/shared/hls/clib/hlsmath/include/FloatingPoint\hls_tanh.h:100]   --->   Operation 218 'ddiv' 'div' <Predicate = true> <Delay = 12.0> <CoreInst = "DDiv">   --->   Core 39 'DDiv' <Latency = 21> <II = 1> <Delay = 12.0> <FuncUnit> <Opcode : 'ddiv' 'drem'> <InPorts = 2> <OutPorts = 1>

State 35 <SV = 34> <Delay = 12.0>
ST_35 : Operation 219 [17/22] (12.0ns)   --->   "%div = ddiv i64 2, i64 %add2" [r:/ci/prod/2020.2/rdi_builds/continuous/2020_11_18_3064766/src/shared/hls/clib/hlsmath/include/FloatingPoint\hls_tanh.h:100]   --->   Operation 219 'ddiv' 'div' <Predicate = true> <Delay = 12.0> <CoreInst = "DDiv">   --->   Core 39 'DDiv' <Latency = 21> <II = 1> <Delay = 12.0> <FuncUnit> <Opcode : 'ddiv' 'drem'> <InPorts = 2> <OutPorts = 1>

State 36 <SV = 35> <Delay = 12.0>
ST_36 : Operation 220 [16/22] (12.0ns)   --->   "%div = ddiv i64 2, i64 %add2" [r:/ci/prod/2020.2/rdi_builds/continuous/2020_11_18_3064766/src/shared/hls/clib/hlsmath/include/FloatingPoint\hls_tanh.h:100]   --->   Operation 220 'ddiv' 'div' <Predicate = true> <Delay = 12.0> <CoreInst = "DDiv">   --->   Core 39 'DDiv' <Latency = 21> <II = 1> <Delay = 12.0> <FuncUnit> <Opcode : 'ddiv' 'drem'> <InPorts = 2> <OutPorts = 1>

State 37 <SV = 36> <Delay = 12.0>
ST_37 : Operation 221 [15/22] (12.0ns)   --->   "%div = ddiv i64 2, i64 %add2" [r:/ci/prod/2020.2/rdi_builds/continuous/2020_11_18_3064766/src/shared/hls/clib/hlsmath/include/FloatingPoint\hls_tanh.h:100]   --->   Operation 221 'ddiv' 'div' <Predicate = true> <Delay = 12.0> <CoreInst = "DDiv">   --->   Core 39 'DDiv' <Latency = 21> <II = 1> <Delay = 12.0> <FuncUnit> <Opcode : 'ddiv' 'drem'> <InPorts = 2> <OutPorts = 1>

State 38 <SV = 37> <Delay = 12.0>
ST_38 : Operation 222 [14/22] (12.0ns)   --->   "%div = ddiv i64 2, i64 %add2" [r:/ci/prod/2020.2/rdi_builds/continuous/2020_11_18_3064766/src/shared/hls/clib/hlsmath/include/FloatingPoint\hls_tanh.h:100]   --->   Operation 222 'ddiv' 'div' <Predicate = true> <Delay = 12.0> <CoreInst = "DDiv">   --->   Core 39 'DDiv' <Latency = 21> <II = 1> <Delay = 12.0> <FuncUnit> <Opcode : 'ddiv' 'drem'> <InPorts = 2> <OutPorts = 1>

State 39 <SV = 38> <Delay = 12.0>
ST_39 : Operation 223 [13/22] (12.0ns)   --->   "%div = ddiv i64 2, i64 %add2" [r:/ci/prod/2020.2/rdi_builds/continuous/2020_11_18_3064766/src/shared/hls/clib/hlsmath/include/FloatingPoint\hls_tanh.h:100]   --->   Operation 223 'ddiv' 'div' <Predicate = true> <Delay = 12.0> <CoreInst = "DDiv">   --->   Core 39 'DDiv' <Latency = 21> <II = 1> <Delay = 12.0> <FuncUnit> <Opcode : 'ddiv' 'drem'> <InPorts = 2> <OutPorts = 1>

State 40 <SV = 39> <Delay = 12.0>
ST_40 : Operation 224 [12/22] (12.0ns)   --->   "%div = ddiv i64 2, i64 %add2" [r:/ci/prod/2020.2/rdi_builds/continuous/2020_11_18_3064766/src/shared/hls/clib/hlsmath/include/FloatingPoint\hls_tanh.h:100]   --->   Operation 224 'ddiv' 'div' <Predicate = true> <Delay = 12.0> <CoreInst = "DDiv">   --->   Core 39 'DDiv' <Latency = 21> <II = 1> <Delay = 12.0> <FuncUnit> <Opcode : 'ddiv' 'drem'> <InPorts = 2> <OutPorts = 1>

State 41 <SV = 40> <Delay = 12.0>
ST_41 : Operation 225 [11/22] (12.0ns)   --->   "%div = ddiv i64 2, i64 %add2" [r:/ci/prod/2020.2/rdi_builds/continuous/2020_11_18_3064766/src/shared/hls/clib/hlsmath/include/FloatingPoint\hls_tanh.h:100]   --->   Operation 225 'ddiv' 'div' <Predicate = true> <Delay = 12.0> <CoreInst = "DDiv">   --->   Core 39 'DDiv' <Latency = 21> <II = 1> <Delay = 12.0> <FuncUnit> <Opcode : 'ddiv' 'drem'> <InPorts = 2> <OutPorts = 1>

State 42 <SV = 41> <Delay = 12.0>
ST_42 : Operation 226 [10/22] (12.0ns)   --->   "%div = ddiv i64 2, i64 %add2" [r:/ci/prod/2020.2/rdi_builds/continuous/2020_11_18_3064766/src/shared/hls/clib/hlsmath/include/FloatingPoint\hls_tanh.h:100]   --->   Operation 226 'ddiv' 'div' <Predicate = true> <Delay = 12.0> <CoreInst = "DDiv">   --->   Core 39 'DDiv' <Latency = 21> <II = 1> <Delay = 12.0> <FuncUnit> <Opcode : 'ddiv' 'drem'> <InPorts = 2> <OutPorts = 1>

State 43 <SV = 42> <Delay = 12.0>
ST_43 : Operation 227 [9/22] (12.0ns)   --->   "%div = ddiv i64 2, i64 %add2" [r:/ci/prod/2020.2/rdi_builds/continuous/2020_11_18_3064766/src/shared/hls/clib/hlsmath/include/FloatingPoint\hls_tanh.h:100]   --->   Operation 227 'ddiv' 'div' <Predicate = true> <Delay = 12.0> <CoreInst = "DDiv">   --->   Core 39 'DDiv' <Latency = 21> <II = 1> <Delay = 12.0> <FuncUnit> <Opcode : 'ddiv' 'drem'> <InPorts = 2> <OutPorts = 1>

State 44 <SV = 43> <Delay = 12.0>
ST_44 : Operation 228 [8/22] (12.0ns)   --->   "%div = ddiv i64 2, i64 %add2" [r:/ci/prod/2020.2/rdi_builds/continuous/2020_11_18_3064766/src/shared/hls/clib/hlsmath/include/FloatingPoint\hls_tanh.h:100]   --->   Operation 228 'ddiv' 'div' <Predicate = true> <Delay = 12.0> <CoreInst = "DDiv">   --->   Core 39 'DDiv' <Latency = 21> <II = 1> <Delay = 12.0> <FuncUnit> <Opcode : 'ddiv' 'drem'> <InPorts = 2> <OutPorts = 1>

State 45 <SV = 44> <Delay = 12.0>
ST_45 : Operation 229 [7/22] (12.0ns)   --->   "%div = ddiv i64 2, i64 %add2" [r:/ci/prod/2020.2/rdi_builds/continuous/2020_11_18_3064766/src/shared/hls/clib/hlsmath/include/FloatingPoint\hls_tanh.h:100]   --->   Operation 229 'ddiv' 'div' <Predicate = true> <Delay = 12.0> <CoreInst = "DDiv">   --->   Core 39 'DDiv' <Latency = 21> <II = 1> <Delay = 12.0> <FuncUnit> <Opcode : 'ddiv' 'drem'> <InPorts = 2> <OutPorts = 1>

State 46 <SV = 45> <Delay = 12.0>
ST_46 : Operation 230 [6/22] (12.0ns)   --->   "%div = ddiv i64 2, i64 %add2" [r:/ci/prod/2020.2/rdi_builds/continuous/2020_11_18_3064766/src/shared/hls/clib/hlsmath/include/FloatingPoint\hls_tanh.h:100]   --->   Operation 230 'ddiv' 'div' <Predicate = true> <Delay = 12.0> <CoreInst = "DDiv">   --->   Core 39 'DDiv' <Latency = 21> <II = 1> <Delay = 12.0> <FuncUnit> <Opcode : 'ddiv' 'drem'> <InPorts = 2> <OutPorts = 1>

State 47 <SV = 46> <Delay = 12.0>
ST_47 : Operation 231 [5/22] (12.0ns)   --->   "%div = ddiv i64 2, i64 %add2" [r:/ci/prod/2020.2/rdi_builds/continuous/2020_11_18_3064766/src/shared/hls/clib/hlsmath/include/FloatingPoint\hls_tanh.h:100]   --->   Operation 231 'ddiv' 'div' <Predicate = true> <Delay = 12.0> <CoreInst = "DDiv">   --->   Core 39 'DDiv' <Latency = 21> <II = 1> <Delay = 12.0> <FuncUnit> <Opcode : 'ddiv' 'drem'> <InPorts = 2> <OutPorts = 1>

State 48 <SV = 47> <Delay = 12.0>
ST_48 : Operation 232 [4/22] (12.0ns)   --->   "%div = ddiv i64 2, i64 %add2" [r:/ci/prod/2020.2/rdi_builds/continuous/2020_11_18_3064766/src/shared/hls/clib/hlsmath/include/FloatingPoint\hls_tanh.h:100]   --->   Operation 232 'ddiv' 'div' <Predicate = true> <Delay = 12.0> <CoreInst = "DDiv">   --->   Core 39 'DDiv' <Latency = 21> <II = 1> <Delay = 12.0> <FuncUnit> <Opcode : 'ddiv' 'drem'> <InPorts = 2> <OutPorts = 1>

State 49 <SV = 48> <Delay = 12.0>
ST_49 : Operation 233 [3/22] (12.0ns)   --->   "%div = ddiv i64 2, i64 %add2" [r:/ci/prod/2020.2/rdi_builds/continuous/2020_11_18_3064766/src/shared/hls/clib/hlsmath/include/FloatingPoint\hls_tanh.h:100]   --->   Operation 233 'ddiv' 'div' <Predicate = true> <Delay = 12.0> <CoreInst = "DDiv">   --->   Core 39 'DDiv' <Latency = 21> <II = 1> <Delay = 12.0> <FuncUnit> <Opcode : 'ddiv' 'drem'> <InPorts = 2> <OutPorts = 1>

State 50 <SV = 49> <Delay = 12.0>
ST_50 : Operation 234 [2/22] (12.0ns)   --->   "%div = ddiv i64 2, i64 %add2" [r:/ci/prod/2020.2/rdi_builds/continuous/2020_11_18_3064766/src/shared/hls/clib/hlsmath/include/FloatingPoint\hls_tanh.h:100]   --->   Operation 234 'ddiv' 'div' <Predicate = true> <Delay = 12.0> <CoreInst = "DDiv">   --->   Core 39 'DDiv' <Latency = 21> <II = 1> <Delay = 12.0> <FuncUnit> <Opcode : 'ddiv' 'drem'> <InPorts = 2> <OutPorts = 1>

State 51 <SV = 50> <Delay = 12.0>
ST_51 : Operation 235 [1/22] (12.0ns)   --->   "%div = ddiv i64 2, i64 %add2" [r:/ci/prod/2020.2/rdi_builds/continuous/2020_11_18_3064766/src/shared/hls/clib/hlsmath/include/FloatingPoint\hls_tanh.h:100]   --->   Operation 235 'ddiv' 'div' <Predicate = true> <Delay = 12.0> <CoreInst = "DDiv">   --->   Core 39 'DDiv' <Latency = 21> <II = 1> <Delay = 12.0> <FuncUnit> <Opcode : 'ddiv' 'drem'> <InPorts = 2> <OutPorts = 1>

State 52 <SV = 51> <Delay = 8.23>
ST_52 : Operation 236 [5/5] (8.23ns)   --->   "%resultf_2 = dsub i64 1, i64 %div" [r:/ci/prod/2020.2/rdi_builds/continuous/2020_11_18_3064766/src/shared/hls/clib/hlsmath/include/FloatingPoint\hls_tanh.h:100]   --->   Operation 236 'dsub' 'resultf_2' <Predicate = true> <Delay = 8.23> <CoreInst = "DAddSub_fulldsp">   --->   Core 37 'DAddSub_fulldsp' <Latency = 4> <II = 1> <Delay = 8.23> <FuncUnit> <Opcode : 'dadd' 'dsub'> <InPorts = 2> <OutPorts = 1>

State 53 <SV = 52> <Delay = 8.23>
ST_53 : Operation 237 [4/5] (8.23ns)   --->   "%resultf_2 = dsub i64 1, i64 %div" [r:/ci/prod/2020.2/rdi_builds/continuous/2020_11_18_3064766/src/shared/hls/clib/hlsmath/include/FloatingPoint\hls_tanh.h:100]   --->   Operation 237 'dsub' 'resultf_2' <Predicate = true> <Delay = 8.23> <CoreInst = "DAddSub_fulldsp">   --->   Core 37 'DAddSub_fulldsp' <Latency = 4> <II = 1> <Delay = 8.23> <FuncUnit> <Opcode : 'dadd' 'dsub'> <InPorts = 2> <OutPorts = 1>

State 54 <SV = 53> <Delay = 8.23>
ST_54 : Operation 238 [3/5] (8.23ns)   --->   "%resultf_2 = dsub i64 1, i64 %div" [r:/ci/prod/2020.2/rdi_builds/continuous/2020_11_18_3064766/src/shared/hls/clib/hlsmath/include/FloatingPoint\hls_tanh.h:100]   --->   Operation 238 'dsub' 'resultf_2' <Predicate = true> <Delay = 8.23> <CoreInst = "DAddSub_fulldsp">   --->   Core 37 'DAddSub_fulldsp' <Latency = 4> <II = 1> <Delay = 8.23> <FuncUnit> <Opcode : 'dadd' 'dsub'> <InPorts = 2> <OutPorts = 1>

State 55 <SV = 54> <Delay = 8.23>
ST_55 : Operation 239 [2/5] (8.23ns)   --->   "%resultf_2 = dsub i64 1, i64 %div" [r:/ci/prod/2020.2/rdi_builds/continuous/2020_11_18_3064766/src/shared/hls/clib/hlsmath/include/FloatingPoint\hls_tanh.h:100]   --->   Operation 239 'dsub' 'resultf_2' <Predicate = true> <Delay = 8.23> <CoreInst = "DAddSub_fulldsp">   --->   Core 37 'DAddSub_fulldsp' <Latency = 4> <II = 1> <Delay = 8.23> <FuncUnit> <Opcode : 'dadd' 'dsub'> <InPorts = 2> <OutPorts = 1>

State 56 <SV = 55> <Delay = 11.6>
ST_56 : Operation 240 [1/5] (8.23ns)   --->   "%resultf_2 = dsub i64 1, i64 %div" [r:/ci/prod/2020.2/rdi_builds/continuous/2020_11_18_3064766/src/shared/hls/clib/hlsmath/include/FloatingPoint\hls_tanh.h:100]   --->   Operation 240 'dsub' 'resultf_2' <Predicate = (!icmp_ln824 & !icmp_ln840 & !and_ln75 & tmp_5 & !icmp_ln840_1)> <Delay = 8.23> <CoreInst = "DAddSub_fulldsp">   --->   Core 37 'DAddSub_fulldsp' <Latency = 4> <II = 1> <Delay = 8.23> <FuncUnit> <Opcode : 'dadd' 'dsub'> <InPorts = 2> <OutPorts = 1>
ST_56 : Operation 241 [1/1] (1.94ns)   --->   "%br_ln0 = br void %._crit_edge3"   --->   Operation 241 'br' 'br_ln0' <Predicate = (!icmp_ln824 & !icmp_ln840 & !and_ln75 & tmp_5 & !icmp_ln840_1)> <Delay = 1.94>
ST_56 : Operation 242 [1/1] (0.00ns)   --->   "%resultf_3 = phi i64 %resultf, void %._crit_edge, i64 %resultf_1, void, i64 %resultf_2, void, i64 %select_ln67, void, i64 1, void"   --->   Operation 242 'phi' 'resultf_3' <Predicate = true> <Delay = 0.00>
ST_56 : Operation 243 [1/1] (0.00ns) (grouped into LUT with out node select_ln108)   --->   "%bitcast_ln112 = bitcast i64 %resultf_3" [r:/ci/prod/2020.2/rdi_builds/continuous/2020_11_18_3064766/src/shared/hls/clib/hlsmath/include/FloatingPoint\hls_tanh.h:112]   --->   Operation 243 'bitcast' 'bitcast_ln112' <Predicate = (p_Result_s)> <Delay = 0.00>
ST_56 : Operation 244 [1/1] (0.00ns) (grouped into LUT with out node select_ln108)   --->   "%xor_ln112 = xor i64 %bitcast_ln112, i64 9223372036854775808" [r:/ci/prod/2020.2/rdi_builds/continuous/2020_11_18_3064766/src/shared/hls/clib/hlsmath/include/FloatingPoint\hls_tanh.h:112]   --->   Operation 244 'xor' 'xor_ln112' <Predicate = (p_Result_s)> <Delay = 0.00> <CoreInst = "LogicGate">   --->   Core 74 'LogicGate' <Latency = 0> <II = 1> <Delay = 0.99> <FuncUnit> <Opcode : 'and' 'or' 'xor'> <InPorts = 2> <OutPorts = 1>
ST_56 : Operation 245 [1/1] (0.00ns) (grouped into LUT with out node select_ln108)   --->   "%bitcast_ln112_1 = bitcast i64 %xor_ln112" [r:/ci/prod/2020.2/rdi_builds/continuous/2020_11_18_3064766/src/shared/hls/clib/hlsmath/include/FloatingPoint\hls_tanh.h:112]   --->   Operation 245 'bitcast' 'bitcast_ln112_1' <Predicate = (p_Result_s)> <Delay = 0.00>
ST_56 : Operation 246 [1/1] (1.48ns) (out node of the LUT)   --->   "%select_ln108 = select i1 %p_Result_s, i64 %bitcast_ln112_1, i64 %resultf_3" [r:/ci/prod/2020.2/rdi_builds/continuous/2020_11_18_3064766/src/shared/hls/clib/hlsmath/include/FloatingPoint\hls_tanh.h:108]   --->   Operation 246 'select' 'select_ln108' <Predicate = true> <Delay = 1.48> <CoreInst = "Sel">   --->   Core 73 'Sel' <Latency = 0> <II = 1> <Delay = 1.48> <FuncUnit> <Opcode : 'select'> <InPorts = 3> <OutPorts = 1>
ST_56 : Operation 247 [1/1] (0.00ns)   --->   "%ret_ln114 = ret i64 %select_ln108" [r:/ci/prod/2020.2/rdi_builds/continuous/2020_11_18_3064766/src/shared/hls/clib/hlsmath/include/FloatingPoint\hls_tanh.h:114]   --->   Operation 247 'ret' 'ret_ln114' <Predicate = true> <Delay = 0.00>

State 57 <SV = 29> <Delay = 13.0>
ST_57 : Operation 248 [1/1] (0.00ns)   --->   "%bitcast_ln95 = bitcast i64 %expx" [r:/ci/prod/2020.2/rdi_builds/continuous/2020_11_18_3064766/src/shared/hls/clib/hlsmath/include/FloatingPoint\hls_tanh.h:95]   --->   Operation 248 'bitcast' 'bitcast_ln95' <Predicate = true> <Delay = 0.00>
ST_57 : Operation 249 [1/1] (0.99ns)   --->   "%xor_ln95 = xor i64 %bitcast_ln95, i64 9223372036854775808" [r:/ci/prod/2020.2/rdi_builds/continuous/2020_11_18_3064766/src/shared/hls/clib/hlsmath/include/FloatingPoint\hls_tanh.h:95]   --->   Operation 249 'xor' 'xor_ln95' <Predicate = true> <Delay = 0.99> <CoreInst = "LogicGate">   --->   Core 74 'LogicGate' <Latency = 0> <II = 1> <Delay = 0.99> <FuncUnit> <Opcode : 'and' 'or' 'xor'> <InPorts = 2> <OutPorts = 1>
ST_57 : Operation 250 [1/1] (0.00ns)   --->   "%bitcast_ln95_1 = bitcast i64 %xor_ln95" [r:/ci/prod/2020.2/rdi_builds/continuous/2020_11_18_3064766/src/shared/hls/clib/hlsmath/include/FloatingPoint\hls_tanh.h:95]   --->   Operation 250 'bitcast' 'bitcast_ln95_1' <Predicate = true> <Delay = 0.00>
ST_57 : Operation 251 [22/22] (12.0ns)   --->   "%resultf_1 = ddiv i64 %bitcast_ln95_1, i64 %add2" [r:/ci/prod/2020.2/rdi_builds/continuous/2020_11_18_3064766/src/shared/hls/clib/hlsmath/include/FloatingPoint\hls_tanh.h:95]   --->   Operation 251 'ddiv' 'resultf_1' <Predicate = true> <Delay = 12.0> <CoreInst = "DDiv">   --->   Core 39 'DDiv' <Latency = 21> <II = 1> <Delay = 12.0> <FuncUnit> <Opcode : 'ddiv' 'drem'> <InPorts = 2> <OutPorts = 1>

State 58 <SV = 30> <Delay = 12.0>
ST_58 : Operation 252 [21/22] (12.0ns)   --->   "%resultf_1 = ddiv i64 %bitcast_ln95_1, i64 %add2" [r:/ci/prod/2020.2/rdi_builds/continuous/2020_11_18_3064766/src/shared/hls/clib/hlsmath/include/FloatingPoint\hls_tanh.h:95]   --->   Operation 252 'ddiv' 'resultf_1' <Predicate = true> <Delay = 12.0> <CoreInst = "DDiv">   --->   Core 39 'DDiv' <Latency = 21> <II = 1> <Delay = 12.0> <FuncUnit> <Opcode : 'ddiv' 'drem'> <InPorts = 2> <OutPorts = 1>

State 59 <SV = 31> <Delay = 12.0>
ST_59 : Operation 253 [20/22] (12.0ns)   --->   "%resultf_1 = ddiv i64 %bitcast_ln95_1, i64 %add2" [r:/ci/prod/2020.2/rdi_builds/continuous/2020_11_18_3064766/src/shared/hls/clib/hlsmath/include/FloatingPoint\hls_tanh.h:95]   --->   Operation 253 'ddiv' 'resultf_1' <Predicate = true> <Delay = 12.0> <CoreInst = "DDiv">   --->   Core 39 'DDiv' <Latency = 21> <II = 1> <Delay = 12.0> <FuncUnit> <Opcode : 'ddiv' 'drem'> <InPorts = 2> <OutPorts = 1>

State 60 <SV = 32> <Delay = 12.0>
ST_60 : Operation 254 [19/22] (12.0ns)   --->   "%resultf_1 = ddiv i64 %bitcast_ln95_1, i64 %add2" [r:/ci/prod/2020.2/rdi_builds/continuous/2020_11_18_3064766/src/shared/hls/clib/hlsmath/include/FloatingPoint\hls_tanh.h:95]   --->   Operation 254 'ddiv' 'resultf_1' <Predicate = true> <Delay = 12.0> <CoreInst = "DDiv">   --->   Core 39 'DDiv' <Latency = 21> <II = 1> <Delay = 12.0> <FuncUnit> <Opcode : 'ddiv' 'drem'> <InPorts = 2> <OutPorts = 1>

State 61 <SV = 33> <Delay = 12.0>
ST_61 : Operation 255 [18/22] (12.0ns)   --->   "%resultf_1 = ddiv i64 %bitcast_ln95_1, i64 %add2" [r:/ci/prod/2020.2/rdi_builds/continuous/2020_11_18_3064766/src/shared/hls/clib/hlsmath/include/FloatingPoint\hls_tanh.h:95]   --->   Operation 255 'ddiv' 'resultf_1' <Predicate = true> <Delay = 12.0> <CoreInst = "DDiv">   --->   Core 39 'DDiv' <Latency = 21> <II = 1> <Delay = 12.0> <FuncUnit> <Opcode : 'ddiv' 'drem'> <InPorts = 2> <OutPorts = 1>

State 62 <SV = 34> <Delay = 12.0>
ST_62 : Operation 256 [17/22] (12.0ns)   --->   "%resultf_1 = ddiv i64 %bitcast_ln95_1, i64 %add2" [r:/ci/prod/2020.2/rdi_builds/continuous/2020_11_18_3064766/src/shared/hls/clib/hlsmath/include/FloatingPoint\hls_tanh.h:95]   --->   Operation 256 'ddiv' 'resultf_1' <Predicate = true> <Delay = 12.0> <CoreInst = "DDiv">   --->   Core 39 'DDiv' <Latency = 21> <II = 1> <Delay = 12.0> <FuncUnit> <Opcode : 'ddiv' 'drem'> <InPorts = 2> <OutPorts = 1>

State 63 <SV = 35> <Delay = 12.0>
ST_63 : Operation 257 [16/22] (12.0ns)   --->   "%resultf_1 = ddiv i64 %bitcast_ln95_1, i64 %add2" [r:/ci/prod/2020.2/rdi_builds/continuous/2020_11_18_3064766/src/shared/hls/clib/hlsmath/include/FloatingPoint\hls_tanh.h:95]   --->   Operation 257 'ddiv' 'resultf_1' <Predicate = true> <Delay = 12.0> <CoreInst = "DDiv">   --->   Core 39 'DDiv' <Latency = 21> <II = 1> <Delay = 12.0> <FuncUnit> <Opcode : 'ddiv' 'drem'> <InPorts = 2> <OutPorts = 1>

State 64 <SV = 36> <Delay = 12.0>
ST_64 : Operation 258 [15/22] (12.0ns)   --->   "%resultf_1 = ddiv i64 %bitcast_ln95_1, i64 %add2" [r:/ci/prod/2020.2/rdi_builds/continuous/2020_11_18_3064766/src/shared/hls/clib/hlsmath/include/FloatingPoint\hls_tanh.h:95]   --->   Operation 258 'ddiv' 'resultf_1' <Predicate = true> <Delay = 12.0> <CoreInst = "DDiv">   --->   Core 39 'DDiv' <Latency = 21> <II = 1> <Delay = 12.0> <FuncUnit> <Opcode : 'ddiv' 'drem'> <InPorts = 2> <OutPorts = 1>

State 65 <SV = 37> <Delay = 12.0>
ST_65 : Operation 259 [14/22] (12.0ns)   --->   "%resultf_1 = ddiv i64 %bitcast_ln95_1, i64 %add2" [r:/ci/prod/2020.2/rdi_builds/continuous/2020_11_18_3064766/src/shared/hls/clib/hlsmath/include/FloatingPoint\hls_tanh.h:95]   --->   Operation 259 'ddiv' 'resultf_1' <Predicate = true> <Delay = 12.0> <CoreInst = "DDiv">   --->   Core 39 'DDiv' <Latency = 21> <II = 1> <Delay = 12.0> <FuncUnit> <Opcode : 'ddiv' 'drem'> <InPorts = 2> <OutPorts = 1>

State 66 <SV = 38> <Delay = 12.0>
ST_66 : Operation 260 [13/22] (12.0ns)   --->   "%resultf_1 = ddiv i64 %bitcast_ln95_1, i64 %add2" [r:/ci/prod/2020.2/rdi_builds/continuous/2020_11_18_3064766/src/shared/hls/clib/hlsmath/include/FloatingPoint\hls_tanh.h:95]   --->   Operation 260 'ddiv' 'resultf_1' <Predicate = true> <Delay = 12.0> <CoreInst = "DDiv">   --->   Core 39 'DDiv' <Latency = 21> <II = 1> <Delay = 12.0> <FuncUnit> <Opcode : 'ddiv' 'drem'> <InPorts = 2> <OutPorts = 1>

State 67 <SV = 39> <Delay = 12.0>
ST_67 : Operation 261 [12/22] (12.0ns)   --->   "%resultf_1 = ddiv i64 %bitcast_ln95_1, i64 %add2" [r:/ci/prod/2020.2/rdi_builds/continuous/2020_11_18_3064766/src/shared/hls/clib/hlsmath/include/FloatingPoint\hls_tanh.h:95]   --->   Operation 261 'ddiv' 'resultf_1' <Predicate = true> <Delay = 12.0> <CoreInst = "DDiv">   --->   Core 39 'DDiv' <Latency = 21> <II = 1> <Delay = 12.0> <FuncUnit> <Opcode : 'ddiv' 'drem'> <InPorts = 2> <OutPorts = 1>

State 68 <SV = 40> <Delay = 12.0>
ST_68 : Operation 262 [11/22] (12.0ns)   --->   "%resultf_1 = ddiv i64 %bitcast_ln95_1, i64 %add2" [r:/ci/prod/2020.2/rdi_builds/continuous/2020_11_18_3064766/src/shared/hls/clib/hlsmath/include/FloatingPoint\hls_tanh.h:95]   --->   Operation 262 'ddiv' 'resultf_1' <Predicate = true> <Delay = 12.0> <CoreInst = "DDiv">   --->   Core 39 'DDiv' <Latency = 21> <II = 1> <Delay = 12.0> <FuncUnit> <Opcode : 'ddiv' 'drem'> <InPorts = 2> <OutPorts = 1>

State 69 <SV = 41> <Delay = 12.0>
ST_69 : Operation 263 [10/22] (12.0ns)   --->   "%resultf_1 = ddiv i64 %bitcast_ln95_1, i64 %add2" [r:/ci/prod/2020.2/rdi_builds/continuous/2020_11_18_3064766/src/shared/hls/clib/hlsmath/include/FloatingPoint\hls_tanh.h:95]   --->   Operation 263 'ddiv' 'resultf_1' <Predicate = true> <Delay = 12.0> <CoreInst = "DDiv">   --->   Core 39 'DDiv' <Latency = 21> <II = 1> <Delay = 12.0> <FuncUnit> <Opcode : 'ddiv' 'drem'> <InPorts = 2> <OutPorts = 1>

State 70 <SV = 42> <Delay = 12.0>
ST_70 : Operation 264 [9/22] (12.0ns)   --->   "%resultf_1 = ddiv i64 %bitcast_ln95_1, i64 %add2" [r:/ci/prod/2020.2/rdi_builds/continuous/2020_11_18_3064766/src/shared/hls/clib/hlsmath/include/FloatingPoint\hls_tanh.h:95]   --->   Operation 264 'ddiv' 'resultf_1' <Predicate = true> <Delay = 12.0> <CoreInst = "DDiv">   --->   Core 39 'DDiv' <Latency = 21> <II = 1> <Delay = 12.0> <FuncUnit> <Opcode : 'ddiv' 'drem'> <InPorts = 2> <OutPorts = 1>

State 71 <SV = 43> <Delay = 12.0>
ST_71 : Operation 265 [8/22] (12.0ns)   --->   "%resultf_1 = ddiv i64 %bitcast_ln95_1, i64 %add2" [r:/ci/prod/2020.2/rdi_builds/continuous/2020_11_18_3064766/src/shared/hls/clib/hlsmath/include/FloatingPoint\hls_tanh.h:95]   --->   Operation 265 'ddiv' 'resultf_1' <Predicate = true> <Delay = 12.0> <CoreInst = "DDiv">   --->   Core 39 'DDiv' <Latency = 21> <II = 1> <Delay = 12.0> <FuncUnit> <Opcode : 'ddiv' 'drem'> <InPorts = 2> <OutPorts = 1>

State 72 <SV = 44> <Delay = 12.0>
ST_72 : Operation 266 [7/22] (12.0ns)   --->   "%resultf_1 = ddiv i64 %bitcast_ln95_1, i64 %add2" [r:/ci/prod/2020.2/rdi_builds/continuous/2020_11_18_3064766/src/shared/hls/clib/hlsmath/include/FloatingPoint\hls_tanh.h:95]   --->   Operation 266 'ddiv' 'resultf_1' <Predicate = true> <Delay = 12.0> <CoreInst = "DDiv">   --->   Core 39 'DDiv' <Latency = 21> <II = 1> <Delay = 12.0> <FuncUnit> <Opcode : 'ddiv' 'drem'> <InPorts = 2> <OutPorts = 1>

State 73 <SV = 45> <Delay = 12.0>
ST_73 : Operation 267 [6/22] (12.0ns)   --->   "%resultf_1 = ddiv i64 %bitcast_ln95_1, i64 %add2" [r:/ci/prod/2020.2/rdi_builds/continuous/2020_11_18_3064766/src/shared/hls/clib/hlsmath/include/FloatingPoint\hls_tanh.h:95]   --->   Operation 267 'ddiv' 'resultf_1' <Predicate = true> <Delay = 12.0> <CoreInst = "DDiv">   --->   Core 39 'DDiv' <Latency = 21> <II = 1> <Delay = 12.0> <FuncUnit> <Opcode : 'ddiv' 'drem'> <InPorts = 2> <OutPorts = 1>

State 74 <SV = 46> <Delay = 12.0>
ST_74 : Operation 268 [5/22] (12.0ns)   --->   "%resultf_1 = ddiv i64 %bitcast_ln95_1, i64 %add2" [r:/ci/prod/2020.2/rdi_builds/continuous/2020_11_18_3064766/src/shared/hls/clib/hlsmath/include/FloatingPoint\hls_tanh.h:95]   --->   Operation 268 'ddiv' 'resultf_1' <Predicate = true> <Delay = 12.0> <CoreInst = "DDiv">   --->   Core 39 'DDiv' <Latency = 21> <II = 1> <Delay = 12.0> <FuncUnit> <Opcode : 'ddiv' 'drem'> <InPorts = 2> <OutPorts = 1>

State 75 <SV = 47> <Delay = 12.0>
ST_75 : Operation 269 [4/22] (12.0ns)   --->   "%resultf_1 = ddiv i64 %bitcast_ln95_1, i64 %add2" [r:/ci/prod/2020.2/rdi_builds/continuous/2020_11_18_3064766/src/shared/hls/clib/hlsmath/include/FloatingPoint\hls_tanh.h:95]   --->   Operation 269 'ddiv' 'resultf_1' <Predicate = true> <Delay = 12.0> <CoreInst = "DDiv">   --->   Core 39 'DDiv' <Latency = 21> <II = 1> <Delay = 12.0> <FuncUnit> <Opcode : 'ddiv' 'drem'> <InPorts = 2> <OutPorts = 1>

State 76 <SV = 48> <Delay = 12.0>
ST_76 : Operation 270 [3/22] (12.0ns)   --->   "%resultf_1 = ddiv i64 %bitcast_ln95_1, i64 %add2" [r:/ci/prod/2020.2/rdi_builds/continuous/2020_11_18_3064766/src/shared/hls/clib/hlsmath/include/FloatingPoint\hls_tanh.h:95]   --->   Operation 270 'ddiv' 'resultf_1' <Predicate = true> <Delay = 12.0> <CoreInst = "DDiv">   --->   Core 39 'DDiv' <Latency = 21> <II = 1> <Delay = 12.0> <FuncUnit> <Opcode : 'ddiv' 'drem'> <InPorts = 2> <OutPorts = 1>

State 77 <SV = 49> <Delay = 12.0>
ST_77 : Operation 271 [2/22] (12.0ns)   --->   "%resultf_1 = ddiv i64 %bitcast_ln95_1, i64 %add2" [r:/ci/prod/2020.2/rdi_builds/continuous/2020_11_18_3064766/src/shared/hls/clib/hlsmath/include/FloatingPoint\hls_tanh.h:95]   --->   Operation 271 'ddiv' 'resultf_1' <Predicate = true> <Delay = 12.0> <CoreInst = "DDiv">   --->   Core 39 'DDiv' <Latency = 21> <II = 1> <Delay = 12.0> <FuncUnit> <Opcode : 'ddiv' 'drem'> <InPorts = 2> <OutPorts = 1>

State 78 <SV = 50> <Delay = 12.0>
ST_78 : Operation 272 [1/22] (12.0ns)   --->   "%resultf_1 = ddiv i64 %bitcast_ln95_1, i64 %add2" [r:/ci/prod/2020.2/rdi_builds/continuous/2020_11_18_3064766/src/shared/hls/clib/hlsmath/include/FloatingPoint\hls_tanh.h:95]   --->   Operation 272 'ddiv' 'resultf_1' <Predicate = true> <Delay = 12.0> <CoreInst = "DDiv">   --->   Core 39 'DDiv' <Latency = 21> <II = 1> <Delay = 12.0> <FuncUnit> <Opcode : 'ddiv' 'drem'> <InPorts = 2> <OutPorts = 1>
ST_78 : Operation 273 [1/1] (1.94ns)   --->   "%br_ln96 = br void %._crit_edge3" [r:/ci/prod/2020.2/rdi_builds/continuous/2020_11_18_3064766/src/shared/hls/clib/hlsmath/include/FloatingPoint\hls_tanh.h:96]   --->   Operation 273 'br' 'br_ln96' <Predicate = true> <Delay = 1.94>

State 79 <SV = 1> <Delay = 8.23>
ST_79 : Operation 274 [4/5] (8.23ns)   --->   "%add = dadd i64 %abst_in, i64 1" [r:/ci/prod/2020.2/rdi_builds/continuous/2020_11_18_3064766/src/shared/hls/clib/hlsmath/include/FloatingPoint\hls_tanh.h:78]   --->   Operation 274 'dadd' 'add' <Predicate = true> <Delay = 8.23> <CoreInst = "DAddSub_fulldsp">   --->   Core 37 'DAddSub_fulldsp' <Latency = 4> <II = 1> <Delay = 8.23> <FuncUnit> <Opcode : 'dadd' 'dsub'> <InPorts = 2> <OutPorts = 1>

State 80 <SV = 2> <Delay = 8.23>
ST_80 : Operation 275 [3/5] (8.23ns)   --->   "%add = dadd i64 %abst_in, i64 1" [r:/ci/prod/2020.2/rdi_builds/continuous/2020_11_18_3064766/src/shared/hls/clib/hlsmath/include/FloatingPoint\hls_tanh.h:78]   --->   Operation 275 'dadd' 'add' <Predicate = true> <Delay = 8.23> <CoreInst = "DAddSub_fulldsp">   --->   Core 37 'DAddSub_fulldsp' <Latency = 4> <II = 1> <Delay = 8.23> <FuncUnit> <Opcode : 'dadd' 'dsub'> <InPorts = 2> <OutPorts = 1>

State 81 <SV = 3> <Delay = 8.23>
ST_81 : Operation 276 [2/5] (8.23ns)   --->   "%add = dadd i64 %abst_in, i64 1" [r:/ci/prod/2020.2/rdi_builds/continuous/2020_11_18_3064766/src/shared/hls/clib/hlsmath/include/FloatingPoint\hls_tanh.h:78]   --->   Operation 276 'dadd' 'add' <Predicate = true> <Delay = 8.23> <CoreInst = "DAddSub_fulldsp">   --->   Core 37 'DAddSub_fulldsp' <Latency = 4> <II = 1> <Delay = 8.23> <FuncUnit> <Opcode : 'dadd' 'dsub'> <InPorts = 2> <OutPorts = 1>

State 82 <SV = 4> <Delay = 8.23>
ST_82 : Operation 277 [1/5] (8.23ns)   --->   "%add = dadd i64 %abst_in, i64 1" [r:/ci/prod/2020.2/rdi_builds/continuous/2020_11_18_3064766/src/shared/hls/clib/hlsmath/include/FloatingPoint\hls_tanh.h:78]   --->   Operation 277 'dadd' 'add' <Predicate = true> <Delay = 8.23> <CoreInst = "DAddSub_fulldsp">   --->   Core 37 'DAddSub_fulldsp' <Latency = 4> <II = 1> <Delay = 8.23> <FuncUnit> <Opcode : 'dadd' 'dsub'> <InPorts = 2> <OutPorts = 1>

State 83 <SV = 5> <Delay = 13.9>
ST_83 : Operation 278 [4/4] (13.9ns)   --->   "%resultf = dmul i64 %abst_in, i64 %add" [r:/ci/prod/2020.2/rdi_builds/continuous/2020_11_18_3064766/src/shared/hls/clib/hlsmath/include/FloatingPoint\hls_tanh.h:78]   --->   Operation 278 'dmul' 'resultf' <Predicate = true> <Delay = 13.9> <CoreInst = "DMul_maxdsp">   --->   Core 49 'DMul_maxdsp' <Latency = 3> <II = 1> <Delay = 13.9> <FuncUnit> <Opcode : 'dmul'> <InPorts = 2> <OutPorts = 1>

State 84 <SV = 6> <Delay = 13.9>
ST_84 : Operation 279 [3/4] (13.9ns)   --->   "%resultf = dmul i64 %abst_in, i64 %add" [r:/ci/prod/2020.2/rdi_builds/continuous/2020_11_18_3064766/src/shared/hls/clib/hlsmath/include/FloatingPoint\hls_tanh.h:78]   --->   Operation 279 'dmul' 'resultf' <Predicate = true> <Delay = 13.9> <CoreInst = "DMul_maxdsp">   --->   Core 49 'DMul_maxdsp' <Latency = 3> <II = 1> <Delay = 13.9> <FuncUnit> <Opcode : 'dmul'> <InPorts = 2> <OutPorts = 1>

State 85 <SV = 7> <Delay = 13.9>
ST_85 : Operation 280 [2/4] (13.9ns)   --->   "%resultf = dmul i64 %abst_in, i64 %add" [r:/ci/prod/2020.2/rdi_builds/continuous/2020_11_18_3064766/src/shared/hls/clib/hlsmath/include/FloatingPoint\hls_tanh.h:78]   --->   Operation 280 'dmul' 'resultf' <Predicate = true> <Delay = 13.9> <CoreInst = "DMul_maxdsp">   --->   Core 49 'DMul_maxdsp' <Latency = 3> <II = 1> <Delay = 13.9> <FuncUnit> <Opcode : 'dmul'> <InPorts = 2> <OutPorts = 1>

State 86 <SV = 8> <Delay = 13.9>
ST_86 : Operation 281 [1/4] (13.9ns)   --->   "%resultf = dmul i64 %abst_in, i64 %add" [r:/ci/prod/2020.2/rdi_builds/continuous/2020_11_18_3064766/src/shared/hls/clib/hlsmath/include/FloatingPoint\hls_tanh.h:78]   --->   Operation 281 'dmul' 'resultf' <Predicate = true> <Delay = 13.9> <CoreInst = "DMul_maxdsp">   --->   Core 49 'DMul_maxdsp' <Latency = 3> <II = 1> <Delay = 13.9> <FuncUnit> <Opcode : 'dmul'> <InPorts = 2> <OutPorts = 1>

State 87 <SV = 9> <Delay = 1.94>
ST_87 : Operation 282 [1/1] (1.94ns)   --->   "%br_ln79 = br void %._crit_edge3" [r:/ci/prod/2020.2/rdi_builds/continuous/2020_11_18_3064766/src/shared/hls/clib/hlsmath/include/FloatingPoint\hls_tanh.h:79]   --->   Operation 282 'br' 'br_ln79' <Predicate = true> <Delay = 1.94>

State 88 <SV = 1> <Delay = 0.00>

State 89 <SV = 2> <Delay = 0.00>

State 90 <SV = 3> <Delay = 0.00>

State 91 <SV = 4> <Delay = 0.00>

State 92 <SV = 5> <Delay = 0.00>

State 93 <SV = 6> <Delay = 0.00>

State 94 <SV = 7> <Delay = 0.00>

State 95 <SV = 8> <Delay = 0.00>

State 96 <SV = 9> <Delay = 0.00>

State 97 <SV = 10> <Delay = 0.00>

State 98 <SV = 11> <Delay = 0.00>

State 99 <SV = 12> <Delay = 0.00>

State 100 <SV = 13> <Delay = 0.00>

State 101 <SV = 14> <Delay = 0.00>

State 102 <SV = 15> <Delay = 0.00>

State 103 <SV = 16> <Delay = 0.00>

State 104 <SV = 17> <Delay = 0.00>

State 105 <SV = 18> <Delay = 0.00>

State 106 <SV = 19> <Delay = 0.00>

State 107 <SV = 20> <Delay = 0.00>

State 108 <SV = 21> <Delay = 0.00>

State 109 <SV = 22> <Delay = 0.00>

State 110 <SV = 23> <Delay = 0.00>

State 111 <SV = 24> <Delay = 0.00>

State 112 <SV = 25> <Delay = 0.00>

State 113 <SV = 26> <Delay = 0.00>

State 114 <SV = 27> <Delay = 0.00>

State 115 <SV = 28> <Delay = 0.00>

State 116 <SV = 29> <Delay = 0.00>

State 117 <SV = 30> <Delay = 0.00>

State 118 <SV = 31> <Delay = 0.00>

State 119 <SV = 32> <Delay = 0.00>

State 120 <SV = 33> <Delay = 0.00>

State 121 <SV = 34> <Delay = 0.00>

State 122 <SV = 35> <Delay = 0.00>

State 123 <SV = 36> <Delay = 0.00>

State 124 <SV = 37> <Delay = 0.00>

State 125 <SV = 38> <Delay = 0.00>

State 126 <SV = 39> <Delay = 0.00>

State 127 <SV = 40> <Delay = 0.00>

State 128 <SV = 41> <Delay = 0.00>

State 129 <SV = 42> <Delay = 0.00>

State 130 <SV = 43> <Delay = 0.00>

State 131 <SV = 44> <Delay = 0.00>

State 132 <SV = 45> <Delay = 0.00>

State 133 <SV = 46> <Delay = 0.00>

State 134 <SV = 47> <Delay = 0.00>

State 135 <SV = 48> <Delay = 0.00>

State 136 <SV = 49> <Delay = 0.00>

State 137 <SV = 50> <Delay = 0.00>

State 138 <SV = 51> <Delay = 0.00>

State 139 <SV = 52> <Delay = 0.00>

State 140 <SV = 53> <Delay = 0.00>

State 141 <SV = 54> <Delay = 1.94>
ST_141 : Operation 283 [1/1] (1.48ns)   --->   "%select_ln67 = select i1 %icmp_ln828, i64 nan, i64 1" [r:/ci/prod/2020.2/rdi_builds/continuous/2020_11_18_3064766/src/shared/hls/clib/hlsmath/include/FloatingPoint\hls_tanh.h:67]   --->   Operation 283 'select' 'select_ln67' <Predicate = true> <Delay = 1.48> <CoreInst = "Sel">   --->   Core 73 'Sel' <Latency = 0> <II = 1> <Delay = 1.48> <FuncUnit> <Opcode : 'select'> <InPorts = 3> <OutPorts = 1>
ST_141 : Operation 284 [1/1] (1.94ns)   --->   "%br_ln67 = br void %._crit_edge3" [r:/ci/prod/2020.2/rdi_builds/continuous/2020_11_18_3064766/src/shared/hls/clib/hlsmath/include/FloatingPoint\hls_tanh.h:67]   --->   Operation 284 'br' 'br_ln67' <Predicate = true> <Delay = 1.94>


============================================================
+ Verbose Summary: Timing violations
============================================================
Target clock period: 20ns, clock uncertainty: 5.4ns.

 <State 1>: 8.23ns
The critical path consists of the following:
	wire read on port 't_in' (r:/ci/prod/2020.2/rdi_builds/continuous/2020_11_18_3064766/src/shared/hls/clib/hlsmath/include/FloatingPoint\hls_tanh.h:57) [8]  (0 ns)
	'dadd' operation ('add', r:/ci/prod/2020.2/rdi_builds/continuous/2020_11_18_3064766/src/shared/hls/clib/hlsmath/include/FloatingPoint\hls_tanh.h:78) [69]  (8.23 ns)

 <State 2>: 7.41ns
The critical path consists of the following:
	'dcmp' operation ('tmp_5', r:/ci/prod/2020.2/rdi_builds/continuous/2020_11_18_3064766/src/shared/hls/clib/hlsmath/include/FloatingPoint\hls_tanh.h:80) [27]  (5.46 ns)
	multiplexor before 'phi' operation ('resultf') with incoming values : ('resultf', r:/ci/prod/2020.2/rdi_builds/continuous/2020_11_18_3064766/src/shared/hls/clib/hlsmath/include/FloatingPoint\hls_tanh.h:100) ('resultf', r:/ci/prod/2020.2/rdi_builds/continuous/2020_11_18_3064766/src/shared/hls/clib/hlsmath/include/FloatingPoint\hls_tanh.h:95) ('resultf', r:/ci/prod/2020.2/rdi_builds/continuous/2020_11_18_3064766/src/shared/hls/clib/hlsmath/include/FloatingPoint\hls_tanh.h:78) ('select_ln67', r:/ci/prod/2020.2/rdi_builds/continuous/2020_11_18_3064766/src/shared/hls/clib/hlsmath/include/FloatingPoint\hls_tanh.h:67) [77]  (1.95 ns)

 <State 3>: 8.23ns
The critical path consists of the following:
	'dsub' operation ('x', r:/ci/prod/2020.2/rdi_builds/continuous/2020_11_18_3064766/src/shared/hls/clib/hlsmath/include/FloatingPoint\hls_tanh.h:84) [33]  (8.23 ns)

 <State 4>: 8.23ns
The critical path consists of the following:
	'dsub' operation ('x', r:/ci/prod/2020.2/rdi_builds/continuous/2020_11_18_3064766/src/shared/hls/clib/hlsmath/include/FloatingPoint\hls_tanh.h:84) [33]  (8.23 ns)

 <State 5>: 8.23ns
The critical path consists of the following:
	'dsub' operation ('x', r:/ci/prod/2020.2/rdi_builds/continuous/2020_11_18_3064766/src/shared/hls/clib/hlsmath/include/FloatingPoint\hls_tanh.h:84) [33]  (8.23 ns)

 <State 6>: 8.23ns
The critical path consists of the following:
	'dsub' operation ('x', r:/ci/prod/2020.2/rdi_builds/continuous/2020_11_18_3064766/src/shared/hls/clib/hlsmath/include/FloatingPoint\hls_tanh.h:84) [33]  (8.23 ns)

 <State 7>: 14.2ns
The critical path consists of the following:
	'dsub' operation ('x', r:/ci/prod/2020.2/rdi_builds/continuous/2020_11_18_3064766/src/shared/hls/clib/hlsmath/include/FloatingPoint\hls_tanh.h:84) [33]  (8.23 ns)
	'select' operation ('x', r:/ci/prod/2020.2/rdi_builds/continuous/2020_11_18_3064766/src/shared/hls/clib/hlsmath/include/FloatingPoint\hls_tanh.h:83) [35]  (1.48 ns)
	'icmp' operation ('icmp_ln828_2') [42]  (1.88 ns)
	'xor' operation ('xor_ln10', r:/ci/prod/2020.2/rdi_builds/continuous/2020_11_18_3064766/src/shared/hls/clib/hlsmath/src/common/hls_exp_double.cpp:10) [43]  (0.978 ns)
	multiplexor before 'phi' operation ('dc') with incoming values : ('x', r:/ci/prod/2020.2/rdi_builds/continuous/2020_11_18_3064766/src/shared/hls/clib/hlsmath/include/FloatingPoint\hls_tanh.h:83) ('sub_i', r:/ci/prod/2020.2/rdi_builds/continuous/2020_11_18_3064766/src/shared/hls/clib/hlsmath/src/common/hls_exp_double.cpp:11) [55]  (1.59 ns)

 <State 8>: 13.4ns
The critical path consists of the following:
	'call' operation ('tmp', r:/ci/prod/2020.2/rdi_builds/continuous/2020_11_18_3064766/src/shared/hls/clib/hlsmath/src/common/hls_exp_double.cpp:11) to 'exp_generic<double>' [51]  (13.4 ns)

 <State 9>: 13.7ns
The critical path consists of the following:
	'call' operation ('tmp', r:/ci/prod/2020.2/rdi_builds/continuous/2020_11_18_3064766/src/shared/hls/clib/hlsmath/src/common/hls_exp_double.cpp:11) to 'exp_generic<double>' [51]  (13.7 ns)

 <State 10>: 13.7ns
The critical path consists of the following:
	'call' operation ('tmp', r:/ci/prod/2020.2/rdi_builds/continuous/2020_11_18_3064766/src/shared/hls/clib/hlsmath/src/common/hls_exp_double.cpp:11) to 'exp_generic<double>' [51]  (13.7 ns)

 <State 11>: 13.7ns
The critical path consists of the following:
	'call' operation ('tmp', r:/ci/prod/2020.2/rdi_builds/continuous/2020_11_18_3064766/src/shared/hls/clib/hlsmath/src/common/hls_exp_double.cpp:11) to 'exp_generic<double>' [51]  (13.7 ns)

 <State 12>: 13.7ns
The critical path consists of the following:
	'call' operation ('tmp', r:/ci/prod/2020.2/rdi_builds/continuous/2020_11_18_3064766/src/shared/hls/clib/hlsmath/src/common/hls_exp_double.cpp:11) to 'exp_generic<double>' [51]  (13.7 ns)

 <State 13>: 13.7ns
The critical path consists of the following:
	'call' operation ('tmp', r:/ci/prod/2020.2/rdi_builds/continuous/2020_11_18_3064766/src/shared/hls/clib/hlsmath/src/common/hls_exp_double.cpp:11) to 'exp_generic<double>' [51]  (13.7 ns)

 <State 14>: 13.7ns
The critical path consists of the following:
	'call' operation ('tmp', r:/ci/prod/2020.2/rdi_builds/continuous/2020_11_18_3064766/src/shared/hls/clib/hlsmath/src/common/hls_exp_double.cpp:11) to 'exp_generic<double>' [51]  (13.7 ns)

 <State 15>: 13.7ns
The critical path consists of the following:
	'call' operation ('tmp', r:/ci/prod/2020.2/rdi_builds/continuous/2020_11_18_3064766/src/shared/hls/clib/hlsmath/src/common/hls_exp_double.cpp:11) to 'exp_generic<double>' [51]  (13.7 ns)

 <State 16>: 13.7ns
The critical path consists of the following:
	'call' operation ('tmp', r:/ci/prod/2020.2/rdi_builds/continuous/2020_11_18_3064766/src/shared/hls/clib/hlsmath/src/common/hls_exp_double.cpp:11) to 'exp_generic<double>' [51]  (13.7 ns)

 <State 17>: 13.7ns
The critical path consists of the following:
	'call' operation ('tmp', r:/ci/prod/2020.2/rdi_builds/continuous/2020_11_18_3064766/src/shared/hls/clib/hlsmath/src/common/hls_exp_double.cpp:11) to 'exp_generic<double>' [51]  (13.7 ns)

 <State 18>: 13.7ns
The critical path consists of the following:
	'call' operation ('tmp', r:/ci/prod/2020.2/rdi_builds/continuous/2020_11_18_3064766/src/shared/hls/clib/hlsmath/src/common/hls_exp_double.cpp:11) to 'exp_generic<double>' [51]  (13.7 ns)

 <State 19>: 11.5ns
The critical path consists of the following:
	'call' operation ('tmp', r:/ci/prod/2020.2/rdi_builds/continuous/2020_11_18_3064766/src/shared/hls/clib/hlsmath/src/common/hls_exp_double.cpp:11) to 'exp_generic<double>' [51]  (11.5 ns)

 <State 20>: 8.23ns
The critical path consists of the following:
	'dadd' operation ('sub_i', r:/ci/prod/2020.2/rdi_builds/continuous/2020_11_18_3064766/src/shared/hls/clib/hlsmath/src/common/hls_exp_double.cpp:11) [52]  (8.23 ns)

 <State 21>: 8.23ns
The critical path consists of the following:
	'dadd' operation ('sub_i', r:/ci/prod/2020.2/rdi_builds/continuous/2020_11_18_3064766/src/shared/hls/clib/hlsmath/src/common/hls_exp_double.cpp:11) [52]  (8.23 ns)

 <State 22>: 8.23ns
The critical path consists of the following:
	'dadd' operation ('sub_i', r:/ci/prod/2020.2/rdi_builds/continuous/2020_11_18_3064766/src/shared/hls/clib/hlsmath/src/common/hls_exp_double.cpp:11) [52]  (8.23 ns)

 <State 23>: 8.23ns
The critical path consists of the following:
	'dadd' operation ('sub_i', r:/ci/prod/2020.2/rdi_builds/continuous/2020_11_18_3064766/src/shared/hls/clib/hlsmath/src/common/hls_exp_double.cpp:11) [52]  (8.23 ns)

 <State 24>: 8.23ns
The critical path consists of the following:
	'dadd' operation ('sub_i', r:/ci/prod/2020.2/rdi_builds/continuous/2020_11_18_3064766/src/shared/hls/clib/hlsmath/src/common/hls_exp_double.cpp:11) [52]  (8.23 ns)

 <State 25>: 8.23ns
The critical path consists of the following:
	'phi' operation ('dc') with incoming values : ('x', r:/ci/prod/2020.2/rdi_builds/continuous/2020_11_18_3064766/src/shared/hls/clib/hlsmath/include/FloatingPoint\hls_tanh.h:83) ('sub_i', r:/ci/prod/2020.2/rdi_builds/continuous/2020_11_18_3064766/src/shared/hls/clib/hlsmath/src/common/hls_exp_double.cpp:11) [55]  (0 ns)
	'dadd' operation ('add2', r:/ci/prod/2020.2/rdi_builds/continuous/2020_11_18_3064766/src/shared/hls/clib/hlsmath/include/FloatingPoint\hls_tanh.h:100) [56]  (8.23 ns)

 <State 26>: 8.23ns
The critical path consists of the following:
	'dadd' operation ('add2', r:/ci/prod/2020.2/rdi_builds/continuous/2020_11_18_3064766/src/shared/hls/clib/hlsmath/include/FloatingPoint\hls_tanh.h:100) [56]  (8.23 ns)

 <State 27>: 8.23ns
The critical path consists of the following:
	'dadd' operation ('add2', r:/ci/prod/2020.2/rdi_builds/continuous/2020_11_18_3064766/src/shared/hls/clib/hlsmath/include/FloatingPoint\hls_tanh.h:100) [56]  (8.23 ns)

 <State 28>: 8.23ns
The critical path consists of the following:
	'dadd' operation ('add2', r:/ci/prod/2020.2/rdi_builds/continuous/2020_11_18_3064766/src/shared/hls/clib/hlsmath/include/FloatingPoint\hls_tanh.h:100) [56]  (8.23 ns)

 <State 29>: 8.23ns
The critical path consists of the following:
	'dadd' operation ('add2', r:/ci/prod/2020.2/rdi_builds/continuous/2020_11_18_3064766/src/shared/hls/clib/hlsmath/include/FloatingPoint\hls_tanh.h:100) [56]  (8.23 ns)

 <State 30>: 12ns
The critical path consists of the following:
	'ddiv' operation ('div', r:/ci/prod/2020.2/rdi_builds/continuous/2020_11_18_3064766/src/shared/hls/clib/hlsmath/include/FloatingPoint\hls_tanh.h:100) [59]  (12 ns)

 <State 31>: 12ns
The critical path consists of the following:
	'ddiv' operation ('div', r:/ci/prod/2020.2/rdi_builds/continuous/2020_11_18_3064766/src/shared/hls/clib/hlsmath/include/FloatingPoint\hls_tanh.h:100) [59]  (12 ns)

 <State 32>: 12ns
The critical path consists of the following:
	'ddiv' operation ('div', r:/ci/prod/2020.2/rdi_builds/continuous/2020_11_18_3064766/src/shared/hls/clib/hlsmath/include/FloatingPoint\hls_tanh.h:100) [59]  (12 ns)

 <State 33>: 12ns
The critical path consists of the following:
	'ddiv' operation ('div', r:/ci/prod/2020.2/rdi_builds/continuous/2020_11_18_3064766/src/shared/hls/clib/hlsmath/include/FloatingPoint\hls_tanh.h:100) [59]  (12 ns)

 <State 34>: 12ns
The critical path consists of the following:
	'ddiv' operation ('div', r:/ci/prod/2020.2/rdi_builds/continuous/2020_11_18_3064766/src/shared/hls/clib/hlsmath/include/FloatingPoint\hls_tanh.h:100) [59]  (12 ns)

 <State 35>: 12ns
The critical path consists of the following:
	'ddiv' operation ('div', r:/ci/prod/2020.2/rdi_builds/continuous/2020_11_18_3064766/src/shared/hls/clib/hlsmath/include/FloatingPoint\hls_tanh.h:100) [59]  (12 ns)

 <State 36>: 12ns
The critical path consists of the following:
	'ddiv' operation ('div', r:/ci/prod/2020.2/rdi_builds/continuous/2020_11_18_3064766/src/shared/hls/clib/hlsmath/include/FloatingPoint\hls_tanh.h:100) [59]  (12 ns)

 <State 37>: 12ns
The critical path consists of the following:
	'ddiv' operation ('div', r:/ci/prod/2020.2/rdi_builds/continuous/2020_11_18_3064766/src/shared/hls/clib/hlsmath/include/FloatingPoint\hls_tanh.h:100) [59]  (12 ns)

 <State 38>: 12ns
The critical path consists of the following:
	'ddiv' operation ('div', r:/ci/prod/2020.2/rdi_builds/continuous/2020_11_18_3064766/src/shared/hls/clib/hlsmath/include/FloatingPoint\hls_tanh.h:100) [59]  (12 ns)

 <State 39>: 12ns
The critical path consists of the following:
	'ddiv' operation ('div', r:/ci/prod/2020.2/rdi_builds/continuous/2020_11_18_3064766/src/shared/hls/clib/hlsmath/include/FloatingPoint\hls_tanh.h:100) [59]  (12 ns)

 <State 40>: 12ns
The critical path consists of the following:
	'ddiv' operation ('div', r:/ci/prod/2020.2/rdi_builds/continuous/2020_11_18_3064766/src/shared/hls/clib/hlsmath/include/FloatingPoint\hls_tanh.h:100) [59]  (12 ns)

 <State 41>: 12ns
The critical path consists of the following:
	'ddiv' operation ('div', r:/ci/prod/2020.2/rdi_builds/continuous/2020_11_18_3064766/src/shared/hls/clib/hlsmath/include/FloatingPoint\hls_tanh.h:100) [59]  (12 ns)

 <State 42>: 12ns
The critical path consists of the following:
	'ddiv' operation ('div', r:/ci/prod/2020.2/rdi_builds/continuous/2020_11_18_3064766/src/shared/hls/clib/hlsmath/include/FloatingPoint\hls_tanh.h:100) [59]  (12 ns)

 <State 43>: 12ns
The critical path consists of the following:
	'ddiv' operation ('div', r:/ci/prod/2020.2/rdi_builds/continuous/2020_11_18_3064766/src/shared/hls/clib/hlsmath/include/FloatingPoint\hls_tanh.h:100) [59]  (12 ns)

 <State 44>: 12ns
The critical path consists of the following:
	'ddiv' operation ('div', r:/ci/prod/2020.2/rdi_builds/continuous/2020_11_18_3064766/src/shared/hls/clib/hlsmath/include/FloatingPoint\hls_tanh.h:100) [59]  (12 ns)

 <State 45>: 12ns
The critical path consists of the following:
	'ddiv' operation ('div', r:/ci/prod/2020.2/rdi_builds/continuous/2020_11_18_3064766/src/shared/hls/clib/hlsmath/include/FloatingPoint\hls_tanh.h:100) [59]  (12 ns)

 <State 46>: 12ns
The critical path consists of the following:
	'ddiv' operation ('div', r:/ci/prod/2020.2/rdi_builds/continuous/2020_11_18_3064766/src/shared/hls/clib/hlsmath/include/FloatingPoint\hls_tanh.h:100) [59]  (12 ns)

 <State 47>: 12ns
The critical path consists of the following:
	'ddiv' operation ('div', r:/ci/prod/2020.2/rdi_builds/continuous/2020_11_18_3064766/src/shared/hls/clib/hlsmath/include/FloatingPoint\hls_tanh.h:100) [59]  (12 ns)

 <State 48>: 12ns
The critical path consists of the following:
	'ddiv' operation ('div', r:/ci/prod/2020.2/rdi_builds/continuous/2020_11_18_3064766/src/shared/hls/clib/hlsmath/include/FloatingPoint\hls_tanh.h:100) [59]  (12 ns)

 <State 49>: 12ns
The critical path consists of the following:
	'ddiv' operation ('div', r:/ci/prod/2020.2/rdi_builds/continuous/2020_11_18_3064766/src/shared/hls/clib/hlsmath/include/FloatingPoint\hls_tanh.h:100) [59]  (12 ns)

 <State 50>: 12ns
The critical path consists of the following:
	'ddiv' operation ('div', r:/ci/prod/2020.2/rdi_builds/continuous/2020_11_18_3064766/src/shared/hls/clib/hlsmath/include/FloatingPoint\hls_tanh.h:100) [59]  (12 ns)

 <State 51>: 12ns
The critical path consists of the following:
	'ddiv' operation ('div', r:/ci/prod/2020.2/rdi_builds/continuous/2020_11_18_3064766/src/shared/hls/clib/hlsmath/include/FloatingPoint\hls_tanh.h:100) [59]  (12 ns)

 <State 52>: 8.23ns
The critical path consists of the following:
	'dsub' operation ('resultf', r:/ci/prod/2020.2/rdi_builds/continuous/2020_11_18_3064766/src/shared/hls/clib/hlsmath/include/FloatingPoint\hls_tanh.h:100) [60]  (8.23 ns)

 <State 53>: 8.23ns
The critical path consists of the following:
	'dsub' operation ('resultf', r:/ci/prod/2020.2/rdi_builds/continuous/2020_11_18_3064766/src/shared/hls/clib/hlsmath/include/FloatingPoint\hls_tanh.h:100) [60]  (8.23 ns)

 <State 54>: 8.23ns
The critical path consists of the following:
	'dsub' operation ('resultf', r:/ci/prod/2020.2/rdi_builds/continuous/2020_11_18_3064766/src/shared/hls/clib/hlsmath/include/FloatingPoint\hls_tanh.h:100) [60]  (8.23 ns)

 <State 55>: 8.23ns
The critical path consists of the following:
	'dsub' operation ('resultf', r:/ci/prod/2020.2/rdi_builds/continuous/2020_11_18_3064766/src/shared/hls/clib/hlsmath/include/FloatingPoint\hls_tanh.h:100) [60]  (8.23 ns)

 <State 56>: 11.7ns
The critical path consists of the following:
	'dsub' operation ('resultf', r:/ci/prod/2020.2/rdi_builds/continuous/2020_11_18_3064766/src/shared/hls/clib/hlsmath/include/FloatingPoint\hls_tanh.h:100) [60]  (8.23 ns)
	multiplexor before 'phi' operation ('resultf') with incoming values : ('resultf', r:/ci/prod/2020.2/rdi_builds/continuous/2020_11_18_3064766/src/shared/hls/clib/hlsmath/include/FloatingPoint\hls_tanh.h:100) ('resultf', r:/ci/prod/2020.2/rdi_builds/continuous/2020_11_18_3064766/src/shared/hls/clib/hlsmath/include/FloatingPoint\hls_tanh.h:95) ('resultf', r:/ci/prod/2020.2/rdi_builds/continuous/2020_11_18_3064766/src/shared/hls/clib/hlsmath/include/FloatingPoint\hls_tanh.h:78) ('select_ln67', r:/ci/prod/2020.2/rdi_builds/continuous/2020_11_18_3064766/src/shared/hls/clib/hlsmath/include/FloatingPoint\hls_tanh.h:67) [77]  (1.95 ns)
	'phi' operation ('resultf') with incoming values : ('resultf', r:/ci/prod/2020.2/rdi_builds/continuous/2020_11_18_3064766/src/shared/hls/clib/hlsmath/include/FloatingPoint\hls_tanh.h:100) ('resultf', r:/ci/prod/2020.2/rdi_builds/continuous/2020_11_18_3064766/src/shared/hls/clib/hlsmath/include/FloatingPoint\hls_tanh.h:95) ('resultf', r:/ci/prod/2020.2/rdi_builds/continuous/2020_11_18_3064766/src/shared/hls/clib/hlsmath/include/FloatingPoint\hls_tanh.h:78) ('select_ln67', r:/ci/prod/2020.2/rdi_builds/continuous/2020_11_18_3064766/src/shared/hls/clib/hlsmath/include/FloatingPoint\hls_tanh.h:67) [77]  (0 ns)
	'select' operation ('select_ln108', r:/ci/prod/2020.2/rdi_builds/continuous/2020_11_18_3064766/src/shared/hls/clib/hlsmath/include/FloatingPoint\hls_tanh.h:108) [81]  (1.48 ns)

 <State 57>: 13ns
The critical path consists of the following:
	'xor' operation ('xor_ln95', r:/ci/prod/2020.2/rdi_builds/continuous/2020_11_18_3064766/src/shared/hls/clib/hlsmath/include/FloatingPoint\hls_tanh.h:95) [64]  (0.99 ns)
	'ddiv' operation ('resultf', r:/ci/prod/2020.2/rdi_builds/continuous/2020_11_18_3064766/src/shared/hls/clib/hlsmath/include/FloatingPoint\hls_tanh.h:95) [66]  (12 ns)

 <State 58>: 12ns
The critical path consists of the following:
	'ddiv' operation ('resultf', r:/ci/prod/2020.2/rdi_builds/continuous/2020_11_18_3064766/src/shared/hls/clib/hlsmath/include/FloatingPoint\hls_tanh.h:95) [66]  (12 ns)

 <State 59>: 12ns
The critical path consists of the following:
	'ddiv' operation ('resultf', r:/ci/prod/2020.2/rdi_builds/continuous/2020_11_18_3064766/src/shared/hls/clib/hlsmath/include/FloatingPoint\hls_tanh.h:95) [66]  (12 ns)

 <State 60>: 12ns
The critical path consists of the following:
	'ddiv' operation ('resultf', r:/ci/prod/2020.2/rdi_builds/continuous/2020_11_18_3064766/src/shared/hls/clib/hlsmath/include/FloatingPoint\hls_tanh.h:95) [66]  (12 ns)

 <State 61>: 12ns
The critical path consists of the following:
	'ddiv' operation ('resultf', r:/ci/prod/2020.2/rdi_builds/continuous/2020_11_18_3064766/src/shared/hls/clib/hlsmath/include/FloatingPoint\hls_tanh.h:95) [66]  (12 ns)

 <State 62>: 12ns
The critical path consists of the following:
	'ddiv' operation ('resultf', r:/ci/prod/2020.2/rdi_builds/continuous/2020_11_18_3064766/src/shared/hls/clib/hlsmath/include/FloatingPoint\hls_tanh.h:95) [66]  (12 ns)

 <State 63>: 12ns
The critical path consists of the following:
	'ddiv' operation ('resultf', r:/ci/prod/2020.2/rdi_builds/continuous/2020_11_18_3064766/src/shared/hls/clib/hlsmath/include/FloatingPoint\hls_tanh.h:95) [66]  (12 ns)

 <State 64>: 12ns
The critical path consists of the following:
	'ddiv' operation ('resultf', r:/ci/prod/2020.2/rdi_builds/continuous/2020_11_18_3064766/src/shared/hls/clib/hlsmath/include/FloatingPoint\hls_tanh.h:95) [66]  (12 ns)

 <State 65>: 12ns
The critical path consists of the following:
	'ddiv' operation ('resultf', r:/ci/prod/2020.2/rdi_builds/continuous/2020_11_18_3064766/src/shared/hls/clib/hlsmath/include/FloatingPoint\hls_tanh.h:95) [66]  (12 ns)

 <State 66>: 12ns
The critical path consists of the following:
	'ddiv' operation ('resultf', r:/ci/prod/2020.2/rdi_builds/continuous/2020_11_18_3064766/src/shared/hls/clib/hlsmath/include/FloatingPoint\hls_tanh.h:95) [66]  (12 ns)

 <State 67>: 12ns
The critical path consists of the following:
	'ddiv' operation ('resultf', r:/ci/prod/2020.2/rdi_builds/continuous/2020_11_18_3064766/src/shared/hls/clib/hlsmath/include/FloatingPoint\hls_tanh.h:95) [66]  (12 ns)

 <State 68>: 12ns
The critical path consists of the following:
	'ddiv' operation ('resultf', r:/ci/prod/2020.2/rdi_builds/continuous/2020_11_18_3064766/src/shared/hls/clib/hlsmath/include/FloatingPoint\hls_tanh.h:95) [66]  (12 ns)

 <State 69>: 12ns
The critical path consists of the following:
	'ddiv' operation ('resultf', r:/ci/prod/2020.2/rdi_builds/continuous/2020_11_18_3064766/src/shared/hls/clib/hlsmath/include/FloatingPoint\hls_tanh.h:95) [66]  (12 ns)

 <State 70>: 12ns
The critical path consists of the following:
	'ddiv' operation ('resultf', r:/ci/prod/2020.2/rdi_builds/continuous/2020_11_18_3064766/src/shared/hls/clib/hlsmath/include/FloatingPoint\hls_tanh.h:95) [66]  (12 ns)

 <State 71>: 12ns
The critical path consists of the following:
	'ddiv' operation ('resultf', r:/ci/prod/2020.2/rdi_builds/continuous/2020_11_18_3064766/src/shared/hls/clib/hlsmath/include/FloatingPoint\hls_tanh.h:95) [66]  (12 ns)

 <State 72>: 12ns
The critical path consists of the following:
	'ddiv' operation ('resultf', r:/ci/prod/2020.2/rdi_builds/continuous/2020_11_18_3064766/src/shared/hls/clib/hlsmath/include/FloatingPoint\hls_tanh.h:95) [66]  (12 ns)

 <State 73>: 12ns
The critical path consists of the following:
	'ddiv' operation ('resultf', r:/ci/prod/2020.2/rdi_builds/continuous/2020_11_18_3064766/src/shared/hls/clib/hlsmath/include/FloatingPoint\hls_tanh.h:95) [66]  (12 ns)

 <State 74>: 12ns
The critical path consists of the following:
	'ddiv' operation ('resultf', r:/ci/prod/2020.2/rdi_builds/continuous/2020_11_18_3064766/src/shared/hls/clib/hlsmath/include/FloatingPoint\hls_tanh.h:95) [66]  (12 ns)

 <State 75>: 12ns
The critical path consists of the following:
	'ddiv' operation ('resultf', r:/ci/prod/2020.2/rdi_builds/continuous/2020_11_18_3064766/src/shared/hls/clib/hlsmath/include/FloatingPoint\hls_tanh.h:95) [66]  (12 ns)

 <State 76>: 12ns
The critical path consists of the following:
	'ddiv' operation ('resultf', r:/ci/prod/2020.2/rdi_builds/continuous/2020_11_18_3064766/src/shared/hls/clib/hlsmath/include/FloatingPoint\hls_tanh.h:95) [66]  (12 ns)

 <State 77>: 12ns
The critical path consists of the following:
	'ddiv' operation ('resultf', r:/ci/prod/2020.2/rdi_builds/continuous/2020_11_18_3064766/src/shared/hls/clib/hlsmath/include/FloatingPoint\hls_tanh.h:95) [66]  (12 ns)

 <State 78>: 12ns
The critical path consists of the following:
	'ddiv' operation ('resultf', r:/ci/prod/2020.2/rdi_builds/continuous/2020_11_18_3064766/src/shared/hls/clib/hlsmath/include/FloatingPoint\hls_tanh.h:95) [66]  (12 ns)

 <State 79>: 8.23ns
The critical path consists of the following:
	'dadd' operation ('add', r:/ci/prod/2020.2/rdi_builds/continuous/2020_11_18_3064766/src/shared/hls/clib/hlsmath/include/FloatingPoint\hls_tanh.h:78) [69]  (8.23 ns)

 <State 80>: 8.23ns
The critical path consists of the following:
	'dadd' operation ('add', r:/ci/prod/2020.2/rdi_builds/continuous/2020_11_18_3064766/src/shared/hls/clib/hlsmath/include/FloatingPoint\hls_tanh.h:78) [69]  (8.23 ns)

 <State 81>: 8.23ns
The critical path consists of the following:
	'dadd' operation ('add', r:/ci/prod/2020.2/rdi_builds/continuous/2020_11_18_3064766/src/shared/hls/clib/hlsmath/include/FloatingPoint\hls_tanh.h:78) [69]  (8.23 ns)

 <State 82>: 8.23ns
The critical path consists of the following:
	'dadd' operation ('add', r:/ci/prod/2020.2/rdi_builds/continuous/2020_11_18_3064766/src/shared/hls/clib/hlsmath/include/FloatingPoint\hls_tanh.h:78) [69]  (8.23 ns)

 <State 83>: 14ns
The critical path consists of the following:
	'dmul' operation ('resultf', r:/ci/prod/2020.2/rdi_builds/continuous/2020_11_18_3064766/src/shared/hls/clib/hlsmath/include/FloatingPoint\hls_tanh.h:78) [70]  (14 ns)

 <State 84>: 14ns
The critical path consists of the following:
	'dmul' operation ('resultf', r:/ci/prod/2020.2/rdi_builds/continuous/2020_11_18_3064766/src/shared/hls/clib/hlsmath/include/FloatingPoint\hls_tanh.h:78) [70]  (14 ns)

 <State 85>: 14ns
The critical path consists of the following:
	'dmul' operation ('resultf', r:/ci/prod/2020.2/rdi_builds/continuous/2020_11_18_3064766/src/shared/hls/clib/hlsmath/include/FloatingPoint\hls_tanh.h:78) [70]  (14 ns)

 <State 86>: 14ns
The critical path consists of the following:
	'dmul' operation ('resultf', r:/ci/prod/2020.2/rdi_builds/continuous/2020_11_18_3064766/src/shared/hls/clib/hlsmath/include/FloatingPoint\hls_tanh.h:78) [70]  (14 ns)

 <State 87>: 1.95ns
The critical path consists of the following:
	multiplexor before 'phi' operation ('resultf') with incoming values : ('resultf', r:/ci/prod/2020.2/rdi_builds/continuous/2020_11_18_3064766/src/shared/hls/clib/hlsmath/include/FloatingPoint\hls_tanh.h:100) ('resultf', r:/ci/prod/2020.2/rdi_builds/continuous/2020_11_18_3064766/src/shared/hls/clib/hlsmath/include/FloatingPoint\hls_tanh.h:95) ('resultf', r:/ci/prod/2020.2/rdi_builds/continuous/2020_11_18_3064766/src/shared/hls/clib/hlsmath/include/FloatingPoint\hls_tanh.h:78) ('select_ln67', r:/ci/prod/2020.2/rdi_builds/continuous/2020_11_18_3064766/src/shared/hls/clib/hlsmath/include/FloatingPoint\hls_tanh.h:67) [77]  (1.95 ns)

 <State 88>: 0ns
The critical path consists of the following:

 <State 89>: 0ns
The critical path consists of the following:

 <State 90>: 0ns
The critical path consists of the following:

 <State 91>: 0ns
The critical path consists of the following:

 <State 92>: 0ns
The critical path consists of the following:

 <State 93>: 0ns
The critical path consists of the following:

 <State 94>: 0ns
The critical path consists of the following:

 <State 95>: 0ns
The critical path consists of the following:

 <State 96>: 0ns
The critical path consists of the following:

 <State 97>: 0ns
The critical path consists of the following:

 <State 98>: 0ns
The critical path consists of the following:

 <State 99>: 0ns
The critical path consists of the following:

 <State 100>: 0ns
The critical path consists of the following:

 <State 101>: 0ns
The critical path consists of the following:

 <State 102>: 0ns
The critical path consists of the following:

 <State 103>: 0ns
The critical path consists of the following:

 <State 104>: 0ns
The critical path consists of the following:

 <State 105>: 0ns
The critical path consists of the following:

 <State 106>: 0ns
The critical path consists of the following:

 <State 107>: 0ns
The critical path consists of the following:

 <State 108>: 0ns
The critical path consists of the following:

 <State 109>: 0ns
The critical path consists of the following:

 <State 110>: 0ns
The critical path consists of the following:

 <State 111>: 0ns
The critical path consists of the following:

 <State 112>: 0ns
The critical path consists of the following:

 <State 113>: 0ns
The critical path consists of the following:

 <State 114>: 0ns
The critical path consists of the following:

 <State 115>: 0ns
The critical path consists of the following:

 <State 116>: 0ns
The critical path consists of the following:

 <State 117>: 0ns
The critical path consists of the following:

 <State 118>: 0ns
The critical path consists of the following:

 <State 119>: 0ns
The critical path consists of the following:

 <State 120>: 0ns
The critical path consists of the following:

 <State 121>: 0ns
The critical path consists of the following:

 <State 122>: 0ns
The critical path consists of the following:

 <State 123>: 0ns
The critical path consists of the following:

 <State 124>: 0ns
The critical path consists of the following:

 <State 125>: 0ns
The critical path consists of the following:

 <State 126>: 0ns
The critical path consists of the following:

 <State 127>: 0ns
The critical path consists of the following:

 <State 128>: 0ns
The critical path consists of the following:

 <State 129>: 0ns
The critical path consists of the following:

 <State 130>: 0ns
The critical path consists of the following:

 <State 131>: 0ns
The critical path consists of the following:

 <State 132>: 0ns
The critical path consists of the following:

 <State 133>: 0ns
The critical path consists of the following:

 <State 134>: 0ns
The critical path consists of the following:

 <State 135>: 0ns
The critical path consists of the following:

 <State 136>: 0ns
The critical path consists of the following:

 <State 137>: 0ns
The critical path consists of the following:

 <State 138>: 0ns
The critical path consists of the following:

 <State 139>: 0ns
The critical path consists of the following:

 <State 140>: 0ns
The critical path consists of the following:

 <State 141>: 1.95ns
The critical path consists of the following:
	multiplexor before 'phi' operation ('resultf') with incoming values : ('resultf', r:/ci/prod/2020.2/rdi_builds/continuous/2020_11_18_3064766/src/shared/hls/clib/hlsmath/include/FloatingPoint\hls_tanh.h:100) ('resultf', r:/ci/prod/2020.2/rdi_builds/continuous/2020_11_18_3064766/src/shared/hls/clib/hlsmath/include/FloatingPoint\hls_tanh.h:95) ('resultf', r:/ci/prod/2020.2/rdi_builds/continuous/2020_11_18_3064766/src/shared/hls/clib/hlsmath/include/FloatingPoint\hls_tanh.h:78) ('select_ln67', r:/ci/prod/2020.2/rdi_builds/continuous/2020_11_18_3064766/src/shared/hls/clib/hlsmath/include/FloatingPoint\hls_tanh.h:67) [77]  (1.95 ns)


============================================================
+ Verbose Summary: Binding
============================================================
N/A
* FSMD analyzer results:
  - Output states:
 - Input state : 
  - Chain level:
	State 1
	State 2
	State 3
	State 4
	State 5
	State 6
	State 7
	State 8
	State 9
	State 10
	State 11
	State 12
	State 13
	State 14
	State 15
	State 16
	State 17
	State 18
	State 19
	State 20
	State 21
	State 22
	State 23
	State 24
	State 25
	State 26
	State 27
	State 28
	State 29
	State 30
	State 31
	State 32
	State 33
	State 34
	State 35
	State 36
	State 37
	State 38
	State 39
	State 40
	State 41
	State 42
	State 43
	State 44
	State 45
	State 46
	State 47
	State 48
	State 49
	State 50
	State 51
	State 52
	State 53
	State 54
	State 55
	State 56
	State 57
	State 58
	State 59
	State 60
	State 61
	State 62
	State 63
	State 64
	State 65
	State 66
	State 67
	State 68
	State 69
	State 70
	State 71
	State 72
	State 73
	State 74
	State 75
	State 76
	State 77
	State 78
	State 79
	State 80
	State 81
	State 82
	State 83
	State 84
	State 85
	State 86
	State 87
	State 88
	State 89
	State 90
	State 91
	State 92
	State 93
	State 94
	State 95
	State 96
	State 97
	State 98
	State 99
	State 100
	State 101
	State 102
	State 103
	State 104
	State 105
	State 106
	State 107
	State 108
	State 109
	State 110
	State 111
	State 112
	State 113
	State 114
	State 115
	State 116
	State 117
	State 118
	State 119
	State 120
	State 121
	State 122
	State 123
	State 124
	State 125
	State 126
	State 127
	State 128
	State 129
	State 130
	State 131
	State 132
	State 133
	State 134
	State 135
	State 136
	State 137
	State 138
	State 139
	State 140
	State 141


============================================================
+ Verbose Summary: Datapath Resource usage 
============================================================
N/A
